1, 264972, 1, 131072
2, 413056, 1, 131072
179, 740, 0, 131072
327, 882, 0, 131072
526, 658, 0, 131072
887, 363, 0, 131072
1325, 299, 1, 131072
1325, 289990, 1, 131072
1469, 911, 0, 131072
2197, 180, 1, 131072
2319, 1070, 0, 131072
2399, 1644, 0, 131072
2482, 1585, 0, 131072
3193, 184, 1, 131072
3316, 1062, 0, 131072
3518, 650, 1, 131072
3675, 836, 0, 131072
4176, 261, 1, 131072
4886, 184, 1, 131072
5002, 1134, 0, 131072
5097, 1376, 0, 131072
5199, 1280, 0, 131072
5316, 1127, 0, 131072
5515, 659, 1, 131072
5725, 623, 1, 131072
5825, 1313, 0, 131072
5896, 1836, 0, 131072
5990, 1399, 1, 131072
6198, 629, 0, 131072
6492, 446, 1, 131072
6603, 1176, 0, 131072
6643, 3251, 1, 131072
6778, 970, 0, 131072
6905, 1032, 0, 131072
7176, 485, 1, 131072
7401, 581, 1, 131072
7538, 953, 0, 131072
7693, 845, 1, 131072
7818, 1047, 0, 131072
8087, 487, 1, 131072
8127, 3274, 1, 131072
8247, 1094, 0, 131072
8830, 224, 1, 131072
8991, 814, 0, 131072
9125, 972, 0, 131072
9214, 1488, 0, 131072
9285, 1822, 0, 131072
9617, 394, 1, 131072
9718, 1303, 0, 131072
9860, 920, 0, 131072
10184, 404, 1, 131072
10309, 1055, 0, 131072
10844, 244, 0, 131072
11187, 382, 0, 131072
11680, 265, 1, 131072
11680, 882835, 1, 131072
11680, 1006025, 1, 131072
11682, 99761, 1, 131072
11742, 2181, 1, 131072
11857, 1143, 0, 131072
11990, 978, 0, 131072
12238, 528, 0, 131072
12324, 1528, 0, 131072
12434, 1188, 0, 131072
12541, 1231, 0, 131072
12665, 1059, 0, 131072
12665, 574426, 0, 131072
12760, 1381, 0, 131072
12868, 1206, 0, 131072
12943, 1747, 0, 131072
12982, 3362, 0, 131072
13598, 213, 1, 131072
13756, 826, 0, 131072
14005, 527, 1, 131072
14152, 891, 0, 131072
14585, 302, 1, 131072
14586, 1253629, 1, 131072
14661, 1734, 0, 131072
14792, 998, 0, 131072
15157, 359, 1, 131072
15625, 280, 1, 131072
15669, 2998, 0, 131072
16106, 299, 1, 131072
16260, 849, 0, 131072
16344, 1577, 0, 131072
16467, 1059, 0, 131072
16846, 346, 1, 131072
16846, 500796, 1, 131072
17114, 489, 0, 131072
17177, 2061, 0, 131072
17373, 668, 1, 131072
17669, 443, 1, 131072
17766, 1357, 0, 131072
17878, 1162, 1, 131072
18014, 966, 0, 131072
18152, 948, 0, 131072
18152, 1232412, 1, 131072
18391, 548, 1, 131072
18449, 2257, 1, 131072
18565, 1135, 0, 131072
18686, 1077, 0, 131072
18817, 1002, 0, 131072
18972, 845, 0, 131072
19191, 599, 1, 131072
19274, 1584, 1, 131072
19328, 2402, 1, 131072
19493, 798, 1, 131072
19493, 1099560, 1, 131072
19686, 679, 0, 131072
19828, 918, 0, 131072
20230, 326, 1, 131072
20598, 355, 1, 131072
20726, 1029, 0, 131072
20794, 1928, 0, 131072
21321, 248, 1, 131072
21737, 315, 0, 131072
21898, 817, 0, 131072
22308, 319, 1, 131072
22349, 3245, 1, 131072
22501, 863, 0, 131072
22658, 833, 0, 131072
22709, 2546, 0, 131072
22900, 689, 1, 131072
22990, 1447, 0, 131072
23679, 190, 1, 131072
23806, 1025, 0, 131072
24060, 517, 0, 131072
24146, 1519, 0, 131072
24352, 635, 1, 131072
24540, 698, 1, 131072
25384, 155, 1, 131072
25473, 1478, 1, 131072
26280, 162, 1, 131072
26338, 2250, 1, 131072
26572, 558, 1, 131072
26633, 2174, 1, 131072
26768, 969, 0, 131072
26870, 1285, 0, 131072
27016, 898, 0, 131072
27704, 190, 1, 131072
27824, 1091, 0, 131072
27920, 1357, 0, 131072
28063, 919, 0, 131072
28233, 768, 1, 131072
28394, 813, 1, 131072
28517, 1069, 0, 131072
28701, 711, 0, 131072
29048, 377, 0, 131072
29328, 467, 1, 131072
29489, 813, 0, 131072
29635, 900, 0, 131072
30070, 301, 1, 131072
30180, 1192, 0, 131072
30253, 1795, 0, 131072
30323, 1861, 0, 131072
30922, 218, 1, 131072
31054, 994, 0, 131072
31218, 795, 1, 131072
31268, 2673, 1, 131072
31458, 687, 0, 131072
31565, 1223, 0, 131072
31818, 518, 1, 131072
31913, 1381, 0, 131072
32002, 1469, 0, 131072
32349, 378, 1, 131072
32387, 3368, 0, 131072
32731, 381, 1, 131072
32731, 1092567, 1, 131072
32855, 1061, 0, 131072
32955, 1300, 0, 131072
33120, 798, 1, 131072
33174, 2400, 0, 131072
33291, 1124, 0, 131072
33606, 415, 1, 131072
33730, 1056, 0, 131072
33830, 1317, 0, 131072
33981, 865, 1, 131072
34158, 744, 0, 131072
34420, 498, 1, 131072
34421, 190945, 1, 131072
34421, 1134665, 1, 131072
34936, 254, 0, 131072
35255, 410, 0, 131072
35375, 1092, 0, 131072
35530, 844, 0, 131072
35642, 1179, 1, 131072
35809, 782, 0, 131072
35910, 1305, 0, 131072
35947, 3482, 0, 131072
35982, 3744, 1, 131072
36283, 436, 1, 131072
36368, 1538, 0, 131072
36753, 340, 1, 131072
36790, 3503, 1, 131072
36898, 1212, 0, 131072
36965, 1952, 0, 131072
37184, 599, 1, 131072
37184, 404618, 1, 131072
37334, 877, 0, 131072
37569, 556, 1, 131072
37780, 623, 1, 131072
37841, 2148, 0, 131072
38252, 318, 1, 131072
38375, 1072, 0, 131072
38442, 1952, 0, 131072
38456, 9068, 0, 131072
38563, 1228, 0, 131072
38707, 908, 0, 131072
38772, 2025, 0, 131072
38875, 1269, 0, 131072
38998, 1065, 1, 131072
39296, 440, 1, 131072
39403, 1219, 0, 131072
39575, 762, 0, 131072
39773, 662, 0, 131072
39891, 1106, 0, 131072
40364, 277, 1, 131072
40476, 1168, 0, 131072
40558, 1595, 0, 131072
40710, 864, 0, 131072
40737, 4847, 1, 131072
40737, 1364082, 1, 131072
41555, 160, 0, 131072
41637, 1591, 0, 131072
41711, 1769, 0, 131072
41930, 598, 0, 131072
42242, 420, 0, 131072
42353, 1183, 0, 131072
42517, 796, 1, 131072
42566, 2699, 1, 131072
42566, 1060032, 1, 131072
42698, 995, 0, 131072
42779, 1610, 0, 131072
42909, 1012, 1, 131072
42958, 2628, 1, 131072
43063, 1254, 0, 131072
43089, 4953, 0, 131072
43194, 1247, 1, 131072
43428, 561, 1, 131072
43557, 1015, 0, 131072
43657, 1311, 0, 131072
43728, 1845, 0, 131072
43961, 562, 1, 131072
44246, 459, 1, 131072
44309, 2095, 1, 131072
44309, 216935, 1, 131072
44438, 1021, 0, 131072
44438, 458762, 0, 131072
44440, 59721, 1, 131072
44440, 1277928, 1, 131072
45033, 221, 1, 131072
45033, 1203223, 1, 131072
45033, 1175333, 1, 131072
45188, 848, 0, 131072
45271, 1567, 1, 131072
45391, 1095, 0, 131072
45748, 366, 1, 131072
46039, 451, 0, 131072
46160, 1080, 0, 131072
46887, 180, 1, 131072
47019, 994, 0, 131072
47432, 316, 1, 131072
47524, 1437, 0, 131072
47544, 6565, 0, 131072
47660, 1123, 0, 131072
47776, 1135, 1, 131072
47857, 1622, 0, 131072
47949, 1417, 0, 131072
48180, 568, 0, 131072
48856, 193, 1, 131072
49463, 215, 1, 131072
49680, 605, 1, 131072
49853, 758, 1, 131072
50140, 456, 1, 131072
50199, 2233, 0, 131072
50292, 1409, 0, 131072
50452, 816, 1, 131072
50744, 448, 0, 131072
50968, 587, 0, 131072
51000, 4060, 1, 131072
53147, 61, 0, 131072
53302, 841, 0, 131072
53467, 797, 0, 131072
54194, 180, 0, 131072
54316, 1075, 1, 131072
54316, 757983, 1, 131072
54595, 470, 0, 131072
54780, 708, 1, 131072
54869, 1461, 0, 131072
55034, 797, 1, 131072
55149, 1133, 0, 131072
55408, 507, 1, 131072
55459, 2548, 1, 131072
55684, 582, 1, 131072
55736, 2548, 1, 131072
56622, 147, 1, 131072
56622, 950148, 1, 131072
56675, 2446, 0, 131072
56849, 756, 1, 131072
56966, 1119, 1, 131072
57001, 3756, 1, 131072
57343, 382, 1, 131072
57343, 999618, 1, 131072
57455, 1175, 0, 131072
57564, 1204, 0, 131072
57755, 685, 1, 131072
57882, 1032, 0, 131072
58116, 558, 1, 131072
58228, 1177, 0, 131072
58308, 1623, 0, 131072
58380, 1831, 0, 131072
58382, 58797, 0, 131072
58541, 825, 1, 131072
58639, 1334, 0, 131072
58790, 870, 1, 131072
58790, 1022745, 1, 131072
58790, 923608, 1, 131072
58790, 936068, 1, 131072
60022, 106, 0, 131072
