57, 139575, 1, 131072
57, 119246, 1, 131072
57, 112969, 1, 131072
57, 93641, 1, 131072
57, 98983, 1, 131072
57, 95001, 1, 131072
57, 174199, 1, 131072
118, 60430997, 1, 131072
230, 112294694, 1, 131072
439, 208969515, 1, 131072
439, 93436, 1, 131072
439, 95580, 1, 131072
439, 104771, 1, 131072
440, 145845, 1, 131072
440, 81120, 1, 131072
440, 71160, 1, 131072
440, 70787, 1, 131072
440, 75210, 1, 131072
440, 66482, 1, 131072
440, 67142, 1, 131072
440, 67816, 1, 131072
440, 67937, 1, 131072
440, 71753, 1, 131072
440, 72565, 1, 131072
440, 64977, 1, 131072
440, 66178, 1, 131072
441, 62235, 1, 131072
441, 67678, 1, 131072
441, 73269, 1, 131072
441, 65789, 1, 131072
441, 64747, 1, 131072
441, 60228, 1, 131072
441, 77134, 1, 131072
441, 67526, 1, 131072
441, 62161, 1, 131072
441, 64102, 1, 131072
441, 61982, 1, 131072
441, 64432, 1, 131072
442, 219354, 1, 131072
442, 147322, 1, 131072
442, 66028, 1, 131072
442, 74781, 1, 131072
442, 62995, 1, 131072
442, 62426, 1, 131072
442, 62034, 1, 131072
442, 64084, 1, 131072
442, 63957, 1, 131072
442, 63395, 1, 131072
442, 64190, 1, 131072
442, 64542, 1, 131072
442, 64067, 1, 131072
442, 76404, 1, 131072
443, 65914, 1, 131072
443, 63693, 1, 131072
443, 77591, 1, 131072
443, 71379, 1, 131072
443, 65483, 1, 131072
443, 67938, 1, 131072
443, 139587, 1, 131072
443, 65366, 1, 131072
443, 66066, 1, 131072
443, 67536, 1, 131072
443, 64732, 1, 131072
443, 66376, 1, 131072
443, 64284, 1, 131072
444, 66107, 1, 131072
444, 66683, 1, 131072
444, 66574, 1, 131072
444, 69412, 1, 131072
444, 70182, 1, 131072
449, 5150787, 1, 131072
449, 271628, 1, 131072
451, 2245504, 1, 131072
603, 151114024, 1, 131072
603, 184982, 1, 131072
603, 592465, 1, 131072
603, 69359, 1, 131072
604, 65436, 1, 131072
604, 64068, 1, 131072
604, 66822, 1, 131072
604, 67023, 1, 131072
604, 65878, 1, 131072
604, 68052, 1, 131072
604, 62562, 1, 131072
604, 67548, 1, 131072
604, 335407, 1, 131072
604, 66600, 1, 131072
606, 1924379, 1, 131072
607, 237554, 1, 131072
607, 129401, 1, 131072
607, 63460, 1, 131072
607, 61758, 1, 131072
607, 64388, 1, 131072
607, 64512, 1, 131072
607, 61244, 1, 131072
607, 64600, 1, 131072
607, 62717, 1, 131072
607, 75980, 1, 131072
607, 76754, 1, 131072
607, 154782, 1, 131072
608, 79913, 1, 131072
608, 165230, 1, 131072
608, 76704, 1, 131072
608, 74640, 1, 131072
608, 98292, 1, 131072
608, 78184, 1, 131072
608, 79409, 1, 131072
608, 84648, 1, 131072
608, 248128, 1, 131072
609, 80252, 1, 131072
609, 76573, 1, 131072
609, 75574, 1, 131072
610, 872953, 1, 131072
610, 86810, 1, 131072
610, 103344, 1, 131072
610, 80414, 1, 131072
610, 74139, 1, 131072
610, 80442, 1, 131072
610, 75358, 1, 131072
610, 157370, 1, 131072
610, 83296, 1, 131072
611, 870733, 1, 131072
618, 7126246, 1, 131072
618, 104000, 1, 131072
619, 134208, 1, 131072
619, 105414, 1, 131072
619, 108142, 1, 131072
619, 87652, 1, 131072
619, 135716, 1, 131072
619, 91595, 1, 131072
619, 90912, 1, 131072
619, 92708, 1, 131072
619, 99248, 1, 131072
619, 99311, 1, 131072
620, 85394, 1, 131072
620, 88343, 1, 131072
620, 113121, 1, 131072
620, 113232, 1, 131072
620, 90297, 1, 131072
620, 100409, 1, 131072
623, 2790408, 1, 131072
623, 98338, 1, 131072
623, 95627, 1, 131072
623, 103014, 1, 131072
623, 90866, 1, 131072
623, 90073, 1, 131072
623, 95198, 1, 131072
624, 97712, 1, 131072
624, 93862, 1, 131072
624, 93245, 1, 131072
624, 93041, 1, 131072
624, 92673, 1, 131072
624, 90817, 1, 131072
624, 87994, 1, 131072
624, 92902, 1, 131072
624, 88681, 1, 131072
624, 93719, 1, 131072
625, 90153, 1, 131072
625, 90105, 1, 131072
625, 93408, 1, 131072
625, 89005, 1, 131072
625, 116046, 1, 131072
625, 94034, 1, 131072
625, 92256, 1, 131072
625, 90310, 1, 131072
625, 93493, 1, 131072
625, 93854, 1, 131072
625, 91730, 1, 131072
626, 91723, 1, 131072
626, 90512, 1, 131072
626, 91652, 1, 131072
626, 90594, 1, 131072
626, 92277, 1, 131072
626, 94103, 1, 131072
626, 93583, 1, 131072
626, 99030, 1, 131072
626, 96430, 1, 131072
626, 90269, 1, 131072
627, 93407, 1, 131072
627, 92003, 1, 131072
627, 101082, 1, 131072
627, 270307, 1, 131072
1172, 545269607, 1, 131072
1172, 129085, 1, 131072
1173, 123320, 1, 131072
1173, 116199, 1, 131072
1173, 109221, 1, 131072
1173, 163157, 1, 131072
1173, 119259, 1, 131072
1173, 165333, 1, 131072
1173, 97958, 1, 131072
1173, 120500, 1, 131072
1174, 93477, 1, 131072
1174, 108839, 1, 131072
1174, 88991, 1, 131072
1174, 87032, 1, 131072
1174, 86664, 1, 131072
1174, 84627, 1, 131072
1174, 99789, 1, 131072
1174, 84678, 1, 131072
1174, 82954, 1, 131072
1174, 99974, 1, 131072
1174, 84770, 1, 131072
1175, 83928, 1, 131072
1175, 84428, 1, 131072
1175, 85082, 1, 131072
1175, 83888, 1, 131072
1175, 86736, 1, 131072
1175, 83949, 1, 131072
1175, 86400, 1, 131072
1175, 83899, 1, 131072
1175, 84759, 1, 131072
1175, 84288, 1, 131072
1175, 84292, 1, 131072
1175, 84443, 1, 131072
1176, 83389, 1, 131072
1176, 102600, 1, 131072
1176, 84567, 1, 131072
1177, 904673, 1, 131072
1314, 137243314, 1, 131072
1314, 111520, 1, 131072
1989, 674959890, 1, 131072
2044, 55368545, 1, 131072
2245, 201053863, 1, 131072
2317, 71452013, 1, 131072
2317, 182123, 1, 131072
2317, 160360, 1, 131072
2317, 158237, 1, 131072
2318, 159024, 1, 131072
2541, 223004044, 1, 131072
2587, 46471777, 1, 131072
2625, 37558700, 1, 131072
2656, 30940423, 1, 131072
2656, 115083, 1, 131072
2656, 118587, 1, 131072
2656, 104848, 1, 131072
2656, 97067, 1, 131072
2656, 100327, 1, 131072
2656, 102445, 1, 131072
2656, 100099, 1, 131072
2705, 49149592, 1, 131072
2741, 35820835, 1, 131072
2800, 58557504, 1, 131072
2800, 217685, 1, 131072
2868, 68241081, 1, 131072
2868, 143223, 1, 131072
2950, 81755455, 1, 131072
2950, 127323, 1, 131072
3065, 114349060, 1, 131072
3303, 238542612, 1, 131072
3303, 180325, 1, 131072
3304, 174133, 1, 131072
3304, 147868, 1, 131072
3304, 155944, 1, 131072
3304, 177738, 1, 131072
3304, 101394, 1, 131072
3304, 156060, 1, 131072
3305, 179528, 1, 131072
3305, 160493, 1, 131072
3305, 128817, 1, 131072
3305, 114052, 1, 131072
3305, 74813, 1, 131072
3305, 67356, 1, 131072
3305, 66871, 1, 131072
3585, 279447142, 1, 131072
3585, 130458, 1, 131072
3585, 105005, 1, 131072
3585, 103598, 1, 131072
3585, 101960, 1, 131072
3585, 111262, 1, 131072
3585, 110841, 1, 131072
3585, 105460, 1, 131072
3586, 91491, 1, 131072
3586, 87380, 1, 131072
3586, 90345, 1, 131072
3586, 104360, 1, 131072
3586, 118810, 1, 131072
3586, 114837, 1, 131072
3586, 111348, 1, 131072
3586, 97595, 1, 131072
3586, 88719, 1, 131072
3586, 84933, 1, 131072
3587, 85689, 1, 131072
3587, 100406, 1, 131072
3587, 123161, 1, 131072
3587, 87182, 1, 131072
3587, 111561, 1, 131072
3587, 110616, 1, 131072
3587, 114077, 1, 131072
3587, 110507, 1, 131072
3587, 81700, 1, 131072
3587, 91962, 1, 131072
3588, 90142, 1, 131072
3588, 101755, 1, 131072
3588, 100660, 1, 131072
3588, 102200, 1, 131072
3588, 113459, 1, 131072
3588, 116544, 1, 131072
3588, 117210, 1, 131072
3588, 112870, 1, 131072
3588, 118802, 1, 131072
3589, 103607, 1, 131072
3589, 83430, 1, 131072
3589, 80828, 1, 131072
3589, 76707, 1, 131072
3589, 102996, 1, 131072
3589, 111889, 1, 131072
3589, 114176, 1, 131072
3589, 116545, 1, 131072
3589, 93762, 1, 131072
3590, 115692, 1, 131072
3590, 117028, 1, 131072
3590, 114064, 1, 131072
3590, 108957, 1, 131072
3590, 89097, 1, 131072
4165, 574599666, 1, 131072
4287, 122138667, 1, 131072
4329, 42598957, 1, 131072
4419, 89396858, 1, 131072
4503, 84425059, 1, 131072
4503, 196516, 1, 131072
4504, 172482, 1, 131072
4504, 166636, 1, 131072
4504, 160473, 1, 131072
4504, 153911, 1, 131072
4504, 160750, 1, 131072
4504, 173403, 1, 131072
4504, 119086, 1, 131072
4505, 142847, 1, 131072
4505, 125372, 1, 131072
4505, 112836, 1, 131072
4505, 114267, 1, 131072
4505, 109492, 1, 131072
4505, 109961, 1, 131072
4505, 107911, 1, 131072
4505, 93936, 1, 131072
4506, 104339, 1, 131072
4506, 103480, 1, 131072
4506, 96038, 1, 131072
4506, 104848, 1, 131072
4506, 101588, 1, 131072
4506, 108153, 1, 131072
4506, 127725, 1, 131072
4506, 94118, 1, 131072
4506, 216642, 1, 131072
4507, 124168, 1, 131072
4507, 131090, 1, 131072
4507, 136088, 1, 131072
4507, 110279, 1, 131072
4507, 111424, 1, 131072
4507, 105322, 1, 131072
4507, 271354, 1, 131072
4508, 125774, 1, 131072
4508, 106998, 1, 131072
4508, 121822, 1, 131072
4508, 117902, 1, 131072
4508, 106903, 1, 131072
4508, 110687, 1, 131072
4508, 207936, 1, 131072
4509, 99588, 1, 131072
4509, 98975, 1, 131072
4509, 89349, 1, 131072
4509, 92261, 1, 131072
4509, 94657, 1, 131072
4509, 96795, 1, 131072
4509, 130366, 1, 131072
4509, 141937, 1, 131072
4509, 141318, 1, 131072
4510, 101539, 1, 131072
4510, 93477, 1, 131072
4510, 97848, 1, 131072
4510, 97652, 1, 131072
4510, 103790, 1, 131072
4510, 122241, 1, 131072
4510, 103545, 1, 131072
4510, 153084, 1, 131072
4510, 142557, 1, 131072
4511, 110745, 1, 131072
4511, 131841, 1, 131072
4511, 119288, 1, 131072
4511, 123998, 1, 131072
4511, 121044, 1, 131072
4511, 123619, 1, 131072
4524, 12981953, 1, 131072
4704, 179456259, 1, 131072
4704, 169960, 1, 131072
4704, 133877, 1, 131072
4704, 132616, 1, 131072
4704, 144700, 1, 131072
4704, 125292, 1, 131072
4705, 139296, 1, 131072
4705, 158193, 1, 131072
4705, 140845, 1, 131072
4705, 128992, 1, 131072
4705, 119562, 1, 131072
4705, 101676, 1, 131072
4705, 110298, 1, 131072
4705, 114277, 1, 131072
4706, 103998, 1, 131072
4706, 104570, 1, 131072
4706, 102475, 1, 131072
4706, 105452, 1, 131072
4706, 81064, 1, 131072
4706, 76304, 1, 131072
4706, 76813, 1, 131072
4706, 80145, 1, 131072
4706, 77883, 1, 131072
4706, 83203, 1, 131072
4706, 111466, 1, 131072
4707, 82575, 1, 131072
4707, 81164, 1, 131072
4707, 77434, 1, 131072
4707, 74601, 1, 131072
4707, 87509, 1, 131072
4707, 80730, 1, 131072
4707, 88775, 1, 131072
4707, 151809, 1, 131072
4707, 82489, 1, 131072
4707, 79889, 1, 131072
4707, 77551, 1, 131072
4708, 92378, 1, 131072
4708, 81533, 1, 131072
4708, 80768, 1, 131072
4708, 115983, 1, 131072
4708, 104084, 1, 131072
4708, 77853, 1, 131072
4708, 76491, 1, 131072
4708, 74492, 1, 131072
4708, 99499, 1, 131072
4708, 78812, 1, 131072
4708, 76444, 1, 131072
4708, 90085, 1, 131072
4709, 105342, 1, 131072
4709, 85304, 1, 131072
4709, 84669, 1, 131072
4709, 172284, 1, 131072
5066, 356555218, 1, 131072
5324, 258778245, 1, 131072
5595, 270878468, 1, 131072
5714, 118355755, 1, 131072
5978, 264427762, 1, 131072
6062, 84251711, 1, 131072
6063, 943474, 1, 131072
6064, 790999, 1, 131072
6065, 640879, 1, 131072
6065, 403276, 1, 131072
6065, 273856, 1, 131072
6066, 898319, 1, 131072
6066, 263734, 1, 131072
6067, 278343, 1, 131072
6067, 276570, 1, 131072
6067, 198044, 1, 131072
6067, 191551, 1, 131072
6068, 193738, 1, 131072
6068, 181527, 1, 131072
6068, 204241, 1, 131072
6068, 248519, 1, 131072
6069, 237716, 1, 131072
6069, 242773, 1, 131072
6069, 181174, 1, 131072
6069, 178421, 1, 131072
6071, 2211343, 1, 131072
6072, 255982, 1, 131072
6072, 259130, 1, 131072
6480, 408214622, 1, 131072
6534, 53880183, 1, 131072
6632, 97738195, 1, 131072
6632, 122422, 1, 131072
6969, 336986987, 1, 131072
7036, 67654108, 1, 131072
7167, 130170853, 1, 131072
7167, 96750, 1, 131072
7167, 95063, 1, 131072
7167, 95719, 1, 131072
7167, 91298, 1, 131072
7167, 148965, 1, 131072
7167, 134519, 1, 131072
7167, 117415, 1, 131072
7168, 90562, 1, 131072
7168, 76410, 1, 131072
7168, 73407, 1, 131072
7168, 89580, 1, 131072
7168, 71410, 1, 131072
7168, 104754, 1, 131072
7168, 93734, 1, 131072
7168, 97112, 1, 131072
7168, 223773, 1, 131072
7168, 70210, 1, 131072
7169, 67704, 1, 131072
7169, 67681, 1, 131072
7169, 71936, 1, 131072
7169, 85957, 1, 131072
7169, 217889, 1, 131072
7247, 78305010, 1, 131072
7544, 296758057, 1, 131072
7815, 270724282, 1, 131072
7873, 58077187, 1, 131072
8165, 292242538, 1, 131072
8818, 653194578, 1, 131072
9092, 274088463, 1, 131072
9130, 37384954, 1, 131072
9394, 264067072, 1, 131072
9486, 92288366, 1, 131072
9810, 323612629, 1, 131072
10103, 293301564, 1, 131072
10140, 36886533, 1, 131072
10569, 429038646, 1, 131072
10569, 112283, 1, 131072
10569, 92952, 1, 131072
10611, 42044894, 1, 131072
10612, 176636, 1, 131072
10612, 134178, 1, 131072
10612, 133718, 1, 131072
10612, 130600, 1, 131072
10612, 144772, 1, 131072
10612, 118802, 1, 131072
10612, 111979, 1, 131072
10612, 109692, 1, 131072
10613, 125715, 1, 131072
10613, 114374, 1, 131072
10613, 114724, 1, 131072
10613, 104237, 1, 131072
10613, 106905, 1, 131072
10613, 105537, 1, 131072
10613, 106108, 1, 131072
10613, 176892, 1, 131072
10614, 118843, 1, 131072
10614, 107672, 1, 131072
10614, 119300, 1, 131072
10614, 107585, 1, 131072
10614, 110022, 1, 131072
10614, 110547, 1, 131072
10614, 122906, 1, 131072
10614, 110447, 1, 131072
10614, 119365, 1, 131072
10615, 110521, 1, 131072
10615, 110473, 1, 131072
10615, 110457, 1, 131072
10615, 116253, 1, 131072
10615, 116779, 1, 131072
10615, 116057, 1, 131072
10615, 137932, 1, 131072
10615, 120036, 1, 131072
10616, 111025, 1, 131072
10616, 116047, 1, 131072
10616, 111070, 1, 131072
10616, 110715, 1, 131072
10616, 106502, 1, 131072
10616, 111046, 1, 131072
10616, 110754, 1, 131072
10616, 122843, 1, 131072
10616, 122761, 1, 131072
10617, 127230, 1, 131072
10617, 108134, 1, 131072
10617, 110205, 1, 131072
10617, 107911, 1, 131072
10617, 109069, 1, 131072
10617, 115175, 1, 131072
10617, 114853, 1, 131072
10617, 115477, 1, 131072
10617, 110882, 1, 131072
10618, 108682, 1, 131072
10618, 109557, 1, 131072
10618, 107256, 1, 131072
10618, 108030, 1, 131072
10618, 113961, 1, 131072
10618, 114830, 1, 131072
10618, 111134, 1, 131072
10618, 121743, 1, 131072
10618, 116043, 1, 131072
10619, 107269, 1, 131072
10619, 104863, 1, 131072
10619, 112144, 1, 131072
10619, 114392, 1, 131072
10619, 110273, 1, 131072
10619, 105526, 1, 131072
10619, 135610, 1, 131072
10619, 105102, 1, 131072
10620, 103894, 1, 131072
10620, 107001, 1, 131072
10620, 109625, 1, 131072
10620, 114918, 1, 131072
10620, 106032, 1, 131072
10620, 104158, 1, 131072
10640, 19443053, 1, 131072
11095, 455474195, 1, 131072
11095, 350493, 1, 131072
11153, 58111306, 1, 131072
11254, 100361037, 1, 131072
11305, 51583180, 1, 131072
11344, 38237061, 1, 131072
11416, 72332991, 1, 131072
11475, 58984580, 1, 131072
11534, 58993634, 1, 131072
11595, 60756535, 1, 131072
11826, 230913315, 1, 131072
11826, 163677, 1, 131072
11826, 142325, 1, 131072
11826, 97918, 1, 131072
11826, 119154, 1, 131072
11826, 133063, 1, 131072
11898, 71454021, 1, 131072
12242, 344600710, 1, 131072
12654, 411531886, 1, 131072
12654, 114083, 1, 131072
12654, 116012, 1, 131072
12654, 98265, 1, 131072
12654, 100727, 1, 131072
12654, 101669, 1, 131072
12655, 106140, 1, 131072
12655, 95797, 1, 131072
12655, 92944, 1, 131072
12655, 140125, 1, 131072
12655, 114501, 1, 131072
12655, 119504, 1, 131072
12655, 120572, 1, 131072
12655, 102024, 1, 131072
12656, 98958, 1, 131072
12656, 99186, 1, 131072
12656, 113445, 1, 131072
12656, 110255, 1, 131072
12656, 114102, 1, 131072
12656, 106329, 1, 131072
12656, 106319, 1, 131072
12656, 100118, 1, 131072
12656, 102342, 1, 131072
12656, 102988, 1, 131072
12657, 92049, 1, 131072
12657, 86227, 1, 131072
12657, 85492, 1, 131072
12657, 82808, 1, 131072
12657, 86592, 1, 131072
12657, 82863, 1, 131072
12657, 88211, 1, 131072
12657, 84126, 1, 131072
12657, 86499, 1, 131072
12657, 86037, 1, 131072
12657, 85990, 1, 131072
12658, 82450, 1, 131072
12658, 82771, 1, 131072
12658, 87478, 1, 131072
12658, 82914, 1, 131072
12658, 86542, 1, 131072
12658, 85684, 1, 131072
12658, 87430, 1, 131072
12658, 108080, 1, 131072
12658, 116085, 1, 131072
12658, 117429, 1, 131072
12659, 115702, 1, 131072
12659, 109452, 1, 131072
12659, 106999, 1, 131072
12659, 128402, 1, 131072
12659, 105160, 1, 131072
12659, 106778, 1, 131072
12659, 117605, 1, 131072
12659, 117771, 1, 131072
12659, 118980, 1, 131072
12660, 91472, 1, 131072
12660, 110785, 1, 131072
12660, 111528, 1, 131072
12660, 124052, 1, 131072
12660, 119433, 1, 131072
12660, 116753, 1, 131072
12660, 114283, 1, 131072
12660, 94632, 1, 131072
12660, 107546, 1, 131072
12661, 112401, 1, 131072
12661, 125499, 1, 131072
12661, 149959, 1, 131072
12661, 144376, 1, 131072
12661, 148948, 1, 131072
12661, 130796, 1, 131072
12661, 133937, 1, 131072
12662, 134915, 1, 131072
12662, 135868, 1, 131072
12662, 151933, 1, 131072
12662, 127785, 1, 131072
12662, 154607, 1, 131072
12662, 146407, 1, 131072
12662, 145618, 1, 131072
12663, 122808, 1, 131072
12665, 2885701, 1, 131072
12666, 135515, 1, 131072
12666, 116925, 1, 131072
12666, 124636, 1, 131072
12666, 153434, 1, 131072
12666, 191771, 1, 131072
12666, 197267, 1, 131072
12667, 188151, 1, 131072
12667, 125219, 1, 131072
12671, 4160717, 1, 131072
12671, 459793, 1, 131072
13067, 396155217, 1, 131072
13647, 579209311, 1, 131072
13887, 239918019, 1, 131072
13956, 69271098, 1, 131072
14358, 401864814, 1, 131072
14402, 43918094, 1, 131072
14402, 144408, 1, 131072
14476, 74276126, 1, 131072
14774, 298318337, 1, 131072
14992, 217964955, 1, 131072
14993, 136984, 1, 131072
15553, 560821279, 1, 131072
15554, 131360, 1, 131072
15765, 211468583, 1, 131072
15798, 32694411, 1, 131072
15835, 37296847, 1, 131072
15874, 38793740, 1, 131072
16008, 134068331, 1, 131072
16008, 118105, 1, 131072
16043, 35211766, 1, 131072
16274, 230735195, 1, 131072
16321, 47338438, 1, 131072
16375, 53731913, 1, 131072
16375, 142043, 1, 131072
16487, 111345393, 1, 131072
16551, 64295275, 1, 131072
16616, 65558611, 1, 131072
16617, 209368, 1, 131072
16617, 203491, 1, 131072
16617, 122380, 1, 131072
16617, 110227, 1, 131072
16617, 126340, 1, 131072
16822, 204778421, 1, 131072
16822, 128977, 1, 131072
16822, 120592, 1, 131072
16822, 95879, 1, 131072
16823, 179570, 1, 131072
16823, 188609, 1, 131072
16823, 120690, 1, 131072
16823, 93336, 1, 131072
16823, 91017, 1, 131072
16823, 141921, 1, 131072
16823, 150980, 1, 131072
16823, 151917, 1, 131072
16824, 142473, 1, 131072
16824, 155999, 1, 131072
16824, 91210, 1, 131072
16824, 75245, 1, 131072
16824, 76653, 1, 131072
16824, 154544, 1, 131072
16824, 151058, 1, 131072
16825, 153942, 1, 131072
16825, 153649, 1, 131072
16825, 146766, 1, 131072
16825, 81132, 1, 131072
16825, 74073, 1, 131072
16825, 72944, 1, 131072
16825, 157151, 1, 131072
16825, 147890, 1, 131072
16826, 139076, 1, 131072
16826, 120665, 1, 131072
16826, 147057, 1, 131072
16826, 89238, 1, 131072
16826, 70522, 1, 131072
16826, 73769, 1, 131072
16826, 164323, 1, 131072
16826, 100488, 1, 131072
16826, 135155, 1, 131072
16827, 164078, 1, 131072
16827, 168472, 1, 131072
16827, 89654, 1, 131072
16827, 74989, 1, 131072
16827, 71774, 1, 131072
16827, 205220, 1, 131072
16827, 167411, 1, 131072
16827, 82203, 1, 131072
16828, 85330, 1, 131072
16828, 86997, 1, 131072
16828, 76235, 1, 131072
16828, 66293, 1, 131072
16828, 68400, 1, 131072
16828, 88375, 1, 131072
16828, 86668, 1, 131072
16828, 86832, 1, 131072
16828, 86079, 1, 131072
16828, 85890, 1, 131072
16828, 74334, 1, 131072
16828, 67075, 1, 131072
16829, 65779, 1, 131072
16829, 90997, 1, 131072
16829, 87691, 1, 131072
16829, 86870, 1, 131072
16829, 85093, 1, 131072
16829, 86940, 1, 131072
16829, 75866, 1, 131072
16829, 70444, 1, 131072
16829, 121119, 1, 131072
16829, 112834, 1, 131072
16829, 108291, 1, 131072
16830, 107763, 1, 131072
16830, 110229, 1, 131072
16830, 125497, 1, 131072
16830, 97815, 1, 131072
16830, 86669, 1, 131072
16830, 82574, 1, 131072
16830, 140114, 1, 131072
16830, 144422, 1, 131072
16831, 166545, 1, 131072
16831, 116229, 1, 131072
16831, 113177, 1, 131072
16831, 94211, 1, 131072
16831, 82922, 1, 131072
16831, 81192, 1, 131072
16831, 114212, 1, 131072
16831, 109679, 1, 131072
16831, 109225, 1, 131072
16832, 110105, 1, 131072
16832, 116923, 1, 131072
16832, 91598, 1, 131072
16832, 81472, 1, 131072
16832, 83831, 1, 131072
16832, 116390, 1, 131072
16832, 120927, 1, 131072
16832, 112322, 1, 131072
16832, 111779, 1, 131072
16832, 122201, 1, 131072
16833, 102565, 1, 131072
16833, 85370, 1, 131072
16833, 87622, 1, 131072
16833, 113264, 1, 131072
16833, 148013, 1, 131072
16833, 307644, 1, 131072
16834, 208830, 1, 131072
16834, 251428, 1, 131072
16834, 181981, 1, 131072
17156, 322365570, 1, 131072
17157, 146208, 1, 131072
17306, 149221937, 1, 131072
17508, 201865009, 1, 131072
17578, 69937003, 1, 131072
17618, 40701751, 1, 131072
17747, 128353926, 1, 131072
17828, 81547125, 1, 131072
18069, 241054043, 1, 131072
18070, 301160, 1, 131072
18141, 71092600, 1, 131072
18141, 188064, 1, 131072
18245, 103846760, 1, 131072
18317, 72249436, 1, 131072
18682, 365066637, 1, 131072
18682, 120129, 1, 131072
18682, 112480, 1, 131072
18682, 127709, 1, 131072
18683, 136407, 1, 131072
18683, 138679, 1, 131072
18890, 207500559, 1, 131072
19033, 142678522, 1, 131072
19085, 52141357, 1, 131072
19180, 94940192, 1, 131072
19180, 122436, 1, 131072
19427, 246627376, 1, 131072
19735, 308474836, 1, 131072
19822, 86652649, 1, 131072
19869, 47436046, 1, 131072
19923, 53965994, 1, 131072
20271, 347779188, 1, 131072
20327, 56290191, 1, 131072
20384, 57112755, 1, 131072
20423, 38337393, 1, 131072
20641, 218560087, 1, 131072
20715, 73511683, 1, 131072
20766, 51146173, 1, 131072
20766, 356167, 1, 131072
20829, 62670768, 1, 131072
20867, 38294654, 1, 131072
20905, 37842351, 1, 131072
20959, 53880942, 1, 131072
21457, 498177968, 1, 131072
21457, 179402, 1, 131072
21458, 133255, 1, 131072
21458, 153181, 1, 131072
21458, 147792, 1, 131072
21458, 128896, 1, 131072
21458, 137536, 1, 131072
21458, 113431, 1, 131072
21458, 90869, 1, 131072
21459, 137592, 1, 131072
21459, 150550, 1, 131072
21459, 114567, 1, 131072
21459, 119630, 1, 131072
21459, 79588, 1, 131072
21459, 101047, 1, 131072
21459, 113299, 1, 131072
21459, 234346, 1, 131072
21460, 111417, 1, 131072
21460, 79691, 1, 131072
21460, 132474, 1, 131072
21460, 110395, 1, 131072
21460, 80197, 1, 131072
21460, 77041, 1, 131072
21460, 79215, 1, 131072
21460, 82074, 1, 131072
21460, 143853, 1, 131072
21461, 86222, 1, 131072
21461, 78215, 1, 131072
21461, 81228, 1, 131072
21461, 82097, 1, 131072
21461, 81230, 1, 131072
21461, 81349, 1, 131072
21461, 114326, 1, 131072
21461, 237927, 1, 131072
21461, 104936, 1, 131072
21461, 102294, 1, 131072
21462, 81005, 1, 131072
21462, 88839, 1, 131072
21462, 76329, 1, 131072
21462, 144161, 1, 131072
21462, 82966, 1, 131072
21462, 79865, 1, 131072
21462, 89398, 1, 131072
21462, 91662, 1, 131072
21462, 82900, 1, 131072
21462, 78107, 1, 131072
21463, 123357, 1, 131072
21463, 83545, 1, 131072
21463, 82010, 1, 131072
21463, 80181, 1, 131072
21463, 117202, 1, 131072
21463, 82458, 1, 131072
21463, 153739, 1, 131072
21463, 121364, 1, 131072
21463, 83947, 1, 131072
21463, 86146, 1, 131072
21464, 86343, 1, 131072
21464, 84524, 1, 131072
21464, 119417, 1, 131072
21464, 83570, 1, 131072
21464, 94938, 1, 131072
21464, 85536, 1, 131072
21464, 83840, 1, 131072
21464, 85183, 1, 131072
21464, 173023, 1, 131072
21464, 130545, 1, 131072
21465, 123728, 1, 131072
21465, 175416, 1, 131072
21465, 143508, 1, 131072
21465, 137388, 1, 131072
21466, 495191, 1, 131072
21466, 162668, 1, 131072
21466, 144281, 1, 131072
21466, 611035, 1, 131072
21467, 167526, 1, 131072
21467, 226880, 1, 131072
21467, 142621, 1, 131072
21467, 117114, 1, 131072
21467, 114206, 1, 131072
21467, 197550, 1, 131072
21468, 113341, 1, 131072
21468, 108104, 1, 131072
21468, 97287, 1, 131072
21468, 116526, 1, 131072
21468, 106429, 1, 131072
21468, 115810, 1, 131072
21468, 119183, 1, 131072
21468, 146143, 1, 131072
21469, 107202, 1, 131072
21469, 153611, 1, 131072
21469, 121808, 1, 131072
21469, 109784, 1, 131072
21469, 115652, 1, 131072
21469, 145105, 1, 131072
21469, 118039, 1, 131072
21469, 130960, 1, 131072
21470, 110538, 1, 131072
21470, 166370, 1, 131072
21470, 117996, 1, 131072
21470, 104582, 1, 131072
21470, 115249, 1, 131072
21470, 272973, 1, 131072
21470, 130545, 1, 131072
21471, 128704, 1, 131072
21471, 159119, 1, 131072
21471, 131049, 1, 131072
21471, 131240, 1, 131072
21471, 173531, 1, 131072
21471, 122869, 1, 131072
21471, 107901, 1, 131072
21472, 132558, 1, 131072
21472, 157111, 1, 131072
21472, 114350, 1, 131072
21472, 112145, 1, 131072
21473, 742752, 1, 131072
21814, 341173318, 1, 131072
21862, 48455699, 1, 131072
21863, 176698, 1, 131072
21863, 184449, 1, 131072
21863, 160515, 1, 131072
21863, 169526, 1, 131072
21863, 174158, 1, 131072
21916, 53213956, 1, 131072
22415, 499021874, 1, 131072
22416, 144025, 1, 131072
22474, 58329369, 1, 131072
22584, 110087462, 1, 131072
22793, 209136506, 1, 131072
23424, 630540917, 1, 131072
23471, 47588615, 1, 131072
23471, 135439, 1, 131072
23472, 121310, 1, 131072
23472, 98848, 1, 131072
23472, 114633, 1, 131072
23472, 113128, 1, 131072
23472, 109282, 1, 131072
23472, 110689, 1, 131072
23472, 111012, 1, 131072
23472, 102277, 1, 131072
23472, 91854, 1, 131072
23473, 84382, 1, 131072
23473, 108128, 1, 131072
23473, 91770, 1, 131072
23473, 95727, 1, 131072
23473, 115581, 1, 131072
23473, 143013, 1, 131072
23473, 120965, 1, 131072
23473, 114830, 1, 131072
23473, 81047, 1, 131072
23474, 110286, 1, 131072
23474, 104403, 1, 131072
23474, 106380, 1, 131072
23474, 102455, 1, 131072
23474, 96299, 1, 131072
23474, 93316, 1, 131072
23474, 83040, 1, 131072
23474, 80403, 1, 131072
23570, 95665007, 1, 131072
23846, 275808297, 1, 131072
23913, 66806722, 1, 131072
23949, 36111131, 1, 131072
23984, 35349272, 1, 131072
24021, 37188404, 1, 131072
24021, 159116, 1, 131072
24301, 280018427, 1, 131072
25001, 699317882, 1, 131072
25001, 143178, 1, 131072
25001, 90749, 1, 131072
25001, 132029, 1, 131072
25001, 124791, 1, 131072
25001, 102311, 1, 131072
25001, 125071, 1, 131072
25002, 93526, 1, 131072
25002, 92756, 1, 131072
25002, 78446, 1, 131072
25002, 95116, 1, 131072
25002, 103371, 1, 131072
25002, 96205, 1, 131072
25002, 77398, 1, 131072
25060, 57942195, 1, 131072
25098, 37557504, 1, 131072
25167, 69631873, 1, 131072
25228, 60359416, 1, 131072
25278, 49983130, 1, 131072
25312, 34472236, 1, 131072
25911, 599263326, 1, 131072
25947, 35218394, 1, 131072
26004, 57845123, 1, 131072
26066, 61254338, 1, 131072
26100, 34637220, 1, 131072
26154, 53182478, 1, 131072
26216, 62490277, 1, 131072
26496, 280263334, 1, 131072
26695, 198623575, 1, 131072
26695, 105157, 1, 131072
26695, 93787, 1, 131072
26695, 99284, 1, 131072
26695, 95334, 1, 131072
26695, 90742, 1, 131072
26696, 80650, 1, 131072
26696, 73322, 1, 131072
26696, 72973, 1, 131072
26696, 73194, 1, 131072
26696, 77955, 1, 131072
26696, 72942, 1, 131072
26696, 71490, 1, 131072
26696, 89066, 1, 131072
26696, 72723, 1, 131072
26696, 71290, 1, 131072
26696, 72549, 1, 131072
26696, 74541, 1, 131072
26696, 71922, 1, 131072
26697, 90314, 1, 131072
26697, 77370, 1, 131072
26697, 71011, 1, 131072
26697, 72766, 1, 131072
26697, 75253, 1, 131072
26697, 74995, 1, 131072
26697, 72740, 1, 131072
26697, 72669, 1, 131072
26697, 72728, 1, 131072
26697, 73790, 1, 131072
26697, 74093, 1, 131072
26697, 72718, 1, 131072
26697, 75010, 1, 131072
26698, 72060, 1, 131072
26698, 72314, 1, 131072
26698, 75377, 1, 131072
26698, 72939, 1, 131072
26698, 72413, 1, 131072
26698, 72503, 1, 131072
26698, 74156, 1, 131072
26698, 72703, 1, 131072
26698, 69805, 1, 131072
26698, 71378, 1, 131072
26698, 73672, 1, 131072
26698, 73857, 1, 131072
26698, 74672, 1, 131072
26698, 74582, 1, 131072
26699, 76228, 1, 131072
26699, 71847, 1, 131072
26699, 73873, 1, 131072
26699, 73833, 1, 131072
26699, 72888, 1, 131072
26699, 73274, 1, 131072
26699, 76557, 1, 131072
26699, 78019, 1, 131072
26699, 72273, 1, 131072
26699, 74758, 1, 131072
26699, 78330, 1, 131072
26699, 92874, 1, 131072
26700, 85989, 1, 131072
26795, 95559340, 1, 131072
26847, 51781375, 1, 131072
26847, 139987, 1, 131072
26848, 527259, 1, 131072
26848, 127300, 1, 131072
26848, 157589, 1, 131072
26848, 112982, 1, 131072
26848, 114052, 1, 131072
26848, 101413, 1, 131072
26848, 114804, 1, 131072
26848, 105580, 1, 131072
26848, 102623, 1, 131072
26849, 105088, 1, 131072
26849, 108977, 1, 131072
26849, 97253, 1, 131072
26849, 102512, 1, 131072
26849, 93817, 1, 131072
26849, 84272, 1, 131072
26849, 106855, 1, 131072
26849, 101915, 1, 131072
26849, 86315, 1, 131072
26849, 91487, 1, 131072
26850, 96338, 1, 131072
26850, 92975, 1, 131072
26850, 104042, 1, 131072
26850, 75749, 1, 131072
26850, 73727, 1, 131072
26850, 79563, 1, 131072
26850, 78735, 1, 131072
26850, 81558, 1, 131072
26850, 76600, 1, 131072
26850, 83288, 1, 131072
26850, 80300, 1, 131072
26851, 80701, 1, 131072
26851, 78034, 1, 131072
26851, 77108, 1, 131072
26851, 80034, 1, 131072
26851, 79103, 1, 131072
26851, 143386, 1, 131072
26851, 83642, 1, 131072
26851, 80273, 1, 131072
26851, 79438, 1, 131072
26851, 79200, 1, 131072
26851, 80212, 1, 131072
26851, 78573, 1, 131072
26852, 81439, 1, 131072
26852, 77759, 1, 131072
26852, 80856, 1, 131072
26852, 77767, 1, 131072
26852, 80830, 1, 131072
26852, 81956, 1, 131072
26852, 80113, 1, 131072
26852, 79725, 1, 131072
26852, 81040, 1, 131072
26852, 82242, 1, 131072
26852, 77261, 1, 131072
26852, 106450, 1, 131072
26853, 467295, 1, 131072
26940, 87081275, 1, 131072
27156, 215537513, 1, 131072
27503, 347117347, 1, 131072
27558, 55043280, 1, 131072
27829, 271485548, 1, 131072
27898, 68607552, 1, 131072
27898, 113882, 1, 131072
27898, 104311, 1, 131072
27898, 104939, 1, 131072
27898, 119249, 1, 131072
27898, 165088, 1, 131072
27899, 156168, 1, 131072
27899, 122015, 1, 131072
27899, 113696, 1, 131072
27899, 146289, 1, 131072
27899, 139722, 1, 131072
27899, 135670, 1, 131072
27899, 142195, 1, 131072
27900, 93662, 1, 131072
27900, 93134, 1, 131072
27992, 91980696, 1, 131072
28034, 42320940, 1, 131072
28071, 37158213, 1, 131072
28123, 51741942, 1, 131072
28123, 151899, 1, 131072
28123, 142353, 1, 131072
28123, 130803, 1, 131072
28123, 131661, 1, 131072
28124, 136605, 1, 131072
28124, 121824, 1, 131072
28124, 101919, 1, 131072
28124, 139379, 1, 131072
28124, 107075, 1, 131072
28124, 162700, 1, 131072
28124, 124631, 1, 131072
28124, 137625, 1, 131072
28125, 100381, 1, 131072
28125, 164300, 1, 131072
28125, 102833, 1, 131072
28125, 132618, 1, 131072
28125, 100304, 1, 131072
28125, 103882, 1, 131072
28125, 100123, 1, 131072
28125, 147123, 1, 131072
28126, 103021, 1, 131072
28126, 117853, 1, 131072
28126, 100184, 1, 131072
28126, 116073, 1, 131072
28126, 103868, 1, 131072
28126, 98646, 1, 131072
28126, 98841, 1, 131072
28126, 85314, 1, 131072
28126, 103252, 1, 131072
28126, 82838, 1, 131072
28127, 100832, 1, 131072
28127, 78123, 1, 131072
28127, 102123, 1, 131072
28127, 81952, 1, 131072
28127, 102512, 1, 131072
28127, 83271, 1, 131072
28127, 100238, 1, 131072
28127, 79575, 1, 131072
28127, 102503, 1, 131072
28127, 82126, 1, 131072
28128, 102100, 1, 131072
28128, 86185, 1, 131072
28128, 103312, 1, 131072
28128, 85033, 1, 131072
28128, 101434, 1, 131072
28128, 84534, 1, 131072
28128, 102156, 1, 131072
28128, 88946, 1, 131072
28128, 126007, 1, 131072
28128, 84687, 1, 131072
28129, 105888, 1, 131072
28129, 84068, 1, 131072
28129, 105409, 1, 131072
28129, 84126, 1, 131072
28129, 105081, 1, 131072
28129, 82182, 1, 131072
28129, 103989, 1, 131072
28129, 83185, 1, 131072
28129, 104766, 1, 131072
28129, 107796, 1, 131072
28130, 100713, 1, 131072
28130, 81189, 1, 131072
28130, 97117, 1, 131072
28130, 135835, 1, 131072
28130, 112276, 1, 131072
28130, 139010, 1, 131072
28130, 115018, 1, 131072
28130, 138326, 1, 131072
28130, 114688, 1, 131072
28131, 136793, 1, 131072
28131, 111764, 1, 131072
28131, 149185, 1, 131072
28131, 116355, 1, 131072
28131, 93141, 1, 131072
28131, 196039, 1, 131072
28131, 101915, 1, 131072
28132, 215928, 1, 131072
28132, 159077, 1, 131072
28132, 441758, 1, 131072
28133, 311698, 1, 131072
28133, 404195, 1, 131072
28133, 304064, 1, 131072
28134, 397477, 1, 131072
28134, 299718, 1, 131072
28134, 367737, 1, 131072
28134, 114350, 1, 131072
28135, 117156, 1, 131072
28135, 115127, 1, 131072
28135, 116770, 1, 131072
28144, 9538865, 1, 131072
28286, 142017240, 1, 131072
28515, 228951539, 1, 131072
29316, 800884152, 1, 131072
29401, 84558419, 1, 131072
29479, 77932055, 1, 131072
29479, 128572, 1, 131072
29479, 114357, 1, 131072
29479, 190833, 1, 131072
29906, 426822700, 1, 131072
29961, 54634600, 1, 131072
29961, 140792, 1, 131072
29961, 175058, 1, 131072
30021, 59981904, 1, 131072
30312, 291136604, 1, 131072
30377, 64677335, 1, 131072
30415, 38361933, 1, 131072
31005, 589853151, 1, 131072
31170, 164805492, 1, 131072
31253, 83476849, 1, 131072
31256, 2759520, 1, 131072
31375, 119180682, 1, 131072
31457, 81408487, 1, 131072
31457, 131253, 1, 131072
31457, 114074, 1, 131072
31457, 112359, 1, 131072
31457, 117188, 1, 131072
31457, 106801, 1, 131072
31457, 115257, 1, 131072
31457, 106841, 1, 131072
31458, 93762, 1, 131072
31458, 91339, 1, 131072
31458, 89725, 1, 131072
31458, 90378, 1, 131072
31458, 87334, 1, 131072
31458, 87391, 1, 131072
31458, 85778, 1, 131072
31458, 86480, 1, 131072
31458, 87314, 1, 131072
31458, 89067, 1, 131072
31458, 84278, 1, 131072
31458, 83292, 1, 131072
31459, 83772, 1, 131072
31459, 84934, 1, 131072
31459, 82434, 1, 131072
31459, 84163, 1, 131072
31459, 83577, 1, 131072
31459, 81533, 1, 131072
31459, 82601, 1, 131072
31459, 81196, 1, 131072
31459, 84473, 1, 131072
31459, 87386, 1, 131072
31459, 84509, 1, 131072
31460, 84921, 1, 131072
31460, 82772, 1, 131072
31460, 112794, 1, 131072
31460, 104570, 1, 131072
31460, 94970, 1, 131072
31460, 92414, 1, 131072
31460, 89623, 1, 131072
31460, 94060, 1, 131072
31460, 89652, 1, 131072
31460, 89712, 1, 131072
31460, 85507, 1, 131072
31461, 88646, 1, 131072
31461, 88286, 1, 131072
31461, 87368, 1, 131072
31461, 88856, 1, 131072
31461, 88735, 1, 131072
31461, 86716, 1, 131072
31461, 86060, 1, 131072
31461, 86281, 1, 131072
31461, 88674, 1, 131072
31461, 88093, 1, 131072
31461, 91177, 1, 131072
31462, 89420, 1, 131072
31462, 87328, 1, 131072
31462, 88862, 1, 131072
31462, 87856, 1, 131072
31462, 90330, 1, 131072
31462, 90834, 1, 131072
31462, 89780, 1, 131072
31462, 91142, 1, 131072
31462, 91666, 1, 131072
31462, 90322, 1, 131072
31462, 88099, 1, 131072
31463, 115204, 1, 131072
31463, 108779, 1, 131072
31463, 108737, 1, 131072
31463, 109472, 1, 131072
31463, 123906, 1, 131072
31463, 127218, 1, 131072
31463, 111477, 1, 131072
31463, 111041, 1, 131072
31464, 114911, 1, 131072
31464, 115143, 1, 131072
31464, 137139, 1, 131072
31464, 110267, 1, 131072
31464, 108057, 1, 131072
31464, 106618, 1, 131072
31464, 108489, 1, 131072
31464, 109098, 1, 131072
31464, 108512, 1, 131072
31465, 107983, 1, 131072
31465, 103472, 1, 131072
31465, 113640, 1, 131072
31465, 106522, 1, 131072
31465, 108372, 1, 131072
31465, 106848, 1, 131072
31473, 7888821, 1, 131072
31807, 333711422, 1, 131072
32188, 380803266, 1, 131072
32388, 200455949, 1, 131072
32454, 66327673, 1, 131072
32512, 57561108, 1, 131072
32548, 36429642, 1, 131072
32944, 396179770, 1, 131072
32945, 116433, 1, 131072
32945, 104752, 1, 131072
32945, 109939, 1, 131072
32945, 119047, 1, 131072
33017, 71759755, 1, 131072
33062, 44843850, 1, 131072
33306, 244565049, 1, 131072
33659, 353086700, 1, 131072
33698, 39021688, 1, 131072
33750, 51683874, 1, 131072
33825, 75556137, 1, 131072
34080, 254924423, 1, 131072
34161, 80139548, 1, 131072
34161, 101523, 1, 131072
34161, 83826, 1, 131072
34161, 82075, 1, 131072
34161, 112282, 1, 131072
34161, 91855, 1, 131072
34161, 94085, 1, 131072
34161, 89629, 1, 131072
34161, 83811, 1, 131072
34161, 64480, 1, 131072
34161, 65429, 1, 131072
34162, 67398, 1, 131072
34162, 75934, 1, 131072
34162, 79517, 1, 131072
34162, 74521, 1, 131072
34162, 74573, 1, 131072
34162, 69150, 1, 131072
34162, 63371, 1, 131072
34162, 62750, 1, 131072
34162, 63039, 1, 131072
34162, 72735, 1, 131072
34162, 70014, 1, 131072
34162, 69303, 1, 131072
34162, 66843, 1, 131072
34162, 66538, 1, 131072
34163, 61505, 1, 131072
34163, 72769, 1, 131072
34163, 59719, 1, 131072
34163, 71655, 1, 131072
34163, 70503, 1, 131072
34163, 70022, 1, 131072
34163, 68823, 1, 131072
34163, 66408, 1, 131072
34163, 63095, 1, 131072
34163, 62967, 1, 131072
34163, 64733, 1, 131072
34163, 91884, 1, 131072
34163, 69618, 1, 131072
34163, 73404, 1, 131072
34164, 73440, 1, 131072
34164, 65901, 1, 131072
34164, 65321, 1, 131072
34164, 64567, 1, 131072
34164, 65608, 1, 131072
34164, 74919, 1, 131072
34164, 71909, 1, 131072
34164, 69353, 1, 131072
34164, 68670, 1, 131072
34164, 66952, 1, 131072
34164, 65001, 1, 131072
34164, 63651, 1, 131072
34164, 65066, 1, 131072
34164, 75882, 1, 131072
34164, 73134, 1, 131072
34165, 73328, 1, 131072
34165, 73182, 1, 131072
34165, 98374, 1, 131072
34165, 66615, 1, 131072
34165, 66165, 1, 131072
34165, 67920, 1, 131072
34165, 75515, 1, 131072
34165, 73001, 1, 131072
34165, 76858, 1, 131072
34165, 74076, 1, 131072
34165, 76970, 1, 131072
34165, 75652, 1, 131072
34165, 81228, 1, 131072
34166, 85676, 1, 131072
34166, 95262, 1, 131072
34166, 90383, 1, 131072
34166, 88389, 1, 131072
34166, 85033, 1, 131072
34166, 80948, 1, 131072
34166, 80848, 1, 131072
34166, 78469, 1, 131072
34166, 79985, 1, 131072
34166, 95982, 1, 131072
34166, 111225, 1, 131072
34167, 92754, 1, 131072
34167, 82592, 1, 131072
34167, 86642, 1, 131072
34167, 78692, 1, 131072
34167, 79843, 1, 131072
34167, 81224, 1, 131072
34167, 100544, 1, 131072
34167, 94705, 1, 131072
34167, 117865, 1, 131072
34167, 89790, 1, 131072
34167, 85664, 1, 131072
34168, 81474, 1, 131072
34168, 79036, 1, 131072
34168, 84539, 1, 131072
34168, 97726, 1, 131072
34168, 94347, 1, 131072
34168, 98232, 1, 131072
34168, 87389, 1, 131072
34168, 86791, 1, 131072
34168, 82871, 1, 131072
34168, 81770, 1, 131072
34168, 83988, 1, 131072
34169, 102440, 1, 131072
34169, 98870, 1, 131072
34169, 96278, 1, 131072
34169, 90628, 1, 131072
34169, 83752, 1, 131072
34169, 84011, 1, 131072
34169, 82569, 1, 131072
34169, 78815, 1, 131072
34169, 100882, 1, 131072
34169, 98189, 1, 131072
34169, 96594, 1, 131072
34170, 95175, 1, 131072
34170, 84572, 1, 131072
34170, 81490, 1, 131072
34170, 82606, 1, 131072
34170, 74068, 1, 131072
34170, 82837, 1, 131072
34170, 82229, 1, 131072
34170, 89211, 1, 131072
34170, 81296, 1, 131072
34170, 74779, 1, 131072
34170, 70861, 1, 131072
34170, 75717, 1, 131072
34171, 68627, 1, 131072
34171, 84712, 1, 131072
34171, 80660, 1, 131072
34171, 86197, 1, 131072
34171, 78935, 1, 131072
34171, 77766, 1, 131072
34171, 69843, 1, 131072
34171, 71996, 1, 131072
34171, 72380, 1, 131072
34171, 109106, 1, 131072
34171, 84165, 1, 131072
34171, 82212, 1, 131072
34172, 79925, 1, 131072
34172, 75263, 1, 131072
34172, 79172, 1, 131072
34172, 87037, 1, 131072
34409, 237348801, 1, 131072
34635, 226062417, 1, 131072
35164, 528421819, 1, 131072
35254, 89907579, 1, 131072
35558, 304084477, 1, 131072
35724, 165948304, 1, 131072
35818, 94506370, 1, 131072
35865, 47258282, 1, 131072
36008, 142930767, 1, 131072
36083, 74595172, 1, 131072
36083, 136721, 1, 131072
36083, 142063, 1, 131072
36129, 45789890, 1, 131072
36425, 296146160, 1, 131072
36461, 35620596, 1, 131072
36581, 120412308, 1, 131072
37050, 469007175, 1, 131072
37440, 389687141, 1, 131072
37677, 236956133, 1, 131072
38235, 557924458, 1, 131072
38235, 121064, 1, 131072
38235, 108560, 1, 131072
38235, 115206, 1, 131072
38235, 99706, 1, 131072
38235, 105587, 1, 131072
38235, 104769, 1, 131072
38236, 91060, 1, 131072
38236, 86253, 1, 131072
38236, 86016, 1, 131072
38236, 83853, 1, 131072
38236, 179909, 1, 131072
38236, 121992, 1, 131072
38236, 131409, 1, 131072
38236, 116506, 1, 131072
38236, 102110, 1, 131072
38237, 148603, 1, 131072
38237, 133994, 1, 131072
38237, 101492, 1, 131072
38237, 109302, 1, 131072
38237, 99042, 1, 131072
38237, 94673, 1, 131072
38237, 95849, 1, 131072
38237, 93751, 1, 131072
38238, 138828, 1, 131072
38238, 105241, 1, 131072
38238, 111002, 1, 131072
38238, 103818, 1, 131072
38238, 113342, 1, 131072
38238, 130269, 1, 131072
38238, 125426, 1, 131072
38238, 110088, 1, 131072
38238, 100822, 1, 131072
38239, 128551, 1, 131072
38239, 121648, 1, 131072
38239, 232907, 1, 131072
38239, 136699, 1, 131072
38239, 87212, 1, 131072
38239, 86667, 1, 131072
38239, 80387, 1, 131072
38239, 81130, 1, 131072
38240, 80827, 1, 131072
38240, 77426, 1, 131072
38240, 75915, 1, 131072
38240, 81468, 1, 131072
38240, 79248, 1, 131072
38240, 74781, 1, 131072
38240, 82088, 1, 131072
38240, 86180, 1, 131072
38240, 79854, 1, 131072
38240, 82037, 1, 131072
38240, 83157, 1, 131072
38240, 81897, 1, 131072
38241, 81077, 1, 131072
38241, 79592, 1, 131072
38241, 84031, 1, 131072
38241, 79181, 1, 131072
38241, 81614, 1, 131072
38241, 98888, 1, 131072
38479, 238234050, 1, 131072
38550, 70318312, 1, 131072
38550, 152502, 1, 131072
38550, 114044, 1, 131072
38550, 90985, 1, 131072
38550, 89960, 1, 131072
38550, 168711, 1, 131072
38550, 110927, 1, 131072
38550, 155883, 1, 131072
38623, 72816730, 1, 131072
38697, 73368963, 1, 131072
38768, 71703147, 1, 131072
38934, 165609433, 1, 131072
38934, 127754, 1, 131072
39244, 310317015, 1, 131072
39355, 110842105, 1, 131072
39491, 135821242, 1, 131072
39491, 117741, 1, 131072
39491, 106917, 1, 131072
39491, 116524, 1, 131072
39492, 103864, 1, 131072
39552, 60249357, 1, 131072
39552, 127796, 1, 131072
39552, 159452, 1, 131072
39552, 177214, 1, 131072
39552, 160924, 1, 131072
39553, 104583, 1, 131072
39553, 162243, 1, 131072
39553, 91182, 1, 131072
39553, 143922, 1, 131072
39553, 125729, 1, 131072
39553, 138478, 1, 131072
39553, 85252, 1, 131072
39553, 116006, 1, 131072
39554, 87976, 1, 131072
39554, 120458, 1, 131072
39554, 112669, 1, 131072
39554, 122951, 1, 131072
39554, 82093, 1, 131072
39554, 115499, 1, 131072
39554, 81598, 1, 131072
39554, 131641, 1, 131072
39554, 107045, 1, 131072
39555, 113438, 1, 131072
39555, 82635, 1, 131072
39555, 149383, 1, 131072
39555, 84485, 1, 131072
39555, 93985, 1, 131072
39555, 105220, 1, 131072
39555, 102837, 1, 131072
39555, 85031, 1, 131072
39555, 112812, 1, 131072
39555, 79920, 1, 131072
39556, 100686, 1, 131072
39556, 92455, 1, 131072
39556, 89145, 1, 131072
39556, 85684, 1, 131072
39556, 111485, 1, 131072
39556, 82275, 1, 131072
39556, 97044, 1, 131072
39556, 103947, 1, 131072
39556, 76440, 1, 131072
39556, 85662, 1, 131072
39556, 78283, 1, 131072
39557, 82579, 1, 131072
39557, 75159, 1, 131072
39557, 69328, 1, 131072
39557, 74813, 1, 131072
39557, 83903, 1, 131072
39557, 82310, 1, 131072
39557, 84237, 1, 131072
39557, 77116, 1, 131072
39557, 69768, 1, 131072
39557, 74083, 1, 131072
39557, 87954, 1, 131072
39557, 78603, 1, 131072
39558, 85142, 1, 131072
39558, 77295, 1, 131072
39558, 69570, 1, 131072
39558, 77071, 1, 131072
39558, 90291, 1, 131072
39558, 79664, 1, 131072
39558, 87079, 1, 131072
39558, 76550, 1, 131072
39558, 76906, 1, 131072
39558, 84520, 1, 131072
39558, 123188, 1, 131072
39558, 93269, 1, 131072
39559, 110394, 1, 131072
39559, 95090, 1, 131072
39559, 96173, 1, 131072
39559, 184834, 1, 131072
39559, 200869, 1, 131072
39559, 113823, 1, 131072
39559, 166784, 1, 131072
39560, 111621, 1, 131072
39560, 98230, 1, 131072
39560, 201238, 1, 131072
39560, 194552, 1, 131072
39560, 114597, 1, 131072
39560, 203038, 1, 131072
39561, 105837, 1, 131072
39561, 96744, 1, 131072
39561, 218739, 1, 131072
39561, 215970, 1, 131072
39561, 98778, 1, 131072
39561, 208179, 1, 131072
39561, 102547, 1, 131072
39562, 96201, 1, 131072
39562, 218091, 1, 131072
39562, 201090, 1, 131072
39562, 109563, 1, 131072
39834, 271739436, 1, 131072
39996, 161649149, 1, 131072
39996, 113713, 1, 131072
39996, 108442, 1, 131072
39996, 116554, 1, 131072
39996, 116521, 1, 131072
39996, 109834, 1, 131072
39996, 102568, 1, 131072
39996, 103771, 1, 131072
39996, 106876, 1, 131072
40051, 54418563, 1, 131072
40107, 55646240, 1, 131072
40172, 65088700, 1, 131072
40172, 142238, 1, 131072
40172, 132741, 1, 131072
40172, 125882, 1, 131072
40172, 121450, 1, 131072
40172, 121050, 1, 131072
40172, 118739, 1, 131072
40172, 120499, 1, 131072
40173, 118674, 1, 131072
40173, 102310, 1, 131072
40173, 107626, 1, 131072
40173, 96257, 1, 131072
40173, 96708, 1, 131072
40173, 98617, 1, 131072
40173, 99880, 1, 131072
40173, 99500, 1, 131072
40173, 96827, 1, 131072
40174, 93023, 1, 131072
40174, 88807, 1, 131072
40174, 88001, 1, 131072
40174, 85846, 1, 131072
40174, 94989, 1, 131072
40174, 83702, 1, 131072
40174, 86048, 1, 131072
40174, 92920, 1, 131072
40174, 109990, 1, 131072
40174, 86352, 1, 131072
40174, 84133, 1, 131072
40175, 83455, 1, 131072
40175, 88243, 1, 131072
40175, 80722, 1, 131072
40175, 81940, 1, 131072
40175, 84665, 1, 131072
40175, 83083, 1, 131072
40175, 86306, 1, 131072
40175, 82003, 1, 131072
40175, 83003, 1, 131072
40176, 312016, 1, 131072
40237, 61091628, 1, 131072
40270, 33153906, 1, 131072
40270, 171706, 1, 131072
40315, 45459974, 1, 131072
40544, 228939898, 1, 131072
40545, 159002, 1, 131072
40545, 163020, 1, 131072
40545, 139324, 1, 131072
40545, 121527, 1, 131072
40545, 115876, 1, 131072
40545, 162052, 1, 131072
40545, 134304, 1, 131072
40546, 164365, 1, 131072
40546, 127206, 1, 131072
40546, 91800, 1, 131072
40546, 88178, 1, 131072
40546, 180354, 1, 131072
40546, 170391, 1, 131072
40546, 161537, 1, 131072
40547, 94646, 1, 131072
40547, 114133, 1, 131072
40607, 59862214, 1, 131072
40666, 59872857, 1, 131072
40667, 133767, 1, 131072
40673, 6109702, 1, 131072
40673, 213270, 1, 131072
40673, 158863, 1, 131072
40673, 104457, 1, 131072
40714, 41285626, 1, 131072
41474, 759624413, 1, 131072
41547, 73301247, 1, 131072
41590, 42844697, 1, 131072
41850, 260109305, 1, 131072
41851, 739234, 1, 131072
41851, 163442, 1, 131072
41851, 115054, 1, 131072
41851, 93284, 1, 131072
41852, 141683, 1, 131072
41852, 80872, 1, 131072
41852, 74473, 1, 131072
41852, 77223, 1, 131072
41852, 74877, 1, 131072
41852, 68671, 1, 131072
41852, 67837, 1, 131072
41852, 68394, 1, 131072
41852, 78537, 1, 131072
41852, 106846, 1, 131072
41852, 87323, 1, 131072
41853, 113859, 1, 131072
41853, 84812, 1, 131072
41853, 68171, 1, 131072
41853, 115117, 1, 131072
41853, 131060, 1, 131072
41853, 113984, 1, 131072
41853, 86228, 1, 131072
41853, 128858, 1, 131072
41853, 91025, 1, 131072
41853, 74998, 1, 131072
41854, 131560, 1, 131072
41854, 138269, 1, 131072
41854, 118626, 1, 131072
41854, 90475, 1, 131072
41854, 103847, 1, 131072
41854, 83719, 1, 131072
41854, 74039, 1, 131072
41854, 138649, 1, 131072
41855, 416248, 1, 131072
41855, 238438, 1, 131072
41855, 114492, 1, 131072
41855, 87981, 1, 131072
41855, 112714, 1, 131072
41855, 142121, 1, 131072
41856, 95445, 1, 131072
41856, 86074, 1, 131072
41856, 84819, 1, 131072
41856, 82943, 1, 131072
41856, 87993, 1, 131072
41856, 73774, 1, 131072
41856, 76461, 1, 131072
41856, 90324, 1, 131072
41856, 85457, 1, 131072
41856, 83544, 1, 131072
41856, 83162, 1, 131072
41857, 119763, 1, 131072
41857, 112181, 1, 131072
41857, 131828, 1, 131072
41857, 97647, 1, 131072
41857, 92043, 1, 131072
41857, 89647, 1, 131072
41857, 88176, 1, 131072
41857, 126304, 1, 131072
41857, 90654, 1, 131072
41858, 118695, 1, 131072
41858, 96820, 1, 131072
41858, 119318, 1, 131072
41858, 316991, 1, 131072
41858, 116887, 1, 131072
41858, 227356, 1, 131072
41859, 136609, 1, 131072
41859, 261460, 1, 131072
41859, 278860, 1, 131072
41859, 115354, 1, 131072
41859, 251533, 1, 131072
41860, 122921, 1, 131072
41860, 235538, 1, 131072
41860, 142064, 1, 131072
41860, 243935, 1, 131072
41860, 117090, 1, 131072
41860, 113437, 1, 131072
41861, 324576, 1, 131072
41861, 118159, 1, 131072
41861, 312243, 1, 131072
41861, 146306, 1, 131072
41876, 14203191, 1, 131072
41876, 177647, 1, 131072
41876, 162825, 1, 131072
41876, 181267, 1, 131072
41876, 181311, 1, 131072
41877, 433808, 1, 131072
41877, 167134, 1, 131072
41877, 113796, 1, 131072
41877, 146059, 1, 131072
41877, 187837, 1, 131072
41878, 208268, 1, 131072
41878, 142972, 1, 131072
41878, 129902, 1, 131072
41878, 335184, 1, 131072
41879, 651631, 1, 131072
41879, 173287, 1, 131072
42164, 285105483, 1, 131072
42164, 305658, 1, 131072
42177, 13031383, 1, 131072
42178, 130880, 1, 131072
42178, 130618, 1, 131072
42178, 157745, 1, 131072
42178, 127730, 1, 131072
42178, 120584, 1, 131072
42178, 116122, 1, 131072
42178, 130574, 1, 131072
42179, 113492, 1, 131072
42179, 106984, 1, 131072
42179, 115198, 1, 131072
42179, 111103, 1, 131072
42292, 113501237, 1, 131072
42343, 50215201, 1, 131072
42419, 76630264, 1, 131072
42454, 34490572, 1, 131072
42634, 180042907, 1, 131072
42856, 222366361, 1, 131072
42856, 163955, 1, 131072
43026, 169580245, 1, 131072
43060, 34244968, 1, 131072
43107, 46610235, 1, 131072
43146, 39252100, 1, 131072
43258, 112141573, 1, 131072
43527, 268962742, 1, 131072
43527, 135473, 1, 131072
43527, 98639, 1, 131072
43528, 117965, 1, 131072
43528, 177689, 1, 131072
43528, 179767, 1, 131072
43528, 195476, 1, 131072
43528, 96519, 1, 131072
43528, 79453, 1, 131072
43528, 67823, 1, 131072
43528, 144380, 1, 131072
43529, 147677, 1, 131072
43529, 153365, 1, 131072
43529, 85695, 1, 131072
43529, 85450, 1, 131072
43529, 81689, 1, 131072
43529, 134869, 1, 131072
43529, 152448, 1, 131072
43529, 125245, 1, 131072
43742, 212843510, 1, 131072
43950, 207418017, 1, 131072
44022, 72532078, 1, 131072
44064, 41682242, 1, 131072
44298, 233574511, 1, 131072
44377, 79031564, 1, 131072
44429, 52041725, 1, 131072
44431, 2360137, 1, 131072
45015, 583836599, 1, 131072
45015, 159110, 1, 131072
45015, 131219, 1, 131072
45015, 149647, 1, 131072
45015, 123004, 1, 131072
45016, 114011, 1, 131072
45016, 124043, 1, 131072
45016, 158550, 1, 131072
45016, 122296, 1, 131072
45016, 93070, 1, 131072
45016, 96273, 1, 131072
45016, 100287, 1, 131072
45016, 96677, 1, 131072
45016, 99020, 1, 131072
45017, 96411, 1, 131072
45017, 105049, 1, 131072
45017, 105866, 1, 131072
45017, 142485, 1, 131072
45017, 170440, 1, 131072
45017, 167680, 1, 131072
45017, 191706, 1, 131072
45018, 175388, 1, 131072
45018, 166450, 1, 131072
45018, 98212, 1, 131072
45018, 173323, 1, 131072
45018, 175978, 1, 131072
45018, 174345, 1, 131072
45019, 177272, 1, 131072
45019, 92910, 1, 131072
45019, 176794, 1, 131072
45019, 173682, 1, 131072
45019, 94628, 1, 131072
45019, 202861, 1, 131072
45020, 168519, 1, 131072
45020, 109244, 1, 131072
45020, 110377, 1, 131072
45020, 112828, 1, 131072
45020, 174241, 1, 131072
45020, 212160, 1, 131072
45020, 103384, 1, 131072
45021, 203910, 1, 131072
45021, 270240, 1, 131072
45021, 184440, 1, 131072
45021, 150493, 1, 131072
45021, 261409, 1, 131072
45022, 169735, 1, 131072
45259, 237393104, 1, 131072
45259, 124953, 1, 131072
45259, 108165, 1, 131072
45259, 107045, 1, 131072
45260, 109534, 1, 131072
45260, 112736, 1, 131072
45260, 114936, 1, 131072
45260, 114115, 1, 131072
45260, 300173, 1, 131072
45321, 60690348, 1, 131072
45737, 415651588, 1, 131072
45737, 94183, 1, 131072
45737, 93384, 1, 131072
45737, 90974, 1, 131072
45737, 103288, 1, 131072
45737, 89382, 1, 131072
46069, 331886038, 1, 131072
46069, 138904, 1, 131072
46644, 574901118, 1, 131072
46725, 80905383, 1, 131072
46725, 135406, 1, 131072
46789, 64143536, 1, 131072
46821, 31734920, 1, 131072
47143, 321852752, 1, 131072
47187, 44231737, 1, 131072
47225, 38308038, 1, 131072
47643, 417221532, 1, 131072
47704, 61246803, 1, 131072
48071, 367579382, 1, 131072
48552, 480687050, 1, 131072
48610, 58013331, 1, 131072
48945, 334975100, 1, 131072
48945, 121151, 1, 131072
49029, 83898809, 1, 131072
49118, 88753465, 1, 131072
49543, 424979352, 1, 131072
49603, 60021267, 1, 131072
49748, 145603145, 1, 131072
49841, 93031808, 1, 131072
49940, 98826375, 1, 131072
50164, 223190065, 1, 131072
50208, 44132113, 1, 131072
50270, 62641378, 1, 131072
50270, 108966, 1, 131072
50271, 125468, 1, 131072
50271, 136141, 1, 131072
50271, 115502, 1, 131072
50271, 131383, 1, 131072
50271, 115920, 1, 131072
50271, 97264, 1, 131072
50271, 114476, 1, 131072
50271, 113626, 1, 131072
50272, 147087, 1, 131072
50272, 110910, 1, 131072
50272, 122108, 1, 131072
50272, 110221, 1, 131072
50272, 108476, 1, 131072
50272, 55010, 1, 131072
50272, 82998, 1, 131072
50272, 105274, 1, 131072
50272, 108152, 1, 131072
50272, 113009, 1, 131072
50273, 133856, 1, 131072
50273, 129493, 1, 131072
50273, 97912, 1, 131072
50273, 117496, 1, 131072
50273, 159345, 1, 131072
50273, 102248, 1, 131072
50273, 113769, 1, 131072
50273, 93579, 1, 131072
50274, 69869, 1, 131072
50274, 120383, 1, 131072
50274, 82729, 1, 131072
50274, 97716, 1, 131072
50274, 77400, 1, 131072
50274, 107351, 1, 131072
50274, 82857, 1, 131072
50274, 99154, 1, 131072
50274, 92939, 1, 131072
50274, 111505, 1, 131072
50275, 117623, 1, 131072
50275, 119173, 1, 131072
50275, 115550, 1, 131072
50275, 111609, 1, 131072
50275, 109027, 1, 131072
50275, 112894, 1, 131072
50275, 151722, 1, 131072
50275, 70544, 1, 131072
50275, 106431, 1, 131072
50276, 112150, 1, 131072
50276, 85711, 1, 131072
50276, 92526, 1, 131072
50276, 114236, 1, 131072
50276, 95018, 1, 131072
50276, 80554, 1, 131072
50276, 87735, 1, 131072
50276, 70745, 1, 131072
50276, 94745, 1, 131072
50276, 89467, 1, 131072
50277, 183555, 1, 131072
50277, 79611, 1, 131072
50277, 158847, 1, 131072
50277, 77024, 1, 131072
50277, 76016, 1, 131072
50277, 90316, 1, 131072
50277, 84091, 1, 131072
50277, 115485, 1, 131072
50277, 86649, 1, 131072
50278, 185175, 1, 131072
50278, 99219, 1, 131072
50278, 86075, 1, 131072
50278, 96586, 1, 131072
50278, 84643, 1, 131072
50278, 186043, 1, 131072
50278, 113664, 1, 131072
50278, 184306, 1, 131072
50279, 99618, 1, 131072
50279, 89808, 1, 131072
50279, 79981, 1, 131072
50279, 81847, 1, 131072
50279, 202135, 1, 131072
50279, 114012, 1, 131072
50279, 138175, 1, 131072
50279, 98666, 1, 131072
50279, 93255, 1, 131072
50280, 93681, 1, 131072
50280, 91916, 1, 131072
50280, 222017, 1, 131072
50280, 387985, 1, 131072
50434, 153988788, 1, 131072
50434, 154743, 1, 131072
50435, 814605, 1, 131072
50435, 118393, 1, 131072
50435, 94406, 1, 131072
50436, 168377, 1, 131072
50436, 161667, 1, 131072
50436, 174619, 1, 131072
50436, 175627, 1, 131072
50436, 157891, 1, 131072
50436, 87972, 1, 131072
50437, 97355, 1, 131072
50437, 167660, 1, 131072
50437, 307553, 1, 131072
50437, 128105, 1, 131072
50437, 84474, 1, 131072
50437, 113188, 1, 131072
50437, 72772, 1, 131072
50437, 67819, 1, 131072
50438, 92883, 1, 131072
50438, 115704, 1, 131072
50438, 115439, 1, 131072
50438, 81974, 1, 131072
50438, 124641, 1, 131072
50438, 82783, 1, 131072
50438, 74973, 1, 131072
50438, 120135, 1, 131072
50438, 121531, 1, 131072
50439, 144497, 1, 131072
50439, 89582, 1, 131072
50439, 286743, 1, 131072
50439, 81540, 1, 131072
50439, 67695, 1, 131072
50439, 114465, 1, 131072
50439, 126963, 1, 131072
50440, 146364, 1, 131072
50440, 99668, 1, 131072
50440, 142378, 1, 131072
50440, 97933, 1, 131072
50440, 72927, 1, 131072
50440, 212859, 1, 131072
50440, 132158, 1, 131072
50440, 131595, 1, 131072
50441, 163661, 1, 131072
50441, 104898, 1, 131072
50441, 185335, 1, 131072
50598, 156750102, 1, 131072
50913, 315088245, 1, 131072
50977, 64201232, 1, 131072
50989, 11672674, 1, 131072
53308, 2319773564, 1, 131072
53309, 120323, 1, 131072
53309, 106089, 1, 131072
53309, 105785, 1, 131072
53309, 100370, 1, 131072
53309, 101383, 1, 131072
53309, 95250, 1, 131072
53309, 101618, 1, 131072
53309, 108747, 1, 131072
53309, 123514, 1, 131072
53310, 133453, 1, 131072
53310, 137997, 1, 131072
53310, 99880, 1, 131072
53310, 89001, 1, 131072
53310, 90066, 1, 131072
53310, 106492, 1, 131072
53310, 115343, 1, 131072
53310, 110588, 1, 131072
53310, 114213, 1, 131072
53311, 115784, 1, 131072
53311, 140686, 1, 131072
53311, 137558, 1, 131072
53311, 136292, 1, 131072
53311, 130604, 1, 131072
53311, 130224, 1, 131072
53311, 113237, 1, 131072
53311, 136849, 1, 131072
53312, 152497, 1, 131072
53312, 148239, 1, 131072
53312, 141674, 1, 131072
53312, 132894, 1, 131072
53312, 115010, 1, 131072
53312, 145311, 1, 131072
53312, 131629, 1, 131072
53313, 105127, 1, 131072
53313, 107870, 1, 131072
53313, 116839, 1, 131072
53313, 112363, 1, 131072
53313, 111746, 1, 131072
53313, 106568, 1, 131072
53313, 109689, 1, 131072
53313, 121262, 1, 131072
53314, 118308, 1, 131072
53314, 110945, 1, 131072
53314, 118861, 1, 131072
53314, 111351, 1, 131072
53314, 112348, 1, 131072
53314, 116896, 1, 131072
53314, 120964, 1, 131072
53314, 121884, 1, 131072
53314, 151183, 1, 131072
53315, 127594, 1, 131072
53315, 118665, 1, 131072
53315, 103014, 1, 131072
53315, 114120, 1, 131072
53315, 134178, 1, 131072
53315, 127392, 1, 131072
53315, 136709, 1, 131072
53316, 133816, 1, 131072
53316, 156343, 1, 131072
53316, 146724, 1, 131072
53316, 144222, 1, 131072
53316, 150735, 1, 131072
53316, 135064, 1, 131072
53316, 130853, 1, 131072
53317, 141919, 1, 131072
53317, 153544, 1, 131072
53317, 149660, 1, 131072
53317, 141171, 1, 131072
53317, 135092, 1, 131072
53317, 131949, 1, 131072
53317, 143123, 1, 131072
53318, 157350, 1, 131072
53318, 154780, 1, 131072
53318, 142538, 1, 131072
53318, 121959, 1, 131072
53318, 132674, 1, 131072
53318, 131378, 1, 131072
53318, 128282, 1, 131072
53319, 119700, 1, 131072
53319, 120425, 1, 131072
53319, 113631, 1, 131072
53319, 104361, 1, 131072
53319, 157163, 1, 131072
54182, 862838705, 1, 131072
54304, 122168225, 1, 131072
54650, 345800201, 1, 131072
54692, 41820648, 1, 131072
54810, 118774309, 1, 131072
54863, 52080094, 1, 131072
54901, 38719046, 1, 131072
55080, 178595667, 1, 131072
55158, 77772961, 1, 131072
55500, 342035050, 1, 131072
55500, 115631, 1, 131072
55548, 48324184, 1, 131072
55948, 400091674, 1, 131072
56664, 716067918, 1, 131072
56664, 131959, 1, 131072
56665, 121100, 1, 131072
56665, 127881, 1, 131072
56665, 381954, 1, 131072
56723, 57551810, 1, 131072
57028, 305014631, 1, 131072
57081, 53760005, 1, 131072
57145, 63989614, 1, 131072
57386, 240105684, 1, 131072
57434, 48327543, 1, 131072
57491, 57130690, 1, 131072
57613, 122110613, 1, 131072
57864, 251117494, 1, 131072
57910, 45845310, 1, 131072
57965, 54852887, 1, 131072
57965, 122588, 1, 131072
57993, 27965825, 1, 131072
58053, 59714784, 1, 131072
58148, 95129512, 1, 131072
58235, 87152165, 1, 131072
58291, 55515262, 1, 131072
58291, 186634, 1, 131072
58291, 118984, 1, 131072
58291, 143337, 1, 131072
58291, 135790, 1, 131072
58291, 123142, 1, 131072
58291, 109015, 1, 131072
58292, 91792, 1, 131072
58292, 92895, 1, 131072
58292, 90530, 1, 131072
58292, 87802, 1, 131072
58292, 90456, 1, 131072
58292, 89030, 1, 131072
58292, 79086, 1, 131072
58292, 82434, 1, 131072
58292, 87234, 1, 131072
58292, 84467, 1, 131072
58292, 101644, 1, 131072
58293, 132874, 1, 131072
58293, 94449, 1, 131072
58293, 132347, 1, 131072
58293, 142136, 1, 131072
58293, 141205, 1, 131072
58293, 148823, 1, 131072
58293, 146801, 1, 131072
58294, 147353, 1, 131072
58294, 138870, 1, 131072
58294, 156272, 1, 131072
58294, 145388, 1, 131072
58294, 150153, 1, 131072
58294, 153151, 1, 131072
58294, 132621, 1, 131072
58295, 140552, 1, 131072
58295, 144969, 1, 131072
58295, 128141, 1, 131072
58295, 121824, 1, 131072
58295, 135983, 1, 131072
58295, 143912, 1, 131072
58295, 129971, 1, 131072
58296, 120084, 1, 131072
58296, 119677, 1, 131072
58296, 118149, 1, 131072
58296, 83810, 1, 131072
58296, 237294, 1, 131072
58369, 73358828, 1, 131072
58406, 36530886, 1, 131072
58446, 39727304, 1, 131072
58569, 123460104, 1, 131072
58778, 208884700, 1, 131072
60019, 1241222619, 1, 131072
