75, 32110631, 1, 4096
75, 56623, 1, 4096
75, 59669, 1, 4096
75, 57557, 1, 4096
75, 54387, 1, 4096
75, 53740, 1, 4096
75, 52150, 1, 4096
76, 53596, 1, 4096
76, 53499, 1, 4096
76, 51105, 1, 4096
76, 42659, 1, 4096
76, 39744, 1, 4096
76, 54154, 1, 4096
76, 51208, 1, 4096
76, 52179, 1, 4096
76, 53318, 1, 4096
76, 54493, 1, 4096
76, 40502, 1, 4096
76, 417074, 1, 4096
169, 92301242, 1, 4096
169, 36349, 1, 4096
169, 29474, 1, 4096
169, 29238, 1, 4096
169, 30541, 1, 4096
169, 28945, 1, 4096
169, 29362, 1, 4096
169, 27066, 1, 4096
169, 27287, 1, 4096
169, 28746, 1, 4096
169, 26246, 1, 4096
169, 221868, 1, 4096
169, 28068, 1, 4096
169, 28226, 1, 4096
169, 27987, 1, 4096
169, 28568, 1, 4096
169, 27739, 1, 4096
169, 27387, 1, 4096
170, 26658, 1, 4096
170, 27656, 1, 4096
170, 28510, 1, 4096
170, 26662, 1, 4096
170, 26761, 1, 4096
170, 27377, 1, 4096
170, 27362, 1, 4096
170, 26264, 1, 4096
170, 27183, 1, 4096
170, 26977, 1, 4096
170, 26321, 1, 4096
170, 26577, 1, 4096
170, 27780, 1, 4096
170, 27272, 1, 4096
170, 26480, 1, 4096
170, 27882, 1, 4096
170, 26940, 1, 4096
170, 26113, 1, 4096
170, 26796, 1, 4096
170, 27574, 1, 4096
170, 27883, 1, 4096
170, 27490, 1, 4096
170, 26696, 1, 4096
170, 26892, 1, 4096
170, 26105, 1, 4096
170, 27697, 1, 4096
170, 26866, 1, 4096
170, 26462, 1, 4096
170, 29043, 1, 4096
170, 26376, 1, 4096
170, 27647, 1, 4096
170, 26493, 1, 4096
170, 26319, 1, 4096
170, 26981, 1, 4096
170, 26974, 1, 4096
170, 25971, 1, 4096
171, 26756, 1, 4096
171, 26653, 1, 4096
171, 27351, 1, 4096
171, 26220, 1, 4096
171, 26034, 1, 4096
171, 32202, 1, 4096
171, 26397, 1, 4096
171, 26761, 1, 4096
171, 26677, 1, 4096
171, 42077, 1, 4096
171, 26949, 1, 4096
171, 27391, 1, 4096
171, 26857, 1, 4096
171, 26129, 1, 4096
171, 27161, 1, 4096
171, 26428, 1, 4096
171, 26838, 1, 4096
171, 26558, 1, 4096
171, 26767, 1, 4096
171, 26541, 1, 4096
171, 26315, 1, 4096
171, 26948, 1, 4096
171, 26576, 1, 4096
171, 26539, 1, 4096
171, 26854, 1, 4096
171, 27797, 1, 4096
171, 27615, 1, 4096
171, 26724, 1, 4096
171, 26107, 1, 4096
171, 26745, 1, 4096
171, 26442, 1, 4096
171, 26755, 1, 4096
171, 26526, 1, 4096
171, 27035, 1, 4096
172, 26485, 1, 4096
172, 26113, 1, 4096
172, 26338, 1, 4096
172, 26753, 1, 4096
172, 26726, 1, 4096
172, 26157, 1, 4096
172, 26701, 1, 4096
172, 26454, 1, 4096
172, 27257, 1, 4096
172, 26064, 1, 4096
172, 27007, 1, 4096
172, 27308, 1, 4096
172, 26388, 1, 4096
172, 26528, 1, 4096
172, 27544, 1, 4096
172, 26551, 1, 4096
172, 26741, 1, 4096
172, 26295, 1, 4096
172, 26758, 1, 4096
172, 26971, 1, 4096
172, 26584, 1, 4096
172, 27453, 1, 4096
172, 26384, 1, 4096
172, 27311, 1, 4096
172, 29171, 1, 4096
172, 28817, 1, 4096
172, 26695, 1, 4096
172, 26378, 1, 4096
172, 26573, 1, 4096
172, 29338, 1, 4096
172, 26868, 1, 4096
172, 26529, 1, 4096
172, 26745, 1, 4096
172, 26588, 1, 4096
172, 27155, 1, 4096
172, 26110, 1, 4096
173, 26112, 1, 4096
173, 25843, 1, 4096
173, 26526, 1, 4096
173, 26456, 1, 4096
173, 39062, 1, 4096
173, 39663, 1, 4096
173, 40108, 1, 4096
173, 37852, 1, 4096
173, 37760, 1, 4096
173, 36447, 1, 4096
173, 39930, 1, 4096
173, 38670, 1, 4096
173, 37794, 1, 4096
173, 39885, 1, 4096
173, 36207, 1, 4096
173, 38582, 1, 4096
173, 37821, 1, 4096
173, 36985, 1, 4096
173, 36953, 1, 4096
173, 36683, 1, 4096
173, 37296, 1, 4096
173, 37710, 1, 4096
173, 38292, 1, 4096
173, 45879, 1, 4096
173, 37516, 1, 4096
173, 38415, 1, 4096
174, 38907, 1, 4096
174, 37314, 1, 4096
174, 38481, 1, 4096
174, 37920, 1, 4096
174, 43135, 1, 4096
174, 38651, 1, 4096
174, 37865, 1, 4096
174, 38344, 1, 4096
174, 38857, 1, 4096
174, 37776, 1, 4096
174, 385904, 1, 4096
174, 165625, 1, 4096
175, 226804, 1, 4096
175, 251686, 1, 4096
175, 254315, 1, 4096
175, 244079, 1, 4096
176, 218773, 1, 4096
176, 153427, 1, 4096
176, 129972, 1, 4096
176, 103009, 1, 4096
176, 314054, 1, 4096
176, 62117, 1, 4096
177, 102776, 1, 4096
177, 68621, 1, 4096
177, 95591, 1, 4096
177, 66844, 1, 4096
177, 82753, 1, 4096
177, 69170, 1, 4096
177, 88385, 1, 4096
177, 59521, 1, 4096
177, 104367, 1, 4096
177, 101986, 1, 4096
177, 103988, 1, 4096
177, 105445, 1, 4096
178, 72527, 1, 4096
178, 147032, 1, 4096
178, 60589, 1, 4096
178, 59799, 1, 4096
178, 69589, 1, 4096
178, 60583, 1, 4096
178, 61999, 1, 4096
178, 58017, 1, 4096
178, 58718, 1, 4096
178, 63757, 1, 4096
178, 62994, 1, 4096
178, 56450, 1, 4096
178, 61042, 1, 4096
178, 58237, 1, 4096
179, 58548, 1, 4096
179, 56370, 1, 4096
179, 58552, 1, 4096
179, 63140, 1, 4096
179, 77514, 1, 4096
179, 65367, 1, 4096
179, 64536, 1, 4096
179, 59180, 1, 4096
179, 59705, 1, 4096
179, 59628, 1, 4096
179, 58939, 1, 4096
179, 63641, 1, 4096
179, 58148, 1, 4096
179, 74297, 1, 4096
180, 283295, 1, 4096
180, 66061, 1, 4096
180, 59829, 1, 4096
180, 57065, 1, 4096
180, 62360, 1, 4096
180, 63549, 1, 4096
180, 57804, 1, 4096
180, 63094, 1, 4096
180, 57503, 1, 4096
180, 57567, 1, 4096
180, 60403, 1, 4096
180, 56147, 1, 4096
180, 61352, 1, 4096
180, 56932, 1, 4096
181, 60326, 1, 4096
181, 60818, 1, 4096
181, 61173, 1, 4096
181, 57536, 1, 4096
181, 58345, 1, 4096
181, 58022, 1, 4096
181, 58571, 1, 4096
181, 58499, 1, 4096
181, 63381, 1, 4096
181, 58247, 1, 4096
181, 57878, 1, 4096
181, 63087, 1, 4096
181, 60172, 1, 4096
181, 57361, 1, 4096
181, 58568, 1, 4096
181, 58724, 1, 4096
182, 62106, 1, 4096
182, 57682, 1, 4096
182, 56755, 1, 4096
182, 58090, 1, 4096
182, 59629, 1, 4096
182, 57941, 1, 4096
182, 58775, 1, 4096
182, 64813, 1, 4096
182, 57956, 1, 4096
182, 58189, 1, 4096
182, 58850, 1, 4096
182, 60822, 1, 4096
182, 57276, 1, 4096
182, 57054, 1, 4096
182, 59530, 1, 4096
182, 62052, 1, 4096
182, 57404, 1, 4096
183, 59176, 1, 4096
183, 58569, 1, 4096
183, 58482, 1, 4096
183, 59382, 1, 4096
183, 80595, 1, 4096
184, 1320008, 1, 4096
581, 396675707, 1, 4096
583, 1919444, 1, 4096
583, 28466, 1, 4096
583, 27535, 1, 4096
583, 27857, 1, 4096
583, 27156, 1, 4096
583, 28212, 1, 4096
583, 26749, 1, 4096
583, 27147, 1, 4096
583, 27289, 1, 4096
583, 27446, 1, 4096
583, 26723, 1, 4096
583, 27229, 1, 4096
583, 26639, 1, 4096
583, 27716, 1, 4096
583, 27036, 1, 4096
583, 27189, 1, 4096
583, 27672, 1, 4096
583, 27127, 1, 4096
583, 26448, 1, 4096
583, 26984, 1, 4096
583, 26736, 1, 4096
583, 29477, 1, 4096
583, 27608, 1, 4096
583, 27248, 1, 4096
583, 27500, 1, 4096
583, 27165, 1, 4096
583, 28097, 1, 4096
584, 27387, 1, 4096
584, 27694, 1, 4096
584, 26830, 1, 4096
584, 27380, 1, 4096
584, 27091, 1, 4096
584, 26168, 1, 4096
584, 28000, 1, 4096
584, 26573, 1, 4096
584, 27257, 1, 4096
584, 26811, 1, 4096
584, 27656, 1, 4096
584, 40311, 1, 4096
584, 29869, 1, 4096
584, 30037, 1, 4096
584, 30468, 1, 4096
584, 29557, 1, 4096
584, 30468, 1, 4096
584, 30143, 1, 4096
584, 30033, 1, 4096
584, 29093, 1, 4096
584, 29794, 1, 4096
584, 29357, 1, 4096
584, 29294, 1, 4096
584, 29378, 1, 4096
584, 29235, 1, 4096
584, 29405, 1, 4096
584, 29606, 1, 4096
584, 29450, 1, 4096
584, 31146, 1, 4096
584, 29502, 1, 4096
584, 29893, 1, 4096
584, 29528, 1, 4096
584, 29800, 1, 4096
585, 30086, 1, 4096
585, 38887, 1, 4096
585, 29552, 1, 4096
585, 29730, 1, 4096
585, 29516, 1, 4096
585, 32258, 1, 4096
585, 29623, 1, 4096
585, 29388, 1, 4096
585, 28984, 1, 4096
585, 29458, 1, 4096
585, 29917, 1, 4096
585, 29301, 1, 4096
585, 29881, 1, 4096
585, 29762, 1, 4096
585, 29189, 1, 4096
585, 29211, 1, 4096
585, 30247, 1, 4096
585, 29424, 1, 4096
585, 29200, 1, 4096
585, 28991, 1, 4096
585, 29268, 1, 4096
585, 28735, 1, 4096
585, 29604, 1, 4096
585, 29200, 1, 4096
585, 29899, 1, 4096
585, 29947, 1, 4096
585, 28669, 1, 4096
585, 30069, 1, 4096
585, 31761, 1, 4096
585, 29260, 1, 4096
585, 29057, 1, 4096
586, 29004, 1, 4096
586, 29539, 1, 4096
586, 28975, 1, 4096
586, 29806, 1, 4096
586, 29274, 1, 4096
586, 28740, 1, 4096
586, 29609, 1, 4096
586, 29695, 1, 4096
586, 33039, 1, 4096
586, 29695, 1, 4096
586, 28913, 1, 4096
586, 29893, 1, 4096
586, 28840, 1, 4096
586, 29664, 1, 4096
586, 29158, 1, 4096
586, 29254, 1, 4096
586, 29540, 1, 4096
586, 29698, 1, 4096
586, 38101, 1, 4096
593, 6932274, 1, 4096
593, 39803, 1, 4096
593, 42998, 1, 4096
593, 41180, 1, 4096
593, 47512, 1, 4096
593, 40041, 1, 4096
593, 40849, 1, 4096
593, 43492, 1, 4096
593, 40116, 1, 4096
593, 40262, 1, 4096
593, 45063, 1, 4096
594, 41539, 1, 4096
594, 40621, 1, 4096
594, 41033, 1, 4096
594, 40260, 1, 4096
594, 39053, 1, 4096
594, 41943, 1, 4096
594, 41220, 1, 4096
594, 41829, 1, 4096
594, 40819, 1, 4096
594, 41168, 1, 4096
594, 41488, 1, 4096
594, 44225, 1, 4096
594, 42748, 1, 4096
594, 41912, 1, 4096
594, 40987, 1, 4096
594, 40562, 1, 4096
594, 41371, 1, 4096
594, 41927, 1, 4096
594, 42870, 1, 4096
594, 43009, 1, 4096
594, 43283, 1, 4096
594, 41896, 1, 4096
594, 39647, 1, 4096
594, 39922, 1, 4096
595, 39726, 1, 4096
595, 40873, 1, 4096
595, 39662, 1, 4096
595, 41404, 1, 4096
595, 56746, 1, 4096
595, 42718, 1, 4096
595, 40790, 1, 4096
595, 41396, 1, 4096
595, 40626, 1, 4096
595, 39907, 1, 4096
595, 44194, 1, 4096
595, 44008, 1, 4096
595, 39300, 1, 4096
595, 40020, 1, 4096
595, 40055, 1, 4096
595, 43919, 1, 4096
595, 41503, 1, 4096
595, 39197, 1, 4096
595, 40037, 1, 4096
595, 39965, 1, 4096
595, 39450, 1, 4096
595, 43004, 1, 4096
595, 38993, 1, 4096
596, 39705, 1, 4096
596, 40641, 1, 4096
596, 38693, 1, 4096
596, 40521, 1, 4096
596, 40926, 1, 4096
596, 40136, 1, 4096
596, 41743, 1, 4096
596, 43634, 1, 4096
596, 41351, 1, 4096
596, 42437, 1, 4096
596, 40138, 1, 4096
596, 41442, 1, 4096
596, 39554, 1, 4096
596, 51087, 1, 4096
596, 41961, 1, 4096
596, 41004, 1, 4096
596, 43256, 1, 4096
596, 42686, 1, 4096
596, 41741, 1, 4096
596, 41802, 1, 4096
596, 39313, 1, 4096
596, 41378, 1, 4096
596, 40297, 1, 4096
597, 41562, 1, 4096
597, 41611, 1, 4096
597, 41806, 1, 4096
597, 39666, 1, 4096
597, 40796, 1, 4096
597, 42742, 1, 4096
597, 43009, 1, 4096
597, 40390, 1, 4096
597, 40930, 1, 4096
597, 42186, 1, 4096
597, 47197, 1, 4096
597, 43325, 1, 4096
597, 42674, 1, 4096
597, 39721, 1, 4096
597, 40302, 1, 4096
597, 41205, 1, 4096
597, 45797, 1, 4096
597, 43119, 1, 4096
597, 41273, 1, 4096
597, 42399, 1, 4096
597, 45793, 1, 4096
597, 40921, 1, 4096
597, 55431, 1, 4096
598, 38907, 1, 4096
598, 38249, 1, 4096
598, 43432, 1, 4096
598, 43440, 1, 4096
598, 44679, 1, 4096
598, 42544, 1, 4096
598, 39037, 1, 4096
598, 41970, 1, 4096
598, 40983, 1, 4096
598, 41058, 1, 4096
598, 40978, 1, 4096
598, 42136, 1, 4096
598, 40329, 1, 4096
598, 40918, 1, 4096
598, 41492, 1, 4096
598, 41185, 1, 4096
598, 42473, 1, 4096
598, 43906, 1, 4096
598, 45029, 1, 4096
598, 41613, 1, 4096
598, 42627, 1, 4096
598, 41793, 1, 4096
598, 42616, 1, 4096
599, 42133, 1, 4096
599, 42753, 1, 4096
599, 40501, 1, 4096
599, 67543, 1, 4096
1016, 417563772, 1, 4096
1016, 43243, 1, 4096
1016, 38918, 1, 4096
1017, 176116, 1, 4096
1017, 31256, 1, 4096
1017, 66690, 1, 4096
1017, 34265, 1, 4096
1017, 42483, 1, 4096
1017, 59193, 1, 4096
1083, 65859842, 1, 4096
1314, 231122303, 1, 4096
1314, 41932, 1, 4096
1314, 38764, 1, 4096
1314, 38434, 1, 4096
1314, 37626, 1, 4096
1314, 38665, 1, 4096
1314, 39462, 1, 4096
1314, 37595, 1, 4096
1314, 38436, 1, 4096
1314, 37858, 1, 4096
1314, 37496, 1, 4096
1314, 38583, 1, 4096
1314, 38610, 1, 4096
1314, 39092, 1, 4096
1314, 39007, 1, 4096
1314, 36857, 1, 4096
1314, 37589, 1, 4096
1314, 37699, 1, 4096
1315, 40176, 1, 4096
1315, 55180, 1, 4096
1315, 39354, 1, 4096
1315, 39227, 1, 4096
1315, 38889, 1, 4096
1315, 37510, 1, 4096
1315, 34662, 1, 4096
1315, 34694, 1, 4096
1410, 95296450, 1, 4096
1659, 248665216, 1, 4096
1704, 45491722, 1, 4096
1731, 26852615, 1, 4096
1731, 50016, 1, 4096
1772, 41127687, 1, 4096
1799, 26363896, 1, 4096
1968, 169115384, 1, 4096
1968, 50574, 1, 4096
1968, 42207, 1, 4096
1968, 45277, 1, 4096
1968, 58271, 1, 4096
1968, 30499, 1, 4096
2046, 78150959, 1, 4096
2046, 55464, 1, 4096
2046, 37640, 1, 4096
2046, 42927, 1, 4096
2046, 33769, 1, 4096
2046, 34371, 1, 4096
2046, 57955, 1, 4096
2047, 37805, 1, 4096
2047, 27098, 1, 4096
2047, 47804, 1, 4096
2047, 33583, 1, 4096
2047, 48701, 1, 4096
2047, 29716, 1, 4096
2047, 38659, 1, 4096
2047, 29890, 1, 4096
2047, 32369, 1, 4096
2047, 49681, 1, 4096
2047, 32784, 1, 4096
2047, 51463, 1, 4096
2047, 31491, 1, 4096
2047, 40706, 1, 4096
2047, 29412, 1, 4096
2047, 28887, 1, 4096
2047, 52025, 1, 4096
2047, 26965, 1, 4096
2047, 273466, 1, 4096
2047, 34047, 1, 4096
2048, 30682, 1, 4096
2048, 54081, 1, 4096
2048, 31296, 1, 4096
2048, 46322, 1, 4096
2048, 30584, 1, 4096
2048, 26510, 1, 4096
2048, 45475, 1, 4096
2048, 34668, 1, 4096
2048, 47441, 1, 4096
2048, 30057, 1, 4096
2048, 40096, 1, 4096
2048, 28909, 1, 4096
2048, 25883, 1, 4096
2048, 32548, 1, 4096
2048, 63098, 1, 4096
2048, 42273, 1, 4096
2408, 359414065, 1, 4096
2438, 30621152, 1, 4096
2573, 134722685, 1, 4096
2598, 25174428, 1, 4096
2647, 48840250, 1, 4096
2690, 43436726, 1, 4096
2729, 38638885, 1, 4096
2775, 46161783, 1, 4096
2805, 29842289, 1, 4096
2854, 49070501, 1, 4096
2886, 31968941, 1, 4096
2933, 46722250, 1, 4096
2960, 27088764, 1, 4096
3114, 153924778, 1, 4096
3213, 99628612, 1, 4096
3289, 75397337, 1, 4096
3289, 34249, 1, 4096
3289, 34004, 1, 4096
3289, 33564, 1, 4096
3289, 34204, 1, 4096
3289, 32160, 1, 4096
3289, 33430, 1, 4096
3289, 33061, 1, 4096
3289, 33861, 1, 4096
3289, 33128, 1, 4096
3289, 33981, 1, 4096
3289, 34540, 1, 4096
3289, 34103, 1, 4096
3289, 42697, 1, 4096
3289, 38057, 1, 4096
3289, 36797, 1, 4096
3289, 35767, 1, 4096
3289, 35781, 1, 4096
3290, 38252, 1, 4096
3290, 37770, 1, 4096
3290, 37487, 1, 4096
3290, 36158, 1, 4096
3290, 37464, 1, 4096
3290, 36958, 1, 4096
3290, 37114, 1, 4096
3290, 35692, 1, 4096
3290, 38751, 1, 4096
3290, 37439, 1, 4096
3290, 37335, 1, 4096
3290, 38395, 1, 4096
3291, 706817, 1, 4096
3291, 42423, 1, 4096
3291, 36720, 1, 4096
3291, 43888, 1, 4096
3291, 52310, 1, 4096
3291, 59632, 1, 4096
3291, 61173, 1, 4096
3291, 49627, 1, 4096
3291, 48570, 1, 4096
3291, 47602, 1, 4096
3291, 35837, 1, 4096
3291, 35234, 1, 4096
3291, 35928, 1, 4096
3291, 39752, 1, 4096
3291, 36148, 1, 4096
3291, 35845, 1, 4096
3291, 34717, 1, 4096
3291, 46877, 1, 4096
3291, 35131, 1, 4096
3292, 31903, 1, 4096
3292, 33898, 1, 4096
3292, 34325, 1, 4096
3292, 33795, 1, 4096
3292, 38170, 1, 4096
3292, 33272, 1, 4096
3292, 48582, 1, 4096
3292, 42930, 1, 4096
3292, 40918, 1, 4096
3292, 47604, 1, 4096
3292, 57905, 1, 4096
3292, 71228, 1, 4096
3292, 51211, 1, 4096
3292, 35630, 1, 4096
3292, 35071, 1, 4096
3292, 46663, 1, 4096
3292, 34936, 1, 4096
3292, 35290, 1, 4096
3292, 34879, 1, 4096
3292, 34934, 1, 4096
3292, 35562, 1, 4096
3292, 45362, 1, 4096
3292, 52176, 1, 4096
3293, 44954, 1, 4096
3293, 38962, 1, 4096
3293, 35106, 1, 4096
3293, 35700, 1, 4096
3293, 38314, 1, 4096
3293, 35632, 1, 4096
3293, 51580, 1, 4096
3293, 45014, 1, 4096
3293, 46048, 1, 4096
3293, 35500, 1, 4096
3293, 39003, 1, 4096
3293, 47132, 1, 4096
3293, 47180, 1, 4096
3293, 34921, 1, 4096
3293, 46021, 1, 4096
3293, 45821, 1, 4096
3293, 35565, 1, 4096
3293, 43304, 1, 4096
3293, 43990, 1, 4096
3293, 34741, 1, 4096
3293, 40451, 1, 4096
3293, 44850, 1, 4096
3293, 36334, 1, 4096
3293, 34400, 1, 4096
3294, 33804, 1, 4096
3294, 46584, 1, 4096
3294, 47007, 1, 4096
3294, 34189, 1, 4096
3294, 50763, 1, 4096
3294, 37307, 1, 4096
3294, 111725, 1, 4096
3294, 53326, 1, 4096
3294, 49481, 1, 4096
3294, 42261, 1, 4096
3294, 46691, 1, 4096
3294, 52811, 1, 4096
3294, 80327, 1, 4096
3294, 42444, 1, 4096
3294, 44541, 1, 4096
3294, 36251, 1, 4096
3294, 34858, 1, 4096
3294, 44272, 1, 4096
3294, 38044, 1, 4096
3294, 34223, 1, 4096
3295, 36236, 1, 4096
3295, 62950, 1, 4096
3295, 49223, 1, 4096
3295, 75521, 1, 4096
3295, 45851, 1, 4096
3295, 68232, 1, 4096
3295, 49520, 1, 4096
3295, 56938, 1, 4096
3295, 57780, 1, 4096
3295, 48735, 1, 4096
3295, 57298, 1, 4096
3295, 48693, 1, 4096
3295, 72696, 1, 4096
3295, 75939, 1, 4096
3296, 288483, 1, 4096
3296, 92219, 1, 4096
3296, 62757, 1, 4096
3296, 50713, 1, 4096
3296, 48781, 1, 4096
3296, 46515, 1, 4096
3296, 44956, 1, 4096
3296, 58664, 1, 4096
3296, 55917, 1, 4096
3296, 57004, 1, 4096
3296, 38897, 1, 4096
3296, 40325, 1, 4096
3296, 38331, 1, 4096
3296, 43328, 1, 4096
3296, 53563, 1, 4096
3296, 43792, 1, 4096
3296, 45356, 1, 4096
3297, 45134, 1, 4096
3297, 39213, 1, 4096
3297, 39498, 1, 4096
3297, 300505, 1, 4096
3297, 50827, 1, 4096
3297, 39230, 1, 4096
3297, 36197, 1, 4096
3297, 35204, 1, 4096
3297, 38773, 1, 4096
3297, 41117, 1, 4096
3297, 38870, 1, 4096
3297, 51619, 1, 4096
3297, 44222, 1, 4096
3297, 37761, 1, 4096
3297, 39705, 1, 4096
3297, 37640, 1, 4096
3297, 37643, 1, 4096
3298, 65049, 1, 4096
3298, 47288, 1, 4096
3298, 58605, 1, 4096
3298, 51684, 1, 4096
3298, 49473, 1, 4096
3298, 41029, 1, 4096
3298, 63605, 1, 4096
3298, 38871, 1, 4096
3298, 48177, 1, 4096
3298, 54110, 1, 4096
3298, 55755, 1, 4096
3298, 55756, 1, 4096
3566, 267736536, 1, 4096
3566, 132666, 1, 4096
3771, 204603315, 1, 4096
3794, 23211245, 1, 4096
4372, 578308116, 1, 4096
4705, 333205498, 1, 4096
4705, 57212, 1, 4096
4799, 93738538, 1, 4096
4799, 40294, 1, 4096
4799, 47065, 1, 4096
4799, 32826, 1, 4096
4799, 27902, 1, 4096
4799, 39076, 1, 4096
4799, 29323, 1, 4096
4799, 26411, 1, 4096
4799, 60264, 1, 4096
4799, 32280, 1, 4096
4800, 29327, 1, 4096
4800, 46218, 1, 4096
4800, 246825, 1, 4096
4870, 70116052, 1, 4096
4870, 62095, 1, 4096
4870, 33958, 1, 4096
4870, 30173, 1, 4096
4870, 33974, 1, 4096
4870, 42915, 1, 4096
5025, 155325306, 1, 4096
5026, 461478, 1, 4096
5126, 100134690, 1, 4096
5126, 43938, 1, 4096
5229, 102910462, 1, 4096
5229, 36579, 1, 4096
5376, 147247786, 1, 4096
5418, 41665551, 1, 4096
5418, 73496, 1, 4096
5418, 36137, 1, 4096
5418, 35016, 1, 4096
5418, 33885, 1, 4096
5418, 34151, 1, 4096
5418, 32108, 1, 4096
5418, 31330, 1, 4096
5418, 46761, 1, 4096
5418, 44744, 1, 4096
5418, 48770, 1, 4096
5484, 65343456, 1, 4096
6177, 692798992, 1, 4096
6206, 28958703, 1, 4096
6249, 43496213, 1, 4096
6277, 28066561, 1, 4096
6325, 47727409, 1, 4096
6453, 128085244, 1, 4096
6481, 27585971, 1, 4096
6508, 26951819, 1, 4096
6535, 27428438, 1, 4096
6584, 48623916, 1, 4096
6633, 49125405, 1, 4096
6659, 25909132, 1, 4096
6682, 23566400, 1, 4096
6708, 25753309, 1, 4096
6756, 47706542, 1, 4096
6813, 57117419, 1, 4096
6840, 26855655, 1, 4096
6880, 40311652, 1, 4096
6925, 45447406, 1, 4096
7141, 215551777, 1, 4096
7167, 25555767, 1, 4096
7203, 36670757, 1, 4096
7271, 67992727, 1, 4096
7310, 39018459, 1, 4096
7345, 34323104, 1, 4096
7371, 26452803, 1, 4096
7401, 29562507, 1, 4096
7549, 148218432, 1, 4096
7658, 109003576, 1, 4096
7683, 24970141, 1, 4096
7838, 154928037, 1, 4096
7865, 27319128, 1, 4096
7926, 61055346, 1, 4096
7926, 64156, 1, 4096
7926, 53133, 1, 4096
7926, 51786, 1, 4096
7926, 50923, 1, 4096
7926, 51513, 1, 4096
7926, 52506, 1, 4096
7927, 180840, 1, 4096
7927, 57384, 1, 4096
7927, 50873, 1, 4096
7927, 48503, 1, 4096
7927, 49524, 1, 4096
7927, 54381, 1, 4096
7927, 49481, 1, 4096
7927, 49338, 1, 4096
7927, 47247, 1, 4096
7927, 136982, 1, 4096
7927, 37303, 1, 4096
7927, 34764, 1, 4096
7927, 34250, 1, 4096
7927, 34369, 1, 4096
7927, 34783, 1, 4096
7927, 34080, 1, 4096
7927, 33368, 1, 4096
7928, 100288, 1, 4096
7928, 34687, 1, 4096
7928, 33226, 1, 4096
7928, 33823, 1, 4096
7928, 34059, 1, 4096
7928, 32185, 1, 4096
7928, 32995, 1, 4096
7928, 31903, 1, 4096
7928, 33389, 1, 4096
7928, 33023, 1, 4096
7928, 33145, 1, 4096
7928, 32138, 1, 4096
7928, 35688, 1, 4096
7928, 32327, 1, 4096
7928, 41727, 1, 4096
7928, 33999, 1, 4096
7928, 34138, 1, 4096
7928, 32351, 1, 4096
7928, 32889, 1, 4096
7928, 128254, 1, 4096
7928, 34184, 1, 4096
7928, 32455, 1, 4096
7928, 34063, 1, 4096
7928, 43412, 1, 4096
7929, 33366, 1, 4096
7929, 32121, 1, 4096
7929, 32599, 1, 4096
7929, 31605, 1, 4096
7929, 32994, 1, 4096
7929, 136690, 1, 4096
7929, 34448, 1, 4096
7929, 32523, 1, 4096
7929, 32430, 1, 4096
7929, 32820, 1, 4096
7929, 43573, 1, 4096
7929, 32351, 1, 4096
7929, 32075, 1, 4096
7929, 33886, 1, 4096
7929, 32223, 1, 4096
7929, 37492, 1, 4096
7929, 156206, 1, 4096
7929, 35530, 1, 4096
7929, 32975, 1, 4096
7929, 34374, 1, 4096
7929, 43491, 1, 4096
7930, 33741, 1, 4096
7930, 32617, 1, 4096
7930, 32642, 1, 4096
7930, 32715, 1, 4096
7930, 38906, 1, 4096
7930, 189723, 1, 4096
7930, 34576, 1, 4096
7930, 39586, 1, 4096
7930, 33025, 1, 4096
7930, 42357, 1, 4096
7930, 67626, 1, 4096
7930, 39079, 1, 4096
7930, 45295, 1, 4096
7930, 137974, 1, 4096
8196, 265844946, 1, 4096
8558, 361607578, 1, 4096
8558, 39523, 1, 4096
8618, 59968926, 1, 4096
8658, 40076540, 1, 4096
9191, 532816213, 1, 4096
9231, 39961556, 1, 4096
9272, 41299734, 1, 4096
9272, 52999, 1, 4096
9272, 79758, 1, 4096
9322, 49510543, 1, 4096
9322, 42556, 1, 4096
9322, 41437, 1, 4096
9322, 32548, 1, 4096
9353, 31425151, 1, 4096
9406, 53235037, 1, 4096
9462, 55840529, 1, 4096
9706, 243517521, 1, 4096
10070, 364030851, 1, 4096
10105, 35603820, 1, 4096
10131, 26021816, 1, 4096
10173, 41097393, 1, 4096
10202, 29225360, 1, 4096
10261, 58797394, 1, 4096
10357, 96865691, 1, 4096
10385, 27307389, 1, 4096
10415, 30184444, 1, 4096
10837, 422026741, 1, 4096
11016, 179014938, 1, 4096
11051, 35303727, 1, 4096
11107, 55559938, 1, 4096
11195, 87607054, 1, 4096
11195, 31768, 1, 4096
11195, 41875, 1, 4096
11195, 41565, 1, 4096
11195, 61452, 1, 4096
11195, 45639, 1, 4096
11195, 36746, 1, 4096
11195, 655293, 1, 4096
11196, 53676, 1, 4096
11290, 94646191, 1, 4096
11333, 42754539, 1, 4096
11381, 48459475, 1, 4096
11599, 217825712, 1, 4096
11949, 349573590, 1, 4096
11997, 48179572, 1, 4096
12041, 43848293, 1, 4096
12041, 67328, 1, 4096
12041, 52432, 1, 4096
12041, 52327, 1, 4096
12041, 50413, 1, 4096
12041, 43022, 1, 4096
12041, 36998, 1, 4096
12041, 54139, 1, 4096
12041, 37812, 1, 4096
12041, 49899, 1, 4096
12041, 50561, 1, 4096
12041, 47783, 1, 4096
12042, 49217, 1, 4096
12042, 40106, 1, 4096
12042, 37481, 1, 4096
12042, 50599, 1, 4096
12042, 38660, 1, 4096
12042, 49582, 1, 4096
12042, 125819, 1, 4096
12042, 51138, 1, 4096
12042, 46929, 1, 4096
12042, 42477, 1, 4096
12042, 35894, 1, 4096
12042, 51023, 1, 4096
12042, 37384, 1, 4096
12042, 48592, 1, 4096
12042, 47714, 1, 4096
12042, 49969, 1, 4096
12042, 47839, 1, 4096
12042, 39130, 1, 4096
12042, 36568, 1, 4096
12042, 51793, 1, 4096
12043, 36967, 1, 4096
12043, 49774, 1, 4096
12043, 47613, 1, 4096
12043, 47243, 1, 4096
12043, 48850, 1, 4096
12043, 36923, 1, 4096
12043, 34066, 1, 4096
12043, 50391, 1, 4096
12043, 35801, 1, 4096
12043, 119373, 1, 4096
12043, 43515, 1, 4096
12245, 202094603, 1, 4096
12272, 26652620, 1, 4096
12300, 28108833, 1, 4096
12441, 141180342, 1, 4096
12512, 70881702, 1, 4096
12736, 223944964, 1, 4096
12780, 43822152, 1, 4096
12827, 46725342, 1, 4096
12852, 25882307, 1, 4096
12983, 130765232, 1, 4096
12983, 46506, 1, 4096
12983, 31043, 1, 4096
12983, 33874, 1, 4096
12983, 36554, 1, 4096
12983, 34171, 1, 4096
12983, 32181, 1, 4096
12983, 74378, 1, 4096
12984, 36904, 1, 4096
12984, 29895, 1, 4096
13042, 58204102, 1, 4096
13067, 25209682, 1, 4096
13092, 24713253, 1, 4096
13118, 26685732, 1, 4096
13161, 42786304, 1, 4096
13188, 26704003, 1, 4096
13286, 97789546, 1, 4096
13329, 43033225, 1, 4096
13329, 42343, 1, 4096
13373, 43806294, 1, 4096
13416, 43724419, 1, 4096
13440, 23630929, 1, 4096
13485, 45069550, 1, 4096
13915, 429522930, 1, 4096
14040, 125278143, 1, 4096
14191, 151030852, 1, 4096
14191, 59010, 1, 4096
14191, 36269, 1, 4096
14191, 74560, 1, 4096
14191, 37842, 1, 4096
14191, 31406, 1, 4096
14191, 33720, 1, 4096
14191, 31669, 1, 4096
14191, 81080, 1, 4096
14191, 35871, 1, 4096
14191, 79315, 1, 4096
14191, 36459, 1, 4096
14191, 27375, 1, 4096
14191, 36310, 1, 4096
14192, 28260, 1, 4096
14192, 81003, 1, 4096
14192, 48821, 1, 4096
14260, 68297535, 1, 4096
14293, 32736051, 1, 4096
14504, 211512980, 1, 4096
14659, 155080931, 1, 4096
14699, 39560008, 1, 4096
14723, 24131017, 1, 4096
14824, 100657377, 1, 4096
14824, 31347, 1, 4096
14824, 53814, 1, 4096
14940, 115783505, 1, 4096
14978, 38771375, 1, 4096
15004, 25748225, 1, 4096
15215, 211315745, 1, 4096
15505, 289844351, 1, 4096
15531, 25548343, 1, 4096
15555, 24493686, 1, 4096
15739, 183350362, 1, 4096
15739, 68577, 1, 4096
15739, 61204, 1, 4096
15739, 61983, 1, 4096
15739, 50934, 1, 4096
15739, 56614, 1, 4096
15739, 49738, 1, 4096
15739, 51642, 1, 4096
15739, 373668, 1, 4096
15740, 55096, 1, 4096
15740, 67811, 1, 4096
15740, 42721, 1, 4096
15740, 42887, 1, 4096
15740, 72571, 1, 4096
15740, 54913, 1, 4096
15740, 47459, 1, 4096
15740, 48118, 1, 4096
15740, 47018, 1, 4096
15740, 59027, 1, 4096
15740, 40804, 1, 4096
15740, 57719, 1, 4096
15740, 44047, 1, 4096
15740, 47748, 1, 4096
15740, 44909, 1, 4096
15740, 51653, 1, 4096
15740, 49982, 1, 4096
15740, 61302, 1, 4096
15741, 57267, 1, 4096
15741, 56012, 1, 4096
15741, 74229, 1, 4096
15741, 41967, 1, 4096
15741, 43666, 1, 4096
15741, 73843, 1, 4096
15741, 58019, 1, 4096
15741, 58232, 1, 4096
15741, 56308, 1, 4096
15741, 42353, 1, 4096
15741, 47679, 1, 4096
15981, 240158684, 1, 4096
16020, 38565740, 1, 4096
16136, 115928662, 1, 4096
16183, 47260292, 1, 4096
16211, 27991337, 1, 4096
16249, 38187411, 1, 4096
16313, 64156378, 1, 4096
16501, 187936312, 1, 4096
16528, 26399559, 1, 4096
16562, 34119942, 1, 4096
16588, 26106987, 1, 4096
17007, 418702930, 1, 4096
17130, 123298411, 1, 4096
17251, 120729194, 1, 4096
17251, 57343, 1, 4096
17433, 181846246, 1, 4096
17706, 273644068, 1, 4096
18112, 405339266, 1, 4096
18112, 50547, 1, 4096
18138, 25983480, 1, 4096
18138, 49397, 1, 4096
18245, 106919109, 1, 4096
18418, 173798484, 1, 4096
18419, 105878, 1, 4096
18419, 63569, 1, 4096
18419, 57198, 1, 4096
18419, 57579, 1, 4096
18419, 59287, 1, 4096
18419, 31898, 1, 4096
18419, 58586, 1, 4096
18419, 58118, 1, 4096
18419, 57366, 1, 4096
18565, 146141597, 1, 4096
18596, 30833722, 1, 4096
18639, 42452561, 1, 4096
19154, 515493010, 1, 4096
19198, 44406788, 1, 4096
19237, 38734530, 1, 4096
19261, 23742767, 1, 4096
19298, 36830316, 1, 4096
19336, 37997870, 1, 4096
19380, 44662093, 1, 4096
19629, 249009365, 1, 4096
19663, 33343590, 1, 4096
19805, 142276567, 1, 4096
20077, 271878529, 1, 4096
20102, 24576793, 1, 4096
20126, 24451858, 1, 4096
20277, 151062717, 1, 4096
20277, 52180, 1, 4096
20277, 44854, 1, 4096
20277, 44684, 1, 4096
20277, 43993, 1, 4096
20277, 44469, 1, 4096
20277, 42056, 1, 4096
20277, 44956, 1, 4096
20277, 43480, 1, 4096
20277, 43030, 1, 4096
20278, 43583, 1, 4096
20278, 42716, 1, 4096
20278, 43296, 1, 4096
20278, 39099, 1, 4096
20278, 44050, 1, 4096
20278, 43324, 1, 4096
20278, 42793, 1, 4096
20278, 43286, 1, 4096
20278, 43473, 1, 4096
20278, 43173, 1, 4096
20278, 37292, 1, 4096
20278, 43618, 1, 4096
20278, 43759, 1, 4096
20278, 41920, 1, 4096
20278, 42050, 1, 4096
20278, 42304, 1, 4096
20278, 42872, 1, 4096
20278, 37628, 1, 4096
20278, 42922, 1, 4096
20278, 41908, 1, 4096
20278, 43429, 1, 4096
20278, 43814, 1, 4096
20278, 44445, 1, 4096
20279, 42360, 1, 4096
20279, 36883, 1, 4096
20279, 41554, 1, 4096
20279, 41567, 1, 4096
20279, 43182, 1, 4096
20279, 117957, 1, 4096
20279, 44507, 1, 4096
20279, 61773, 1, 4096
20279, 36793, 1, 4096
20279, 42194, 1, 4096
20279, 41792, 1, 4096
20279, 43350, 1, 4096
20279, 41685, 1, 4096
20279, 40378, 1, 4096
20279, 41822, 1, 4096
20279, 38650, 1, 4096
20279, 42124, 1, 4096
20279, 39441, 1, 4096
20279, 40529, 1, 4096
20279, 40311, 1, 4096
20279, 41264, 1, 4096
20280, 45047, 1, 4096
20280, 37791, 1, 4096
20280, 41898, 1, 4096
20280, 41285, 1, 4096
20280, 41759, 1, 4096
20280, 42085, 1, 4096
20280, 40897, 1, 4096
20280, 42312, 1, 4096
20280, 35114, 1, 4096
20280, 43108, 1, 4096
20280, 42617, 1, 4096
20280, 42087, 1, 4096
20280, 41892, 1, 4096
20280, 42753, 1, 4096
20280, 42024, 1, 4096
20280, 50550, 1, 4096
20280, 69496, 1, 4096
20280, 56601, 1, 4096
20280, 67306, 1, 4096
20280, 62342, 1, 4096
20281, 64581, 1, 4096
20281, 63054, 1, 4096
20281, 46928, 1, 4096
20281, 64883, 1, 4096
20281, 50571, 1, 4096
20281, 71097, 1, 4096
20587, 305969028, 1, 4096
20587, 142077, 1, 4096
20931, 343858343, 1, 4096
21135, 204559755, 1, 4096
21135, 60859, 1, 4096
21136, 39983, 1, 4096
21136, 37117, 1, 4096
21136, 36649, 1, 4096
21136, 34582, 1, 4096
21136, 30127, 1, 4096
21136, 33803, 1, 4096
21136, 40617, 1, 4096
21136, 35073, 1, 4096
21136, 42382, 1, 4096
21136, 37637, 1, 4096
21136, 35548, 1, 4096
21136, 46033, 1, 4096
21136, 40401, 1, 4096
21136, 38641, 1, 4096
21136, 42753, 1, 4096
21136, 37585, 1, 4096
21136, 42439, 1, 4096
21136, 76373, 1, 4096
21136, 31503, 1, 4096
21136, 45599, 1, 4096
21136, 44623, 1, 4096
21136, 44132, 1, 4096
21136, 30053, 1, 4096
21136, 46817, 1, 4096
21137, 40798, 1, 4096
21137, 32218, 1, 4096
21137, 44627, 1, 4096
21137, 45643, 1, 4096
21137, 47504, 1, 4096
21137, 35887, 1, 4096
21137, 47535, 1, 4096
21137, 44130, 1, 4096
21137, 31006, 1, 4096
21137, 46552, 1, 4096
21137, 44948, 1, 4096
21137, 44465, 1, 4096
21137, 29060, 1, 4096
21137, 46121, 1, 4096
21137, 44160, 1, 4096
21137, 25848, 1, 4096
21137, 44959, 1, 4096
21137, 31683, 1, 4096
21137, 47858, 1, 4096
21137, 34094, 1, 4096
21137, 45812, 1, 4096
21137, 45745, 1, 4096
21137, 31631, 1, 4096
21138, 45647, 1, 4096
21138, 45272, 1, 4096
21138, 42570, 1, 4096
21138, 34054, 1, 4096
21138, 43746, 1, 4096
21138, 148741, 1, 4096
21138, 41804, 1, 4096
21138, 38128, 1, 4096
21138, 60310, 1, 4096
21138, 30107, 1, 4096
21138, 35007, 1, 4096
21138, 28847, 1, 4096
21138, 31694, 1, 4096
21138, 27803, 1, 4096
21138, 33870, 1, 4096
21138, 32269, 1, 4096
21138, 32666, 1, 4096
21138, 28352, 1, 4096
21138, 33601, 1, 4096
21139, 333717, 1, 4096
21139, 42244, 1, 4096
21139, 53196, 1, 4096
21139, 33066, 1, 4096
21139, 34665, 1, 4096
21139, 28816, 1, 4096
21139, 33014, 1, 4096
21139, 33007, 1, 4096
21139, 26728, 1, 4096
21139, 31360, 1, 4096
21139, 32183, 1, 4096
21139, 33266, 1, 4096
21139, 27700, 1, 4096
21139, 31630, 1, 4096
21139, 34051, 1, 4096
21139, 26306, 1, 4096
21139, 33881, 1, 4096
21139, 32712, 1, 4096
21139, 30957, 1, 4096
21139, 26857, 1, 4096
21139, 31270, 1, 4096
21139, 32213, 1, 4096
21139, 28484, 1, 4096
21139, 33038, 1, 4096
21139, 31750, 1, 4096
21140, 33419, 1, 4096
21140, 26834, 1, 4096
21140, 32409, 1, 4096
21140, 33915, 1, 4096
21140, 26390, 1, 4096
21140, 31153, 1, 4096
21140, 31462, 1, 4096
21140, 31296, 1, 4096
21140, 26946, 1, 4096
21140, 33037, 1, 4096
21140, 31893, 1, 4096
21140, 27393, 1, 4096
21140, 31888, 1, 4096
21140, 32285, 1, 4096
21140, 32346, 1, 4096
21140, 26263, 1, 4096
21140, 32196, 1, 4096
21140, 33503, 1, 4096
21140, 26356, 1, 4096
21140, 31717, 1, 4096
21140, 32925, 1, 4096
21140, 32104, 1, 4096
21140, 26794, 1, 4096
21140, 32147, 1, 4096
21140, 31599, 1, 4096
21140, 25923, 1, 4096
21140, 32694, 1, 4096
21140, 31674, 1, 4096
21140, 31865, 1, 4096
21140, 27244, 1, 4096
21141, 31816, 1, 4096
21141, 34167, 1, 4096
21141, 26419, 1, 4096
21141, 32069, 1, 4096
21141, 30975, 1, 4096
21141, 93509, 1, 4096
21141, 43437, 1, 4096
21141, 50003, 1, 4096
21141, 47132, 1, 4096
21141, 40211, 1, 4096
21141, 50083, 1, 4096
21141, 51022, 1, 4096
21141, 49872, 1, 4096
21141, 44839, 1, 4096
21141, 61217, 1, 4096
21141, 56481, 1, 4096
21141, 40981, 1, 4096
21141, 58440, 1, 4096
21141, 50642, 1, 4096
21141, 48918, 1, 4096
21142, 44442, 1, 4096
21142, 49558, 1, 4096
21142, 69505, 1, 4096
21142, 47661, 1, 4096
21142, 70467, 1, 4096
21142, 71499, 1, 4096
21142, 476431, 1, 4096
21142, 76636, 1, 4096
21142, 64459, 1, 4096
21143, 62448, 1, 4096
21143, 45303, 1, 4096
21143, 58768, 1, 4096
21143, 63575, 1, 4096
21143, 80543, 1, 4096
21143, 40835, 1, 4096
21143, 65897, 1, 4096
21143, 67083, 1, 4096
21143, 41540, 1, 4096
21143, 64919, 1, 4096
21143, 63366, 1, 4096
21143, 49787, 1, 4096
21143, 41626, 1, 4096
21143, 63692, 1, 4096
21143, 60647, 1, 4096
21143, 42515, 1, 4096
21143, 65652, 1, 4096
21144, 62721, 1, 4096
21144, 50145, 1, 4096
21144, 45480, 1, 4096
21144, 41489, 1, 4096
21144, 42076, 1, 4096
21144, 38258, 1, 4096
21144, 42933, 1, 4096
21144, 47012, 1, 4096
21144, 45775, 1, 4096
21144, 43949, 1, 4096
21144, 44472, 1, 4096
21144, 42837, 1, 4096
21144, 43736, 1, 4096
21144, 51528, 1, 4096
21144, 43127, 1, 4096
21144, 43962, 1, 4096
21144, 186276, 1, 4096
21812, 667125647, 1, 4096
21812, 38299, 1, 4096
21812, 31883, 1, 4096
21812, 38034, 1, 4096
21812, 69173, 1, 4096
21812, 454992, 1, 4096
21812, 286371, 1, 4096
21941, 128977405, 1, 4096
22159, 217193079, 1, 4096
22182, 23093144, 1, 4096
22221, 38976524, 1, 4096
22259, 38475014, 1, 4096
22589, 329440254, 1, 4096
22928, 339088544, 1, 4096
23090, 162650333, 1, 4096
23272, 181386017, 1, 4096
23272, 187224, 1, 4096
23272, 44268, 1, 4096
23272, 30869, 1, 4096
23272, 32169, 1, 4096
23272, 31096, 1, 4096
23272, 31737, 1, 4096
23272, 33627, 1, 4096
23272, 32764, 1, 4096
23272, 41867, 1, 4096
23272, 33248, 1, 4096
23272, 30115, 1, 4096
23272, 32322, 1, 4096
23272, 33546, 1, 4096
23272, 32790, 1, 4096
23273, 41894, 1, 4096
23273, 30580, 1, 4096
23273, 29191, 1, 4096
23273, 32073, 1, 4096
23273, 31572, 1, 4096
23273, 34395, 1, 4096
23273, 44829, 1, 4096
23273, 31768, 1, 4096
23273, 30356, 1, 4096
23273, 32167, 1, 4096
23273, 29737, 1, 4096
23273, 32781, 1, 4096
23273, 40610, 1, 4096
23273, 29911, 1, 4096
23273, 30371, 1, 4096
23273, 30825, 1, 4096
23273, 31616, 1, 4096
23273, 32808, 1, 4096
23561, 288397921, 1, 4096
23743, 181167649, 1, 4096
23743, 39838, 1, 4096
23796, 53773621, 1, 4096
24005, 208722066, 1, 4096
24046, 41173882, 1, 4096
24212, 165742537, 1, 4096
24375, 163327946, 1, 4096
24501, 125151743, 1, 4096
24653, 152839545, 1, 4096
24683, 29660381, 1, 4096
24683, 51324, 1, 4096
24706, 23027887, 1, 4096
24741, 34619870, 1, 4096
24933, 192512311, 1, 4096
25299, 365838097, 1, 4096
25446, 147095273, 1, 4096
25647, 200849653, 1, 4096
25647, 54126, 1, 4096
25679, 31623514, 1, 4096
25737, 58262597, 1, 4096
25862, 125052452, 1, 4096
25921, 58611732, 1, 4096
25983, 62475132, 1, 4096
25983, 51615, 1, 4096
25983, 44770, 1, 4096
25983, 47899, 1, 4096
25983, 44629, 1, 4096
25984, 41121, 1, 4096
26059, 75175387, 1, 4096
26236, 177069575, 1, 4096
26395, 159048293, 1, 4096
26574, 179419366, 1, 4096
26574, 64150, 1, 4096
26574, 32268, 1, 4096
26574, 43532, 1, 4096
26574, 40396, 1, 4096
26575, 46120, 1, 4096
26575, 51284, 1, 4096
26575, 36398, 1, 4096
26575, 29254, 1, 4096
26575, 34695, 1, 4096
26575, 42536, 1, 4096
26575, 45683, 1, 4096
26575, 48103, 1, 4096
26575, 44849, 1, 4096
26575, 46960, 1, 4096
26575, 44038, 1, 4096
26575, 44717, 1, 4096
26575, 45782, 1, 4096
26575, 43958, 1, 4096
26575, 29239, 1, 4096
26575, 33473, 1, 4096
26575, 29751, 1, 4096
26575, 35056, 1, 4096
26575, 36528, 1, 4096
26575, 43723, 1, 4096
26575, 34958, 1, 4096
26575, 40365, 1, 4096
26575, 30894, 1, 4096
26575, 29210, 1, 4096
26575, 32992, 1, 4096
26576, 33269, 1, 4096
26576, 30481, 1, 4096
26576, 30551, 1, 4096
26576, 34244, 1, 4096
26576, 33404, 1, 4096
26576, 31751, 1, 4096
26576, 30236, 1, 4096
26576, 29451, 1, 4096
26576, 33264, 1, 4096
26576, 32982, 1, 4096
26576, 32915, 1, 4096
26576, 32977, 1, 4096
26576, 32643, 1, 4096
26576, 30579, 1, 4096
26576, 30296, 1, 4096
26576, 31748, 1, 4096
26576, 33059, 1, 4096
26576, 33404, 1, 4096
26576, 32684, 1, 4096
26576, 30805, 1, 4096
26576, 35594, 1, 4096
26576, 30049, 1, 4096
26576, 27722, 1, 4096
26576, 28931, 1, 4096
26576, 55853, 1, 4096
26576, 61437, 1, 4096
26577, 52706, 1, 4096
26577, 55871, 1, 4096
26577, 53573, 1, 4096
26577, 50352, 1, 4096
26577, 52539, 1, 4096
26577, 55443, 1, 4096
26577, 30143, 1, 4096
26577, 34416, 1, 4096
26577, 32147, 1, 4096
26577, 28513, 1, 4096
26577, 30005, 1, 4096
26577, 30555, 1, 4096
26577, 27953, 1, 4096
26577, 29803, 1, 4096
26577, 28113, 1, 4096
26577, 31052, 1, 4096
26577, 28778, 1, 4096
26577, 30907, 1, 4096
26577, 28850, 1, 4096
26577, 30502, 1, 4096
26577, 28904, 1, 4096
26577, 30657, 1, 4096
26577, 30560, 1, 4096
26577, 28544, 1, 4096
26577, 30008, 1, 4096
26577, 29188, 1, 4096
26577, 33414, 1, 4096
26578, 30546, 1, 4096
26578, 49322, 1, 4096
26578, 57369, 1, 4096
26578, 68641, 1, 4096
26578, 50253, 1, 4096
26578, 50619, 1, 4096
26578, 55923, 1, 4096
26578, 54959, 1, 4096
26578, 54776, 1, 4096
26578, 89948, 1, 4096
26578, 170731, 1, 4096
26578, 219494, 1, 4096
26579, 126937, 1, 4096
26579, 97106, 1, 4096
26579, 60494, 1, 4096
26579, 31717, 1, 4096
26579, 30222, 1, 4096
26579, 29071, 1, 4096
26579, 28312, 1, 4096
26579, 31601, 1, 4096
26579, 31227, 1, 4096
26579, 30968, 1, 4096
26579, 51440, 1, 4096
26579, 111930, 1, 4096
26579, 69105, 1, 4096
26579, 72768, 1, 4096
26579, 69689, 1, 4096
26579, 66529, 1, 4096
26580, 34410, 1, 4096
26580, 63510, 1, 4096
26580, 64217, 1, 4096
26580, 39280, 1, 4096
26580, 49488, 1, 4096
26580, 129297, 1, 4096
26580, 53030, 1, 4096
26580, 64555, 1, 4096
26580, 31689, 1, 4096
26580, 61379, 1, 4096
26580, 31968, 1, 4096
26580, 68306, 1, 4096
26580, 49612, 1, 4096
26580, 55030, 1, 4096
26580, 67784, 1, 4096
26580, 53505, 1, 4096
26581, 99125, 1, 4096
26581, 63889, 1, 4096
26581, 76945, 1, 4096
26581, 73003, 1, 4096
26581, 90958, 1, 4096
26581, 68119, 1, 4096
26581, 128981, 1, 4096
26581, 90233, 1, 4096
26581, 116995, 1, 4096
26581, 87121, 1, 4096
26582, 102972, 1, 4096
26582, 140105, 1, 4096
26582, 158589, 1, 4096
26582, 91016, 1, 4096
26582, 78272, 1, 4096
26582, 78547, 1, 4096
26582, 102875, 1, 4096
26582, 77681, 1, 4096
26582, 98807, 1, 4096
26582, 82055, 1, 4096
26583, 69957, 1, 4096
26583, 93325, 1, 4096
26583, 117519, 1, 4096
26583, 100361, 1, 4096
26583, 118863, 1, 4096
26583, 132609, 1, 4096
26583, 109503, 1, 4096
26583, 75987, 1, 4096
26583, 89206, 1, 4096
26584, 120583, 1, 4096
26584, 81173, 1, 4096
26584, 658530, 1, 4096
26585, 929628, 1, 4096
26597, 11637181, 1, 4096
26597, 71889, 1, 4096
26597, 81908, 1, 4096
26597, 102003, 1, 4096
26597, 72346, 1, 4096
26597, 74693, 1, 4096
26597, 70053, 1, 4096
26597, 74052, 1, 4096
26597, 63666, 1, 4096
26598, 72550, 1, 4096
26598, 73491, 1, 4096
26598, 84113, 1, 4096
26598, 72285, 1, 4096
26598, 73263, 1, 4096
26598, 76270, 1, 4096
26598, 69595, 1, 4096
26598, 68417, 1, 4096
26598, 77421, 1, 4096
26598, 84048, 1, 4096
26598, 137272, 1, 4096
26598, 80845, 1, 4096
26599, 82982, 1, 4096
26599, 206790, 1, 4096
26599, 83134, 1, 4096
26916, 316866886, 1, 4096
26965, 49155942, 1, 4096
27006, 40989542, 1, 4096
27260, 253710744, 1, 4096
27360, 100555328, 1, 4096
27516, 156075867, 1, 4096
27594, 78149247, 1, 4096
27666, 71619377, 1, 4096
27666, 30405, 1, 4096
27666, 24734, 1, 4096
27666, 24702, 1, 4096
27666, 26180, 1, 4096
27666, 24882, 1, 4096
27666, 26481, 1, 4096
27666, 26746, 1, 4096
27666, 24223, 1, 4096
27666, 25117, 1, 4096
27666, 24525, 1, 4096
27666, 25112, 1, 4096
27666, 23880, 1, 4096
27666, 24507, 1, 4096
27666, 24123, 1, 4096
27666, 23880, 1, 4096
27666, 24238, 1, 4096
27666, 24379, 1, 4096
27667, 24266, 1, 4096
27667, 24093, 1, 4096
27667, 23628, 1, 4096
27667, 24724, 1, 4096
27667, 36880, 1, 4096
27854, 186991041, 1, 4096
27895, 41311787, 1, 4096
27940, 44584899, 1, 4096
27964, 24584542, 1, 4096
27987, 23107691, 1, 4096
28013, 25429902, 1, 4096
28062, 49297046, 1, 4096
28227, 164819058, 1, 4096
28772, 545318058, 1, 4096
28796, 23461624, 1, 4096
28837, 41708893, 1, 4096
29014, 176879519, 1, 4096
29061, 47218374, 1, 4096
29099, 37640799, 1, 4096
29147, 48003925, 1, 4096
29251, 104296664, 1, 4096
30058, 806446541, 1, 4096
30198, 139725690, 1, 4096
30402, 204482696, 1, 4096
30763, 361080007, 1, 4096
31129, 366008104, 1, 4096
31168, 39089681, 1, 4096
31329, 161178393, 1, 4096
31375, 45327962, 1, 4096
31520, 145494210, 1, 4096
31558, 37696429, 1, 4096
31588, 30018601, 1, 4096
31885, 297150079, 1, 4096
31885, 58405, 1, 4096
31885, 46644, 1, 4096
31938, 52862104, 1, 4096
31960, 21881608, 1, 4096
32067, 107135402, 1, 4096
32159, 91925064, 1, 4096
32271, 111707527, 1, 4096
32296, 25283483, 1, 4096
32296, 40698, 1, 4096
32296, 65248, 1, 4096
32296, 37338, 1, 4096
32296, 30901, 1, 4096
32296, 31237, 1, 4096
32296, 46246, 1, 4096
32296, 69758, 1, 4096
32378, 81258024, 1, 4096
32404, 26344246, 1, 4096
32740, 336193521, 1, 4096
32926, 185715670, 1, 4096
33020, 93840958, 1, 4096
33208, 187724779, 1, 4096
33453, 245502753, 1, 4096
33474, 20616084, 1, 4096
33565, 91062151, 1, 4096
33863, 298069375, 1, 4096
33963, 99814011, 1, 4096
33985, 22044969, 1, 4096
34006, 21101575, 1, 4096
34041, 34869715, 1, 4096
34068, 27308582, 1, 4096
34114, 45946476, 1, 4096
34143, 29371070, 1, 4096
34175, 31294349, 1, 4096
34229, 53958651, 1, 4096
34251, 21873097, 1, 4096
34489, 238239199, 1, 4096
34583, 93818747, 1, 4096
34609, 26583408, 1, 4096
34660, 50603185, 1, 4096
34660, 56022, 1, 4096
34803, 143346542, 1, 4096
34857, 53496979, 1, 4096
34857, 57665, 1, 4096
35033, 176092439, 1, 4096
35033, 40305, 1, 4096
35198, 164760584, 1, 4096
35198, 40118, 1, 4096
35223, 24908922, 1, 4096
35530, 307207614, 1, 4096
35530, 41695, 1, 4096
35530, 36693, 1, 4096
35530, 35347, 1, 4096
35530, 33621, 1, 4096
35530, 35710, 1, 4096
35574, 44353827, 1, 4096
35574, 40820, 1, 4096
35601, 26970247, 1, 4096
35623, 22005595, 1, 4096
35668, 44340185, 1, 4096
35697, 28953300, 1, 4096
35723, 26296610, 1, 4096
35772, 48659480, 1, 4096
35999, 227341505, 1, 4096
36251, 251499568, 1, 4096
36273, 22356908, 1, 4096
36419, 146353593, 1, 4096
36455, 36008287, 1, 4096
36455, 69530, 1, 4096
36455, 58075, 1, 4096
36455, 44621, 1, 4096
36456, 50214, 1, 4096
36499, 43703843, 1, 4096
36537, 37984686, 1, 4096
36560, 22658939, 1, 4096
36560, 55992, 1, 4096
36636, 75957913, 1, 4096
36689, 53132917, 1, 4096
36798, 108499890, 1, 4096
37076, 278197293, 1, 4096
37167, 91498527, 1, 4096
37208, 40852960, 1, 4096
37347, 138640646, 1, 4096
37347, 43180, 1, 4096
37376, 29425548, 1, 4096
37401, 24262126, 1, 4096
37432, 31265799, 1, 4096
37454, 22291188, 1, 4096
37532, 78144410, 1, 4096
37632, 99332083, 1, 4096
37673, 41541108, 1, 4096
37700, 26618131, 1, 4096
37724, 24040630, 1, 4096
37954, 230565204, 1, 4096
37977, 22384066, 1, 4096
38080, 103384771, 1, 4096
38104, 23836771, 1, 4096
38246, 142193079, 1, 4096
38302, 55369369, 1, 4096
38471, 169374724, 1, 4096
38508, 37057915, 1, 4096
38767, 258617652, 1, 4096
38804, 37421753, 1, 4096
38846, 42009549, 1, 4096
38880, 33470960, 1, 4096
38902, 22370841, 1, 4096
38902, 38271, 1, 4096
38937, 34786235, 1, 4096
38961, 23932902, 1, 4096
39090, 129086996, 1, 4096
39129, 39050866, 1, 4096
39229, 99690463, 1, 4096
39256, 27319038, 1, 4096
39501, 244607648, 1, 4096
39501, 40842, 1, 4096
39501, 35618, 1, 4096
39501, 34548, 1, 4096
39501, 37822, 1, 4096
39574, 73306672, 1, 4096
39680, 106496446, 1, 4096
39724, 43386955, 1, 4096
39724, 45550, 1, 4096
39776, 52470747, 1, 4096
39856, 79313737, 1, 4096
40860, 1004303080, 1, 4096
40881, 21122177, 1, 4096
40906, 24957982, 1, 4096
40953, 46696440, 1, 4096
40993, 39841324, 1, 4096
41115, 121886409, 1, 4096
41115, 51531, 1, 4096
41115, 34671, 1, 4096
41115, 29929, 1, 4096
41162, 47578707, 1, 4096
41203, 40528765, 1, 4096
41786, 583202267, 1, 4096
42530, 743905434, 1, 4096
42565, 35333164, 1, 4096
42636, 71158164, 1, 4096
42636, 32144, 1, 4096
42637, 26365, 1, 4096
42637, 25662, 1, 4096
42637, 26102, 1, 4096
42637, 25642, 1, 4096
42637, 25674, 1, 4096
42637, 25019, 1, 4096
42637, 24741, 1, 4096
42637, 23802, 1, 4096
42637, 24864, 1, 4096
42637, 25418, 1, 4096
42637, 24204, 1, 4096
42637, 24600, 1, 4096
42637, 24114, 1, 4096
42637, 24634, 1, 4096
42637, 24001, 1, 4096
42637, 23632, 1, 4096
42637, 24328, 1, 4096
42637, 24011, 1, 4096
42637, 24254, 1, 4096
42637, 24735, 1, 4096
42637, 32188, 1, 4096
42637, 25636, 1, 4096
42637, 24864, 1, 4096
42637, 23716, 1, 4096
42637, 23712, 1, 4096
42637, 24319, 1, 4096
42637, 25106, 1, 4096
42637, 24710, 1, 4096
42637, 25590, 1, 4096
42637, 25060, 1, 4096
42637, 24261, 1, 4096
42637, 178702, 1, 4096
42638, 28380, 1, 4096
42638, 29770, 1, 4096
42638, 22663, 1, 4096
42638, 46631, 1, 4096
42638, 26098, 1, 4096
42638, 24423, 1, 4096
42638, 29639, 1, 4096
42638, 25427, 1, 4096
42638, 218161, 1, 4096
42638, 31018, 1, 4096
42638, 32741, 1, 4096
42638, 24909, 1, 4096
42638, 24624, 1, 4096
42638, 24632, 1, 4096
42638, 24748, 1, 4096
42638, 24112, 1, 4096
42638, 25035, 1, 4096
42638, 23353, 1, 4096
42638, 25202, 1, 4096
42638, 25201, 1, 4096
42638, 24593, 1, 4096
42638, 23512, 1, 4096
42638, 24160, 1, 4096
42638, 23978, 1, 4096
42638, 24053, 1, 4096
42638, 24338, 1, 4096
42638, 23635, 1, 4096
42638, 23828, 1, 4096
42638, 23699, 1, 4096
42638, 24073, 1, 4096
42639, 23839, 1, 4096
42639, 23573, 1, 4096
42639, 23097, 1, 4096
42639, 41726, 1, 4096
42639, 24984, 1, 4096
42639, 27745, 1, 4096
42639, 27568, 1, 4096
42639, 27101, 1, 4096
42639, 28943, 1, 4096
42639, 26888, 1, 4096
42639, 29973, 1, 4096
42639, 26944, 1, 4096
42639, 26996, 1, 4096
42639, 28081, 1, 4096
42639, 26771, 1, 4096
42639, 26518, 1, 4096
42639, 26574, 1, 4096
42639, 26795, 1, 4096
42639, 26880, 1, 4096
42639, 26879, 1, 4096
42639, 26852, 1, 4096
42639, 27263, 1, 4096
42639, 26420, 1, 4096
42639, 27409, 1, 4096
42639, 27055, 1, 4096
42639, 26626, 1, 4096
42639, 27715, 1, 4096
42639, 26985, 1, 4096
42639, 26562, 1, 4096
42639, 27129, 1, 4096
42639, 27064, 1, 4096
42639, 27555, 1, 4096
42639, 26332, 1, 4096
42639, 26480, 1, 4096
42639, 26802, 1, 4096
42640, 26564, 1, 4096
42640, 26559, 1, 4096
42640, 27450, 1, 4096
42640, 26989, 1, 4096
42640, 26518, 1, 4096
42640, 26490, 1, 4096
42640, 27151, 1, 4096
42640, 26787, 1, 4096
42640, 26969, 1, 4096
42640, 28748, 1, 4096
42640, 26907, 1, 4096
42640, 27235, 1, 4096
42640, 26712, 1, 4096
42640, 26525, 1, 4096
42640, 26502, 1, 4096
42640, 26720, 1, 4096
42640, 26641, 1, 4096
42640, 27019, 1, 4096
42640, 27832, 1, 4096
42640, 26410, 1, 4096
42640, 26955, 1, 4096
42640, 27060, 1, 4096
42640, 26854, 1, 4096
42640, 27373, 1, 4096
42640, 26706, 1, 4096
42640, 27901, 1, 4096
42640, 26856, 1, 4096
42640, 27513, 1, 4096
42640, 27345, 1, 4096
42640, 39490, 1, 4096
42640, 43611, 1, 4096
42640, 38987, 1, 4096
42641, 36837, 1, 4096
42641, 38941, 1, 4096
42641, 36301, 1, 4096
42641, 38567, 1, 4096
42641, 38866, 1, 4096
42641, 41157, 1, 4096
42641, 41518, 1, 4096
42641, 37906, 1, 4096
42641, 38760, 1, 4096
42641, 38370, 1, 4096
42641, 41043, 1, 4096
42641, 42719, 1, 4096
42641, 39205, 1, 4096
42641, 38834, 1, 4096
42641, 40476, 1, 4096
42641, 39468, 1, 4096
42641, 40290, 1, 4096
42641, 39407, 1, 4096
42641, 38772, 1, 4096
42641, 39402, 1, 4096
42641, 40087, 1, 4096
42641, 38603, 1, 4096
42641, 37806, 1, 4096
42641, 38677, 1, 4096
42641, 38012, 1, 4096
42642, 38797, 1, 4096
42642, 41637, 1, 4096
42642, 38055, 1, 4096
42642, 40725, 1, 4096
42642, 38715, 1, 4096
42642, 40644, 1, 4096
42642, 38877, 1, 4096
42642, 37423, 1, 4096
42642, 38119, 1, 4096
42642, 37693, 1, 4096
42642, 42132, 1, 4096
42642, 40365, 1, 4096
42642, 47673, 1, 4096
42946, 304057893, 1, 4096
42946, 63118, 1, 4096
42946, 37699, 1, 4096
42946, 66666, 1, 4096
42946, 34057, 1, 4096
43115, 169195213, 1, 4096
43210, 94830028, 1, 4096
43842, 631725636, 1, 4096
43872, 29958825, 1, 4096
43906, 33663313, 1, 4096
44099, 193486047, 1, 4096
44119, 20194133, 1, 4096
44240, 120471994, 1, 4096
44261, 21112241, 1, 4096
44330, 68771918, 1, 4096
44421, 91298045, 1, 4096
44443, 21741029, 1, 4096
44465, 22452660, 1, 4096
44504, 38845730, 1, 4096
44550, 45652062, 1, 4096
44608, 57726397, 1, 4096
44647, 39500409, 1, 4096
44669, 22169130, 1, 4096
44704, 34767387, 1, 4096
44742, 38281527, 1, 4096
44767, 24660595, 1, 4096
44854, 87238806, 1, 4096
44983, 129255753, 1, 4096
45167, 183879839, 1, 4096
45229, 61415873, 1, 4096
45229, 51235, 1, 4096
45229, 40253, 1, 4096
45229, 49392, 1, 4096
45229, 50934, 1, 4096
45229, 50425, 1, 4096
45229, 36644, 1, 4096
45229, 49429, 1, 4096
45229, 51507, 1, 4096
45229, 47204, 1, 4096
45229, 50554, 1, 4096
45229, 37057, 1, 4096
45229, 36668, 1, 4096
45229, 50818, 1, 4096
45229, 35408, 1, 4096
45229, 45071, 1, 4096
45229, 47458, 1, 4096
45230, 39600, 1, 4096
45230, 34290, 1, 4096
45230, 45820, 1, 4096
45230, 34319, 1, 4096
45230, 42751, 1, 4096
45230, 47075, 1, 4096
45230, 38596, 1, 4096
45230, 35459, 1, 4096
45230, 51796, 1, 4096
45230, 35301, 1, 4096
45230, 51285, 1, 4096
45230, 50316, 1, 4096
45230, 36762, 1, 4096
45230, 33376, 1, 4096
45230, 62757, 1, 4096
45230, 35959, 1, 4096
45230, 49666, 1, 4096
45230, 49884, 1, 4096
45230, 36377, 1, 4096
45230, 36177, 1, 4096
45230, 48427, 1, 4096
45230, 35988, 1, 4096
45230, 48643, 1, 4096
45231, 47732, 1, 4096
45231, 53048, 1, 4096
45231, 46615, 1, 4096
45231, 48231, 1, 4096
45231, 36139, 1, 4096
45231, 50648, 1, 4096
45231, 48633, 1, 4096
45231, 37915, 1, 4096
45231, 38134, 1, 4096
45231, 48420, 1, 4096
45231, 36775, 1, 4096
45231, 50821, 1, 4096
45231, 48110, 1, 4096
45231, 36976, 1, 4096
45231, 34310, 1, 4096
45231, 50536, 1, 4096
45231, 34901, 1, 4096
45231, 49297, 1, 4096
45231, 50475, 1, 4096
45231, 44811, 1, 4096
45231, 34945, 1, 4096
45232, 49276, 1, 4096
45232, 35722, 1, 4096
45232, 48386, 1, 4096
45232, 46886, 1, 4096
45232, 35289, 1, 4096
45232, 37017, 1, 4096
45232, 48548, 1, 4096
45232, 36103, 1, 4096
45232, 48933, 1, 4096
45232, 46940, 1, 4096
45232, 37595, 1, 4096
45232, 34459, 1, 4096
45232, 47709, 1, 4096
45232, 34540, 1, 4096
45232, 47597, 1, 4096
45232, 48338, 1, 4096
45232, 37297, 1, 4096
45232, 35250, 1, 4096
45232, 47410, 1, 4096
45232, 34489, 1, 4096
45232, 46618, 1, 4096
45232, 47491, 1, 4096
45232, 35092, 1, 4096
45233, 33644, 1, 4096
45233, 61369, 1, 4096
45233, 38026, 1, 4096
45233, 48076, 1, 4096
45233, 65283, 1, 4096
45233, 35722, 1, 4096
45233, 34160, 1, 4096
45233, 48017, 1, 4096
45233, 36287, 1, 4096
45233, 49574, 1, 4096
45233, 60986, 1, 4096
45233, 37041, 1, 4096
45233, 34579, 1, 4096
45233, 49295, 1, 4096
45233, 34998, 1, 4096
45233, 47541, 1, 4096
45233, 47000, 1, 4096
45233, 34645, 1, 4096
45233, 34437, 1, 4096
45233, 99547, 1, 4096
45233, 39830, 1, 4096
45234, 51002, 1, 4096
45234, 49868, 1, 4096
45234, 35944, 1, 4096
45234, 34020, 1, 4096
45234, 49330, 1, 4096
45234, 36039, 1, 4096
45234, 47289, 1, 4096
45234, 51275, 1, 4096
45234, 35304, 1, 4096
45234, 34494, 1, 4096
45234, 47781, 1, 4096
45234, 34849, 1, 4096
45234, 48122, 1, 4096
45234, 61632, 1, 4096
45234, 37641, 1, 4096
45234, 35290, 1, 4096
45234, 47769, 1, 4096
45234, 34203, 1, 4096
45234, 47355, 1, 4096
45234, 42035, 1, 4096
45234, 35341, 1, 4096
45234, 32325, 1, 4096
45235, 230749, 1, 4096
45235, 178546, 1, 4096
45235, 397271, 1, 4096
45235, 191447, 1, 4096
45236, 100225, 1, 4096
45236, 90296, 1, 4096
45236, 116245, 1, 4096
45236, 91388, 1, 4096
45236, 115948, 1, 4096
45236, 194695, 1, 4096
45236, 92683, 1, 4096
45236, 89620, 1, 4096
45236, 123160, 1, 4096
45237, 93710, 1, 4096
45237, 130883, 1, 4096
45237, 119894, 1, 4096
45237, 101954, 1, 4096
45237, 132394, 1, 4096
45237, 118981, 1, 4096
45237, 95677, 1, 4096
45237, 123088, 1, 4096
45238, 128708, 1, 4096
45238, 90427, 1, 4096
45238, 88535, 1, 4096
45238, 120755, 1, 4096
45238, 130481, 1, 4096
45238, 148486, 1, 4096
45238, 126461, 1, 4096
45238, 100413, 1, 4096
45238, 91886, 1, 4096
45239, 119206, 1, 4096
45239, 90825, 1, 4096
45239, 117897, 1, 4096
45239, 120787, 1, 4096
45239, 135155, 1, 4096
45239, 89690, 1, 4096
45239, 118237, 1, 4096
45239, 89287, 1, 4096
45239, 125737, 1, 4096
45240, 115755, 1, 4096
45240, 94044, 1, 4096
45240, 83971, 1, 4096
45240, 185217, 1, 4096
45240, 86589, 1, 4096
45240, 127304, 1, 4096
45240, 120242, 1, 4096
45240, 89888, 1, 4096
45240, 89274, 1, 4096
45241, 122389, 1, 4096
45241, 90470, 1, 4096
45241, 126719, 1, 4096
45241, 183248, 1, 4096
45241, 97793, 1, 4096
45241, 92941, 1, 4096
45241, 120802, 1, 4096
45241, 92271, 1, 4096
45242, 119791, 1, 4096
45242, 118625, 1, 4096
45242, 208311, 1, 4096
45242, 278509, 1, 4096
45242, 237832, 1, 4096
45243, 252470, 1, 4096
45243, 799189, 1, 4096
45654, 410062552, 1, 4096
45687, 33328968, 1, 4096
45901, 213663185, 1, 4096
46065, 164461146, 1, 4096
46112, 47109247, 1, 4096
46223, 111105433, 1, 4096
46249, 25583256, 1, 4096
46275, 26321712, 1, 4096
46316, 40954426, 1, 4096
46355, 39102194, 1, 4096
46491, 136233246, 1, 4096
46523, 31577236, 1, 4096
46562, 38498637, 1, 4096
46790, 227945603, 1, 4096
46999, 209775940, 1, 4096
47113, 113877438, 1, 4096
47113, 119758, 1, 4096
47113, 34042, 1, 4096
47113, 34488, 1, 4096
47113, 34462, 1, 4096
47113, 28503, 1, 4096
47113, 32595, 1, 4096
47114, 33062, 1, 4096
47114, 31549, 1, 4096
47114, 26953, 1, 4096
47114, 33955, 1, 4096
47114, 33208, 1, 4096
47114, 27982, 1, 4096
47114, 32506, 1, 4096
47114, 41848, 1, 4096
47114, 101182, 1, 4096
47251, 136722048, 1, 4096
47272, 21349693, 1, 4096
47318, 46244431, 1, 4096
47318, 53950, 1, 4096
47318, 43952, 1, 4096
47318, 43403, 1, 4096
47318, 43705, 1, 4096
47318, 45018, 1, 4096
47318, 43943, 1, 4096
47319, 44440, 1, 4096
47319, 44460, 1, 4096
47319, 40948, 1, 4096
47319, 40696, 1, 4096
47319, 42429, 1, 4096
47319, 41791, 1, 4096
47319, 42372, 1, 4096
47319, 42009, 1, 4096
47319, 42304, 1, 4096
47319, 43063, 1, 4096
47319, 41773, 1, 4096
47319, 41225, 1, 4096
47319, 42068, 1, 4096
47319, 40491, 1, 4096
47319, 41710, 1, 4096
47319, 43180, 1, 4096
47319, 41788, 1, 4096
47319, 44118, 1, 4096
47319, 207793, 1, 4096
47320, 68880, 1, 4096
47320, 66643, 1, 4096
47320, 60249, 1, 4096
47320, 63441, 1, 4096
47320, 148543, 1, 4096
47320, 72004, 1, 4096
47320, 70398, 1, 4096
47320, 64884, 1, 4096
47320, 60477, 1, 4096
47320, 70819, 1, 4096
47320, 63910, 1, 4096
47320, 65161, 1, 4096
47320, 61646, 1, 4096
47320, 61052, 1, 4096
47321, 51948, 1, 4096
47321, 47142, 1, 4096
47321, 200404, 1, 4096
47599, 277961815, 1, 4096
47618, 19528071, 1, 4096
47658, 39643627, 1, 4096
47679, 21006382, 1, 4096
47823, 144219187, 1, 4096
47850, 26491667, 1, 4096
47850, 73019, 1, 4096
47892, 42044169, 1, 4096
47934, 41969951, 1, 4096
47959, 24764453, 1, 4096
48155, 196564396, 1, 4096
48175, 19733931, 1, 4096
48226, 51157659, 1, 4096
48248, 21856736, 1, 4096
48285, 36867741, 1, 4096
48339, 54419629, 1, 4096
48339, 40082, 1, 4096
48339, 35634, 1, 4096
48339, 31970, 1, 4096
48339, 31624, 1, 4096
48339, 29358, 1, 4096
48339, 28678, 1, 4096
48433, 93764893, 1, 4096
48703, 269376003, 1, 4096
48750, 47561242, 1, 4096
48772, 21419049, 1, 4096
48809, 37169304, 1, 4096
49184, 375401740, 1, 4096
49439, 254572758, 1, 4096
49537, 98182032, 1, 4096
49562, 24674101, 1, 4096
49667, 105633674, 1, 4096
49705, 38032079, 1, 4096
49728, 22833943, 1, 4096
49760, 31723364, 1, 4096
49790, 29785446, 1, 4096
50017, 227165910, 1, 4096
50122, 105337094, 1, 4096
50290, 167546849, 1, 4096
50340, 50127368, 1, 4096
50516, 176205433, 1, 4096
50670, 153648591, 1, 4096
50670, 38827, 1, 4096
50670, 34222, 1, 4096
50721, 51677254, 1, 4096
50750, 28801355, 1, 4096
50750, 57594, 1, 4096
50804, 53423334, 1, 4096
50942, 138260325, 1, 4096
51022, 79486609, 1, 4096
51022, 46616, 1, 4096
51022, 249241, 1, 4096
51022, 43129, 1, 4096
51022, 42681, 1, 4096
51022, 36312, 1, 4096
51022, 37876, 1, 4096
51022, 50750, 1, 4096
51022, 39435, 1, 4096
51022, 35626, 1, 4096
51022, 42238, 1, 4096
51022, 34018, 1, 4096
51022, 54521, 1, 4096
51022, 37871, 1, 4096
51023, 129354, 1, 4096
51024, 1343962, 1, 4096
51024, 65997, 1, 4096
51024, 60237, 1, 4096
51024, 83021, 1, 4096
51024, 59751, 1, 4096
51024, 48530, 1, 4096
51024, 86093, 1, 4096
51024, 75720, 1, 4096
51024, 49924, 1, 4096
51024, 55998, 1, 4096
51025, 42764, 1, 4096
51025, 54943, 1, 4096
51025, 47419, 1, 4096
51025, 76262, 1, 4096
51025, 71750, 1, 4096
51025, 47632, 1, 4096
51025, 52733, 1, 4096
51025, 62537, 1, 4096
51025, 49478, 1, 4096
51025, 153228, 1, 4096
51025, 69985, 1, 4096
51025, 81389, 1, 4096
51025, 42482, 1, 4096
51025, 60332, 1, 4096
51025, 37154, 1, 4096
51026, 38416, 1, 4096
51026, 54581, 1, 4096
51026, 82811, 1, 4096
51026, 64012, 1, 4096
51026, 47901, 1, 4096
51026, 44062, 1, 4096
51026, 41331, 1, 4096
51026, 60019, 1, 4096
51026, 44535, 1, 4096
51026, 78618, 1, 4096
51026, 52171, 1, 4096
51026, 69492, 1, 4096
51026, 48860, 1, 4096
51026, 43417, 1, 4096
51026, 44438, 1, 4096
51026, 52033, 1, 4096
51026, 60760, 1, 4096
51027, 125309, 1, 4096
51027, 39219, 1, 4096
51027, 33345, 1, 4096
51027, 43050, 1, 4096
51027, 33473, 1, 4096
51027, 39622, 1, 4096
51027, 43004, 1, 4096
51027, 51868, 1, 4096
51027, 39022, 1, 4096
51027, 33606, 1, 4096
51027, 42325, 1, 4096
51027, 34103, 1, 4096
51027, 38678, 1, 4096
51027, 41936, 1, 4096
51027, 52037, 1, 4096
51027, 36096, 1, 4096
51027, 33454, 1, 4096
51027, 38009, 1, 4096
51027, 34360, 1, 4096
51027, 36198, 1, 4096
51027, 43951, 1, 4096
51027, 51444, 1, 4096
51028, 35948, 1, 4096
51028, 50740, 1, 4096
51028, 127382, 1, 4096
51028, 43209, 1, 4096
51028, 35618, 1, 4096
51028, 53874, 1, 4096
51028, 41898, 1, 4096
51028, 37117, 1, 4096
51028, 35002, 1, 4096
51028, 41630, 1, 4096
51028, 34719, 1, 4096
51028, 38795, 1, 4096
51028, 43271, 1, 4096
51028, 50588, 1, 4096
51028, 37224, 1, 4096
51028, 32939, 1, 4096
51028, 39789, 1, 4096
51028, 32988, 1, 4096
51028, 34800, 1, 4096
51028, 41918, 1, 4096
51028, 42125, 1, 4096
51028, 36041, 1, 4096
51029, 33709, 1, 4096
51029, 37965, 1, 4096
51029, 32790, 1, 4096
51029, 37706, 1, 4096
51029, 44305, 1, 4096
51029, 50796, 1, 4096
51029, 36503, 1, 4096
51029, 32987, 1, 4096
51029, 38327, 1, 4096
51029, 33047, 1, 4096
51029, 41119, 1, 4096
51029, 55395, 1, 4096
51029, 43693, 1, 4096
51029, 37079, 1, 4096
51029, 33217, 1, 4096
51029, 35541, 1, 4096
51029, 33593, 1, 4096
51029, 36780, 1, 4096
51029, 50957, 1, 4096
51029, 41482, 1, 4096
51029, 78465, 1, 4096
51029, 37163, 1, 4096
51030, 34318, 1, 4096
51030, 40847, 1, 4096
51031, 1272705, 1, 4096
51958, 927237532, 1, 4096
52005, 46732740, 1, 4096
52028, 23595357, 1, 4096
52260, 231394346, 1, 4096
52260, 37494, 1, 4096
52260, 44825, 1, 4096
52260, 28280, 1, 4096
52260, 45587, 1, 4096
52260, 30406, 1, 4096
52260, 51345, 1, 4096
52260, 35259, 1, 4096
52260, 52832, 1, 4096
52260, 29277, 1, 4096
52396, 135603139, 1, 4096
52416, 20507314, 1, 4096
52473, 56502011, 1, 4096
52559, 86060470, 1, 4096
52580, 21447653, 1, 4096
52601, 21074224, 1, 4096
52812, 211056311, 1, 4096
52843, 30672577, 1, 4096
52867, 23634701, 1, 4096
52891, 24226921, 1, 4096
53016, 124795942, 1, 4096
53102, 86450330, 1, 4096
53125, 23096358, 1, 4096
53146, 20269325, 1, 4096
53286, 140089789, 1, 4096
53286, 56960, 1, 4096
53286, 37501, 1, 4096
53286, 27017, 1, 4096
53286, 39400, 1, 4096
53286, 45557, 1, 4096
53286, 26088, 1, 4096
53286, 39082, 1, 4096
53286, 43983, 1, 4096
53286, 35383, 1, 4096
53286, 32243, 1, 4096
53286, 33806, 1, 4096
53286, 32656, 1, 4096
53286, 45251, 1, 4096
53286, 48628, 1, 4096
53286, 34768, 1, 4096
53286, 30233, 1, 4096
53286, 29798, 1, 4096
53286, 32543, 1, 4096
53286, 31280, 1, 4096
53287, 35746, 1, 4096
53287, 33649, 1, 4096
53287, 44600, 1, 4096
53287, 39160, 1, 4096
53287, 44200, 1, 4096
53287, 31589, 1, 4096
53287, 41144, 1, 4096
53287, 65255, 1, 4096
53287, 55673, 1, 4096
53538, 250973768, 1, 4096
53574, 35692357, 1, 4096
53646, 72303909, 1, 4096
53670, 24322198, 1, 4096
54010, 340156305, 1, 4096
54071, 60549344, 1, 4096
54252, 181480511, 1, 4096
54273, 21060547, 1, 4096
54524, 250189873, 1, 4096
54714, 190409456, 1, 4096
54740, 25631307, 1, 4096
54783, 43676686, 1, 4096
54890, 106148792, 1, 4096
54913, 23115237, 1, 4096
54972, 58826178, 1, 4096
55164, 192052338, 1, 4096
55187, 23729984, 1, 4096
55187, 43931, 1, 4096
55238, 50262213, 1, 4096
55238, 55169, 1, 4096
55238, 49572, 1, 4096
55238, 46567, 1, 4096
55238, 45773, 1, 4096
55238, 53222, 1, 4096
55386, 148557408, 1, 4096
55411, 24645240, 1, 4096
55436, 24677636, 1, 4096
55618, 182143818, 1, 4096
55661, 42764327, 1, 4096
55682, 21254740, 1, 4096
55725, 42720956, 1, 4096
55939, 214272513, 1, 4096
56185, 246015617, 1, 4096
56355, 170066605, 1, 4096
56623, 267880995, 1, 4096
56645, 22507657, 1, 4096
56676, 30523512, 1, 4096
56720, 44133906, 1, 4096
56720, 134782, 1, 4096
56720, 73951, 1, 4096
56720, 71560, 1, 4096
56720, 51803, 1, 4096
56721, 54752, 1, 4096
56721, 47426, 1, 4096
56721, 67698, 1, 4096
56721, 72379, 1, 4096
56721, 77546, 1, 4096
56721, 47863, 1, 4096
56721, 92137, 1, 4096
56721, 64886, 1, 4096
56721, 60626, 1, 4096
56721, 90092, 1, 4096
56721, 77525, 1, 4096
56721, 81523, 1, 4096
56722, 266840, 1, 4096
56722, 102533, 1, 4096
56722, 78977, 1, 4096
56722, 76460, 1, 4096
56722, 101320, 1, 4096
56722, 153161, 1, 4096
56723, 338862, 1, 4096
56723, 169400, 1, 4096
56723, 230771, 1, 4096
56723, 168642, 1, 4096
56840, 116453794, 1, 4096
56960, 120344375, 1, 4096
57111, 151243524, 1, 4096
57147, 35916476, 1, 4096
57341, 194351822, 1, 4096
57423, 81807896, 1, 4096
57485, 61557537, 1, 4096
57537, 51788412, 1, 4096
57562, 25526264, 1, 4096
57562, 42567, 1, 4096
57562, 35389, 1, 4096
57562, 35757, 1, 4096
57610, 47396693, 1, 4096
57635, 25629162, 1, 4096
57665, 29712096, 1, 4096
57665, 92923, 1, 4096
57665, 52812, 1, 4096
57665, 39902, 1, 4096
57665, 69092, 1, 4096
57665, 44202, 1, 4096
57665, 39816, 1, 4096
57666, 73392, 1, 4096
57666, 75759, 1, 4096
57666, 68526, 1, 4096
57666, 44688, 1, 4096
57666, 36398, 1, 4096
57754, 88111789, 1, 4096
57925, 170764174, 1, 4096
57981, 55919068, 1, 4096
58004, 23336254, 1, 4096
58164, 160105006, 1, 4096
58188, 23571881, 1, 4096
58231, 43356343, 1, 4096
58272, 40698203, 1, 4096
58325, 53707059, 1, 4096
58351, 25596955, 1, 4096
58608, 256939492, 1, 4096
58664, 55895045, 1, 4096
58833, 169036312, 1, 4096
58870, 37163176, 1, 4096
58870, 29105, 1, 4096
58870, 33598, 1, 4096
58870, 32478, 1, 4096
58870, 30763, 1, 4096
58870, 36163, 1, 4096
58870, 30280, 1, 4096
58870, 29934, 1, 4096
58870, 28324, 1, 4096
58870, 62505, 1, 4096
58870, 29220, 1, 4096
58870, 31133, 1, 4096
58870, 29173, 1, 4096
58870, 40206, 1, 4096
58871, 30060, 1, 4096
58871, 35310, 1, 4096
58871, 29710, 1, 4096
58871, 29113, 1, 4096
58871, 28972, 1, 4096
58871, 40554, 1, 4096
58871, 40851, 1, 4096
58871, 35421, 1, 4096
58871, 47897, 1, 4096
58871, 49200, 1, 4096
58871, 43019, 1, 4096
58871, 47001, 1, 4096
58871, 43184, 1, 4096
58871, 42242, 1, 4096
58871, 53314, 1, 4096
58871, 46094, 1, 4096
58871, 51963, 1, 4096
58871, 41672, 1, 4096
58871, 48694, 1, 4096
58871, 30514, 1, 4096
58871, 33723, 1, 4096
58871, 29969, 1, 4096
58871, 29294, 1, 4096
58871, 44401, 1, 4096
58872, 30921, 1, 4096
58872, 32080, 1, 4096
58872, 31993, 1, 4096
58872, 31293, 1, 4096
58872, 36683, 1, 4096
58872, 56453, 1, 4096
59024, 151885197, 1, 4096
59166, 142294312, 1, 4096
59284, 117663505, 1, 4096
59284, 44554, 1, 4096
59284, 46791, 1, 4096
59354, 70416569, 1, 4096
59377, 22476441, 1, 4096
59422, 45579792, 1, 4096
59466, 44142398, 1, 4096
59787, 320803219, 1, 4096
59929, 142377202, 1, 4096
59953, 23154263, 1, 4096
60013, 60657313, 1, 4096
