125, 2158, 1, 131072
125, 581072, 1, 131072
131, 20505, 1, 131072
132, 542240, 1, 131072
132, 1002225, 1, 131072
132, 696187, 1, 131072
132, 666758, 1, 131072
237, 1254, 1, 131072
446, 627, 1, 131072
448, 52207, 1, 131072
450, 96355, 1, 131072
456, 21450, 1, 131072
456, 516533, 1, 131072
458, 59312, 1, 131072
609, 867, 1, 131072
610, 744807, 1, 131072
610, 1272506, 1, 131072
610, 1607949, 1, 131072
610, 1950156, 1, 131072
610, 1911422, 1, 131072
610, 1693152, 1, 131072
611, 174645, 1, 131072
611, 2073628, 1, 131072
611, 2235083, 1, 131072
611, 2089829, 1, 131072
611, 662575, 1, 131072
611, 2166694, 1, 131072
611, 2013889, 1, 131072
611, 1550744, 1, 131072
611, 2039872, 1, 131072
611, 2050402, 1, 131072
612, 2113757, 1, 131072
612, 1630187, 1, 131072
612, 2055934, 1, 131072
612, 2149672, 1, 131072
612, 2216937, 1, 131072
612, 2252986, 1, 131072
612, 2269330, 1, 131072
612, 2189642, 1, 131072
612, 2147489, 1, 131072
612, 2132812, 1, 131072
612, 2283762, 1, 131072
612, 1920018, 1, 131072
612, 2205374, 1, 131072
612, 2140335, 1, 131072
612, 2176480, 1, 131072
613, 2192976, 1, 131072
613, 2216112, 1, 131072
613, 2193857, 1, 131072
613, 2144186, 1, 131072
613, 2233331, 1, 131072
613, 2230595, 1, 131072
613, 2112701, 1, 131072
613, 341461, 1, 131072
614, 173456, 1, 131072
614, 553074, 1, 131072
615, 198109, 1, 131072
615, 1623142, 1, 131072
615, 327101, 1, 131072
616, 1795482, 1, 131072
616, 1708334, 1, 131072
616, 1752533, 1, 131072
616, 1819660, 1, 131072
616, 1837028, 1, 131072
616, 1816684, 1, 131072
616, 1670451, 1, 131072
616, 1787426, 1, 131072
616, 1746718, 1, 131072
617, 196060, 1, 131072
617, 542467, 1, 131072
617, 1639814, 1, 131072
617, 1802445, 1, 131072
617, 1742978, 1, 131072
617, 1841235, 1, 131072
627, 13824, 1, 131072
627, 1478933, 1, 131072
627, 1565281, 1, 131072
627, 1545824, 1, 131072
627, 1547576, 1, 131072
627, 1509506, 1, 131072
627, 1572341, 1, 131072
628, 1597562, 1, 131072
628, 1244878, 1, 131072
628, 1594317, 1, 131072
628, 1504136, 1, 131072
628, 1623082, 1, 131072
628, 1640163, 1, 131072
628, 1530821, 1, 131072
628, 1666268, 1, 131072
628, 1598789, 1, 131072
628, 1380431, 1, 131072
628, 1593115, 1, 131072
629, 1147067, 1, 131072
629, 1393330, 1, 131072
629, 1325995, 1, 131072
629, 1615560, 1, 131072
629, 1511805, 1, 131072
629, 1578515, 1, 131072
629, 1573096, 1, 131072
629, 1585906, 1, 131072
629, 1577090, 1, 131072
629, 1555049, 1, 131072
629, 1371218, 1, 131072
634, 30468, 1, 131072
634, 1466933, 1, 131072
634, 1550707, 1, 131072
634, 1544367, 1, 131072
634, 1469005, 1, 131072
634, 1421558, 1, 131072
634, 1491522, 1, 131072
634, 1593173, 1, 131072
634, 1550157, 1, 131072
635, 1564945, 1, 131072
635, 1575952, 1, 131072
635, 1575952, 1, 131072
635, 1484679, 1, 131072
635, 1321050, 1, 131072
635, 1465801, 1, 131072
635, 1358399, 1, 131072
635, 1551221, 1, 131072
635, 1431854, 1, 131072
635, 1525334, 1, 131072
636, 1575252, 1, 131072
636, 1309803, 1, 131072
636, 1622901, 1, 131072
659, 5653, 1, 131072
1103, 294, 1, 131072
1103, 1102371, 1, 131072
1179, 1739, 1, 131072
1320, 925, 1, 131072
1321, 293406, 1, 131072
1390, 1899, 1, 131072
1441, 2546, 1, 131072
1492, 2589, 1, 131072
1552, 2198, 1, 131072
1587, 3732, 1, 131072
1654, 1942, 1, 131072
1655, 893585, 1, 131072
1655, 993345, 1, 131072
1655, 438007, 1, 131072
1655, 374657, 1, 131072
1656, 586541, 1, 131072
1656, 1328643, 1, 131072
1656, 1582269, 1, 131072
1656, 1266408, 1, 131072
1656, 1819964, 1, 131072
1656, 1675148, 1, 131072
1656, 1582039, 1, 131072
1656, 1446279, 1, 131072
1656, 1424664, 1, 131072
1657, 1670558, 1, 131072
1657, 1868613, 1, 131072
1657, 1416091, 1, 131072
1657, 1110647, 1, 131072
1657, 1344769, 1, 131072
1657, 719958, 1, 131072
1657, 860413, 1, 131072
1657, 995617, 1, 131072
1658, 1573077, 1, 131072
1658, 1911506, 1, 131072
1658, 1201789, 1, 131072
1658, 1883570, 1, 131072
1658, 1914410, 1, 131072
1658, 1494549, 1, 131072
1658, 1634028, 1, 131072
1658, 1743117, 1, 131072
1658, 1369084, 1, 131072
1658, 1759237, 1, 131072
1658, 843769, 1, 131072
1659, 1663941, 1, 131072
1659, 1710140, 1, 131072
1659, 1541950, 1, 131072
1659, 1654301, 1, 131072
1659, 922892, 1, 131072
1659, 1238175, 1, 131072
1659, 1341150, 1, 131072
1659, 837098, 1, 131072
1659, 1327351, 1, 131072
1954, 444, 1, 131072
2252, 439, 1, 131072
2408, 840, 1, 131072
2460, 2510, 1, 131072
2499, 3410, 1, 131072
3226, 180, 1, 131072
3267, 3222, 1, 131072
3310, 3049, 1, 131072
3431, 1079, 1, 131072
3468, 3543, 1, 131072
3904, 300, 1, 131072
3904, 1119144, 1, 131072
3904, 1384046, 1, 131072
3904, 789314, 1, 131072
3904, 882467, 1, 131072
3974, 1881, 1, 131072
4010, 3659, 1, 131072
4121, 1179, 1, 131072
4171, 2630, 1, 131072
4293, 1073, 1, 131072
5024, 179, 1, 131072
5135, 1182, 1, 131072
5178, 3036, 1, 131072
5369, 686, 1, 131072
5418, 2681, 1, 131072
5418, 1126328, 1, 131072
5657, 549, 1, 131072
5658, 304324, 1, 131072
5720, 2104, 1, 131072
5720, 1029582, 1, 131072
5879, 826, 1, 131072
5879, 702301, 1, 131072
5938, 2213, 1, 131072
6061, 1067, 1, 131072
6061, 821407, 1, 131072
6061, 947017, 1, 131072
6061, 1018121, 1, 131072
6062, 929160, 1, 131072
6062, 874326, 1, 131072
6062, 772415, 1, 131072
6062, 1029849, 1, 131072
6062, 1137708, 1, 131072
6062, 1097093, 1, 131072
6062, 1115544, 1, 131072
6062, 1054701, 1, 131072
6063, 1014379, 1, 131072
6063, 1037265, 1, 131072
6063, 1195857, 1, 131072
6063, 1213180, 1, 131072
6063, 1094757, 1, 131072
6063, 1171718, 1, 131072
6063, 1253162, 1, 131072
6063, 1538006, 1, 131072
6064, 1393449, 1, 131072
6064, 1155430, 1, 131072
6064, 1298205, 1, 131072
6064, 1323451, 1, 131072
6064, 1137600, 1, 131072
6064, 1185463, 1, 131072
6064, 1436185, 1, 131072
6064, 1280550, 1, 131072
6064, 1325914, 1, 131072
6065, 1918108, 1, 131072
6065, 1307973, 1, 131072
6065, 1246121, 1, 131072
6065, 1346482, 1, 131072
6065, 1830870, 1, 131072
6065, 1272926, 1, 131072
6065, 1266849, 1, 131072
6065, 1480989, 1, 131072
6065, 1556360, 1, 131072
6065, 1533490, 1, 131072
6066, 1401389, 1, 131072
6066, 1659727, 1, 131072
6066, 1319614, 1, 131072
6066, 1247734, 1, 131072
6066, 1660484, 1, 131072
6066, 1288278, 1, 131072
6066, 1378718, 1, 131072
6066, 1214912, 1, 131072
6066, 1223713, 1, 131072
6066, 1244441, 1, 131072
6067, 1266836, 1, 131072
6067, 1018834, 1, 131072
6067, 1672220, 1, 131072
6067, 1042968, 1, 131072
6067, 1524483, 1, 131072
6067, 1531823, 1, 131072
6067, 1543458, 1, 131072
6067, 1480337, 1, 131072
6067, 1173607, 1, 131072
6068, 1539090, 1, 131072
6068, 1096488, 1, 131072
6068, 1561868, 1, 131072
6068, 1372754, 1, 131072
6068, 1313465, 1, 131072
6068, 1107953, 1, 131072
6068, 1190557, 1, 131072
6068, 1271099, 1, 131072
6068, 928877, 1, 131072
6069, 1412855, 1, 131072
6069, 1722818, 1, 131072
6069, 1520909, 1, 131072
6069, 1396805, 1, 131072
6076, 17433, 1, 131072
6077, 742491, 1, 131072
6077, 686093, 1, 131072
6077, 720397, 1, 131072
6077, 755654, 1, 131072
6077, 536916, 1, 131072
6078, 770101, 1, 131072
6078, 423372, 1, 131072
6487, 320, 1, 131072
6487, 326207, 1, 131072
6540, 2452, 1, 131072
6638, 1340, 1, 131072
6702, 2050, 1, 131072
6702, 718029, 1, 131072
6703, 432150, 1, 131072
6707, 34128, 1, 131072
6761, 2409, 1, 131072
6807, 2819, 1, 131072
6941, 980, 1, 131072
7171, 570, 1, 131072
7173, 59763, 1, 131072
7461, 455, 1, 131072
7550, 1462, 1, 131072
7741, 687, 1, 131072
8005, 496, 1, 131072
8267, 500, 1, 131072
8336, 1904, 1, 131072
8336, 804117, 1, 131072
8336, 873289, 1, 131072
8337, 797561, 1, 131072
8356, 6809, 1, 131072
8356, 931988, 1, 131072
8356, 507366, 1, 131072
8361, 28476, 1, 131072
8361, 1123249, 1, 131072
8361, 1220137, 1, 131072
8361, 1293720, 1, 131072
8361, 1258311, 1, 131072
8361, 1611666, 1, 131072
8361, 1395407, 1, 131072
8362, 1588347, 1, 131072
8362, 1480337, 1, 131072
8362, 1421836, 1, 131072
8362, 512612, 1, 131072
8362, 998461, 1, 131072
8825, 283, 1, 131072
8825, 654022, 1, 131072
8825, 1197299, 1, 131072
8892, 1950, 1, 131072
8975, 1577, 1, 131072
9043, 1943, 1, 131072
9221, 735, 1, 131072
9261, 3257, 1, 131072
9332, 1859, 1, 131072
9650, 411, 1, 131072
9707, 2320, 1, 131072
9778, 1832, 1, 131072
9816, 3449, 1, 131072
9963, 891, 1, 131072
10008, 2909, 1, 131072
10055, 2796, 1, 131072
10537, 271, 1, 131072
10537, 689457, 1, 131072
10538, 921782, 1, 131072
10538, 1001765, 1, 131072
10538, 546442, 1, 131072
10538, 839021, 1, 131072
10538, 1003137, 1, 131072
10558, 6611, 1, 131072
10558, 846439, 1, 131072
10559, 891306, 1, 131072
10559, 937105, 1, 131072
10559, 1036265, 1, 131072
10559, 1036970, 1, 131072
10559, 937272, 1, 131072
10559, 933368, 1, 131072
10559, 623205, 1, 131072
10560, 917826, 1, 131072
10560, 856539, 1, 131072
10560, 1095809, 1, 131072
10560, 1752650, 1, 131072
10560, 1781450, 1, 131072
10560, 1683583, 1, 131072
10560, 1724041, 1, 131072
10560, 1766683, 1, 131072
10560, 1725335, 1, 131072
10560, 1838652, 1, 131072
10561, 1789525, 1, 131072
10561, 1720805, 1, 131072
10561, 1696395, 1, 131072
10561, 1836102, 1, 131072
10561, 1706577, 1, 131072
10561, 1718120, 1, 131072
10561, 1780821, 1, 131072
10561, 1787889, 1, 131072
10561, 1754574, 1, 131072
10561, 1739786, 1, 131072
10561, 1731809, 1, 131072
10561, 1769736, 1, 131072
10561, 1759426, 1, 131072
10562, 1689289, 1, 131072
10562, 1657963, 1, 131072
10562, 1776428, 1, 131072
10562, 1721302, 1, 131072
10562, 1783122, 1, 131072
10562, 1239357, 1, 131072
10562, 1558025, 1, 131072
10562, 1750170, 1, 131072
10562, 1857201, 1, 131072
10562, 1815577, 1, 131072
10562, 1836539, 1, 131072
10562, 1791163, 1, 131072
10563, 1790772, 1, 131072
10563, 1750380, 1, 131072
10563, 1786988, 1, 131072
10563, 1749609, 1, 131072
10563, 1837749, 1, 131072
10563, 1839607, 1, 131072
10563, 1826456, 1, 131072
10563, 1721302, 1, 131072
10563, 1727973, 1, 131072
10563, 1481910, 1, 131072
10563, 1691033, 1, 131072
10563, 1904230, 1, 131072
10563, 1821988, 1, 131072
10564, 970702, 1, 131072
10564, 1295843, 1, 131072
10564, 1273211, 1, 131072
10564, 1370014, 1, 131072
10564, 1251284, 1, 131072
10564, 1338616, 1, 131072
10565, 361160, 1, 131072
10565, 1345666, 1, 131072
10565, 1371720, 1, 131072
10565, 1445147, 1, 131072
10565, 1374150, 1, 131072
10565, 1112457, 1, 131072
10566, 263594, 1, 131072
10566, 971493, 1, 131072
10566, 1371017, 1, 131072
10566, 846248, 1, 131072
10566, 1080578, 1, 131072
10566, 1375650, 1, 131072
10566, 1348699, 1, 131072
10566, 1437981, 1, 131072
10566, 1410164, 1, 131072
10567, 1388342, 1, 131072
10567, 1369098, 1, 131072
10567, 1317227, 1, 131072
10567, 1364736, 1, 131072
10567, 1361687, 1, 131072
10567, 1327324, 1, 131072
10567, 1140678, 1, 131072
10567, 1140748, 1, 131072
10567, 1043866, 1, 131072
10568, 1021159, 1, 131072
10568, 947421, 1, 131072
10568, 997116, 1, 131072
10568, 1379472, 1, 131072
10568, 1400491, 1, 131072
10568, 1428032, 1, 131072
10568, 1397028, 1, 131072
10568, 1378268, 1, 131072
10568, 1341576, 1, 131072
10569, 1365120, 1, 131072
10569, 1458608, 1, 131072
10569, 1299170, 1, 131072
10569, 1392102, 1, 131072
10569, 1444462, 1, 131072
10569, 1408634, 1, 131072
10569, 1451951, 1, 131072
10569, 1513218, 1, 131072
10569, 1168001, 1, 131072
10570, 920417, 1, 131072
10570, 1366842, 1, 131072
10570, 993601, 1, 131072
10570, 848917, 1, 131072
10570, 970386, 1, 131072
10570, 910285, 1, 131072
10570, 885986, 1, 131072
10570, 1236365, 1, 131072
10571, 1085392, 1, 131072
10571, 1153427, 1, 131072
10571, 1027354, 1, 131072
10572, 211429, 1, 131072
10572, 1138192, 1, 131072
10572, 413167, 1, 131072
10572, 1293541, 1, 131072
10572, 729129, 1, 131072
10572, 1300162, 1, 131072
10573, 657523, 1, 131072
10573, 1265772, 1, 131072
10573, 387398, 1, 131072
10573, 392199, 1, 131072
10573, 1232227, 1, 131072
10574, 412352, 1, 131072
10574, 1322370, 1, 131072
10574, 358664, 1, 131072
10574, 1256164, 1, 131072
10575, 676654, 1, 131072
10575, 861703, 1, 131072
10575, 1278526, 1, 131072
10575, 1140927, 1, 131072
10575, 1271827, 1, 131072
10575, 866368, 1, 131072
10575, 1292623, 1, 131072
10576, 294492, 1, 131072
11102, 249, 1, 131072
11602, 262, 1, 131072
11833, 566, 1, 131072
11939, 1233, 1, 131072
11982, 3082, 1, 131072
11982, 621795, 1, 131072
11982, 709786, 1, 131072
11983, 682897, 1, 131072
11983, 938608, 1, 131072
11983, 712700, 1, 131072
11983, 660142, 1, 131072
11983, 743881, 1, 131072
11983, 843693, 1, 131072
11984, 830789, 1, 131072
11984, 965461, 1, 131072
11984, 1116865, 1, 131072
11984, 908795, 1, 131072
11984, 1000656, 1, 131072
11984, 962596, 1, 131072
11984, 1032933, 1, 131072
11985, 1027773, 1, 131072
11985, 828049, 1, 131072
11985, 843791, 1, 131072
11985, 708397, 1, 131072
11985, 848774, 1, 131072
11985, 829858, 1, 131072
11986, 1012764, 1, 131072
11986, 1254733, 1, 131072
11986, 1618792, 1, 131072
11986, 794693, 1, 131072
12150, 800, 1, 131072
12296, 893, 1, 131072
12362, 1996, 1, 131072
12362, 537768, 1, 131072
12415, 2478, 1, 131072
12466, 2585, 1, 131072
12522, 2350, 1, 131072
12522, 1116932, 1, 131072
12589, 1943, 1, 131072
12678, 1472, 1, 131072
12773, 1386, 1, 131072
12874, 1291, 1, 131072
12934, 2184, 1, 131072
12977, 3048, 1, 131072
13075, 1343, 1, 131072
13075, 1046633, 1, 131072
13075, 1099385, 1, 131072
13075, 578094, 1, 131072
13076, 548546, 1, 131072
13076, 749818, 1, 131072
13076, 954291, 1, 131072
13076, 1297511, 1, 131072
13076, 811933, 1, 131072
13076, 984970, 1, 131072
13077, 1189973, 1, 131072
13077, 981562, 1, 131072
13077, 1307620, 1, 131072
13077, 660275, 1, 131072
13077, 919693, 1, 131072
13077, 988759, 1, 131072
13077, 1010531, 1, 131072
13078, 201272, 1, 131072
13078, 795079, 1, 131072
13078, 742398, 1, 131072
13078, 1332926, 1, 131072
13079, 1328966, 1, 131072
13079, 830521, 1, 131072
13079, 1320957, 1, 131072
13079, 1181765, 1, 131072
13079, 923914, 1, 131072
13079, 1011506, 1, 131072
13079, 917742, 1, 131072
13080, 991242, 1, 131072
13080, 969195, 1, 131072
13080, 1012748, 1, 131072
13080, 1023880, 1, 131072
13080, 720223, 1, 131072
13080, 1145343, 1, 131072
13080, 986921, 1, 131072
13081, 1040353, 1, 131072
13081, 1279837, 1, 131072
13081, 1097727, 1, 131072
13081, 1459566, 1, 131072
13081, 1447477, 1, 131072
13081, 1525121, 1, 131072
13081, 1516247, 1, 131072
13081, 1476401, 1, 131072
13081, 1496529, 1, 131072
13081, 1472818, 1, 131072
13082, 1346786, 1, 131072
13082, 1492031, 1, 131072
13082, 1527165, 1, 131072
13082, 1488659, 1, 131072
13082, 1490352, 1, 131072
13082, 1521704, 1, 131072
13082, 1445259, 1, 131072
13082, 1491709, 1, 131072
13082, 1481541, 1, 131072
13593, 256, 1, 131072
13770, 739, 1, 131072
13848, 1686, 1, 131072
14169, 408, 1, 131072
14213, 2969, 1, 131072
14255, 3128, 1, 131072
14305, 2601, 1, 131072
14656, 373, 1, 131072
14717, 2132, 1, 131072
14717, 1076867, 1, 131072
14718, 1142428, 1, 131072
14718, 1261423, 1, 131072
14877, 822, 1, 131072
14937, 2172, 1, 131072
15232, 444, 1, 131072
15232, 970702, 1, 131072
15294, 2113, 1, 131072
15348, 2423, 1, 131072
15409, 2172, 1, 131072
15472, 2066, 1, 131072
15732, 503, 1, 131072
16172, 298, 1, 131072
16382, 623, 1, 131072
16841, 285, 1, 131072
17202, 362, 1, 131072
17369, 786, 1, 131072
17410, 3190, 1, 131072
17697, 456, 1, 131072
17753, 2371, 1, 131072
17753, 688164, 1, 131072
17753, 768502, 1, 131072
17753, 1119976, 1, 131072
17835, 1600, 1, 131072
18148, 419, 1, 131072
18148, 1345694, 1, 131072
18485, 389, 1, 131072
18485, 547520, 1, 131072
18567, 1593, 1, 131072
18567, 1235258, 1, 131072
18688, 1081, 1, 131072
18689, 127418, 1, 131072
18690, 272175, 1, 131072
18690, 1136564, 1, 131072
18690, 1312702, 1, 131072
18690, 1339683, 1, 131072
18690, 1028564, 1, 131072
18691, 1204152, 1, 131072
18691, 1322556, 1, 131072
18691, 1311730, 1, 131072
18691, 1355211, 1, 131072
18691, 1337797, 1, 131072
18691, 1378805, 1, 131072
18691, 1483201, 1, 131072
18691, 1339861, 1, 131072
18691, 986542, 1, 131072
18692, 1022354, 1, 131072
18692, 1279225, 1, 131072
18692, 1343074, 1, 131072
18692, 1194462, 1, 131072
18692, 1397952, 1, 131072
18692, 1371146, 1, 131072
18692, 1450617, 1, 131072
18692, 1433875, 1, 131072
18692, 1417929, 1, 131072
18692, 1448661, 1, 131072
18693, 1261654, 1, 131072
18693, 1559545, 1, 131072
18896, 643, 1, 131072
19146, 526, 1, 131072
19233, 1496, 1, 131072
19488, 515, 1, 131072
19930, 296, 1, 131072
19930, 1484663, 1, 131072
19930, 1348130, 1, 131072
19930, 1509298, 1, 131072
19930, 1566947, 1, 131072
19931, 1593135, 1, 131072
19931, 1596044, 1, 131072
19931, 1681941, 1, 131072
19931, 1910336, 1, 131072
19931, 2047840, 1, 131072
19931, 1701372, 1, 131072
19931, 1943390, 1, 131072
19931, 2055837, 1, 131072
19931, 1995615, 1, 131072
19931, 1949257, 1, 131072
19931, 1900778, 1, 131072
19931, 1967545, 1, 131072
19931, 2014880, 1, 131072
19931, 1748022, 1, 131072
19932, 1999694, 1, 131072
19932, 2132743, 1, 131072
19932, 2126929, 1, 131072
19932, 2023934, 1, 131072
19932, 2026406, 1, 131072
19932, 1994825, 1, 131072
19932, 2179955, 1, 131072
19932, 1855886, 1, 131072
19932, 2103546, 1, 131072
19932, 2212409, 1, 131072
19932, 2051558, 1, 131072
19932, 2030518, 1, 131072
19932, 1444192, 1, 131072
19932, 2005140, 1, 131072
19933, 2083948, 1, 131072
19933, 1878064, 1, 131072
19933, 2142679, 1, 131072
19933, 2130074, 1, 131072
19933, 2202631, 1, 131072
19933, 2083782, 1, 131072
19933, 2135105, 1, 131072
19933, 2117821, 1, 131072
19933, 2159874, 1, 131072
19933, 1871521, 1, 131072
19933, 2109810, 1, 131072
19933, 2175143, 1, 131072
19933, 2202150, 1, 131072
19933, 1993763, 1, 131072
19933, 2069274, 1, 131072
19934, 2161941, 1, 131072
19934, 2130836, 1, 131072
19934, 1845356, 1, 131072
19934, 2163225, 1, 131072
19934, 2146117, 1, 131072
19934, 2209984, 1, 131072
19934, 2167661, 1, 131072
19934, 2176408, 1, 131072
19934, 2126549, 1, 131072
19934, 2229874, 1, 131072
19934, 1934213, 1, 131072
19934, 2084445, 1, 131072
19934, 2126204, 1, 131072
19934, 2160658, 1, 131072
19934, 2152002, 1, 131072
19934, 1794916, 1, 131072
19935, 1788499, 1, 131072
19935, 1713762, 1, 131072
19935, 1464540, 1, 131072
19935, 1865926, 1, 131072
19935, 1651883, 1, 131072
19935, 1753025, 1, 131072
19935, 1741218, 1, 131072
19935, 1728110, 1, 131072
19935, 1802271, 1, 131072
19935, 1877580, 1, 131072
19935, 1431667, 1, 131072
19935, 1818928, 1, 131072
19936, 1727654, 1, 131072
19936, 1809262, 1, 131072
19936, 1765564, 1, 131072
19936, 1713090, 1, 131072
19936, 1745857, 1, 131072
19936, 1743071, 1, 131072
19936, 1566572, 1, 131072
19936, 1740664, 1, 131072
19936, 1794155, 1, 131072
19936, 1754762, 1, 131072
19936, 1356137, 1, 131072
20467, 247, 1, 131072
20503, 3638, 1, 131072
21018, 254, 1, 131072
21479, 284, 1, 131072
21479, 1436751, 1, 131072
21479, 978068, 1, 131072
21480, 1090349, 1, 131072
21977, 263, 1, 131072
22025, 2754, 1, 131072
22025, 950989, 1, 131072
22190, 792, 1, 131072
22647, 287, 1, 131072
22647, 1098380, 1, 131072
22705, 2253, 1, 131072
22744, 3353, 1, 131072
22930, 705, 1, 131072
22977, 2820, 1, 131072
23046, 1893, 1, 131072
23079, 3916, 1, 131072
23138, 2245, 1, 131072
23138, 882033, 1, 131072
23190, 2501, 1, 131072
23256, 2012, 1, 131072
23256, 1120225, 1, 131072
23739, 271, 1, 131072
24084, 379, 1, 131072
24142, 2283, 1, 131072
24213, 1836, 1, 131072
24247, 3855, 1, 131072
24536, 454, 1, 131072
24536, 1108421, 1, 131072
24536, 1350464, 1, 131072
24537, 101497, 1, 131072
24537, 807979, 1, 131072
24537, 813096, 1, 131072
24538, 894073, 1, 131072
24538, 625382, 1, 131072
24538, 1042148, 1, 131072
24538, 1556693, 1, 131072
24538, 1803660, 1, 131072
24538, 1121654, 1, 131072
24538, 940919, 1, 131072
24539, 904955, 1, 131072
24539, 1615699, 1, 131072
24539, 989917, 1, 131072
24539, 1580570, 1, 131072
24539, 1860311, 1, 131072
24539, 1059587, 1, 131072
24539, 1246429, 1, 131072
24539, 1118333, 1, 131072
24539, 1723724, 1, 131072
24540, 1176652, 1, 131072
24540, 1904424, 1, 131072
24540, 1765136, 1, 131072
24540, 1160689, 1, 131072
24540, 1173975, 1, 131072
24540, 1086580, 1, 131072
24540, 1773520, 1, 131072
24540, 588767, 1, 131072
24540, 1566778, 1, 131072
24541, 1873983, 1, 131072
24541, 1003053, 1, 131072
24541, 527289, 1, 131072
24541, 412487, 1, 131072
24541, 1123114, 1, 131072
24542, 570982, 1, 131072
24542, 1449190, 1, 131072
24542, 1353252, 1, 131072
24542, 616655, 1, 131072
24542, 596421, 1, 131072
24543, 739183, 1, 131072
24543, 1462008, 1, 131072
24543, 424194, 1, 131072
24543, 1538692, 1, 131072
24543, 2009351, 1, 131072
24543, 1433765, 1, 131072
24543, 1248923, 1, 131072
24543, 1457181, 1, 131072
24544, 1148002, 1, 131072
24544, 785826, 1, 131072
24544, 1392767, 1, 131072
24544, 1740987, 1, 131072
24544, 907537, 1, 131072
24544, 719049, 1, 131072
24544, 746921, 1, 131072
24545, 1031437, 1, 131072
24545, 185548, 1, 131072
25519, 134, 1, 131072
25519, 1020921, 1, 131072
25519, 1194049, 1, 131072
25519, 1192485, 1, 131072
25519, 1119938, 1, 131072
25520, 386103, 1, 131072
25520, 638771, 1, 131072
25520, 787687, 1, 131072
25520, 807521, 1, 131072
25520, 1143585, 1, 131072
25521, 408435, 1, 131072
25523, 46376, 1, 131072
25525, 110847, 1, 131072
25525, 897022, 1, 131072
25525, 528801, 1, 131072
25525, 665009, 1, 131072
25528, 49499, 1, 131072
25528, 1657796, 1, 131072
25528, 1839194, 1, 131072
25528, 1049945, 1, 131072
25528, 1093405, 1, 131072
25528, 981562, 1, 131072
25529, 392951, 1, 131072
25676, 889, 1, 131072
25723, 2804, 1, 131072
25761, 3456, 1, 131072
26333, 228, 1, 131072
26375, 3180, 1, 131072
26375, 919564, 1, 131072
26701, 401, 1, 131072
26706, 26332, 1, 131072
26706, 1649057, 1, 131072
26854, 889, 1, 131072
26859, 24052, 1, 131072
26859, 1553814, 1, 131072
26859, 1679591, 1, 131072
26983, 1061, 1, 131072
27017, 3820, 1, 131072
27017, 1162099, 1, 131072
27109, 1434, 1, 131072
27154, 2919, 1, 131072
27154, 817238, 1, 131072
27154, 884468, 1, 131072
27154, 960199, 1, 131072
27154, 920973, 1, 131072
27154, 893999, 1, 131072
27155, 944186, 1, 131072
27155, 889932, 1, 131072
27155, 987925, 1, 131072
27155, 1072365, 1, 131072
27155, 843802, 1, 131072
27155, 1131931, 1, 131072
27155, 1039140, 1, 131072
27156, 1138439, 1, 131072
27156, 1065149, 1, 131072
27156, 1157307, 1, 131072
27156, 1152413, 1, 131072
27156, 1065435, 1, 131072
27156, 1198109, 1, 131072
27156, 1039346, 1, 131072
27156, 1093469, 1, 131072
27157, 1215452, 1, 131072
27157, 1144983, 1, 131072
27157, 1171059, 1, 131072
27157, 1438960, 1, 131072
27157, 1430308, 1, 131072
27157, 1371820, 1, 131072
27157, 1329263, 1, 131072
27157, 1334718, 1, 131072
27157, 1342716, 1, 131072
27158, 1307347, 1, 131072
27158, 1359653, 1, 131072
27158, 1480721, 1, 131072
27158, 1321063, 1, 131072
27158, 1351062, 1, 131072
27158, 1360811, 1, 131072
27158, 355311, 1, 131072
27159, 1229303, 1, 131072
27159, 1357696, 1, 131072
27159, 1150036, 1, 131072
27159, 1091793, 1, 131072
27159, 1388224, 1, 131072
27159, 1296484, 1, 131072
27159, 1102065, 1, 131072
27159, 1503308, 1, 131072
27159, 1430339, 1, 131072
27159, 1306330, 1, 131072
27160, 1152453, 1, 131072
27160, 1439766, 1, 131072
27160, 1378153, 1, 131072
27160, 1347991, 1, 131072
27160, 1103401, 1, 131072
27160, 1225968, 1, 131072
27160, 1059142, 1, 131072
27160, 672760, 1, 131072
27161, 1383068, 1, 131072
27161, 1402979, 1, 131072
27161, 1290866, 1, 131072
27161, 1207691, 1, 131072
27161, 1190935, 1, 131072
27161, 1198142, 1, 131072
27161, 1229683, 1, 131072
27161, 1310680, 1, 131072
27161, 1361249, 1, 131072
27162, 1118113, 1, 131072
27162, 1178440, 1, 131072
27162, 952405, 1, 131072
27162, 1128374, 1, 131072
27162, 1290637, 1, 131072
27751, 222, 1, 131072
27791, 3275, 1, 131072
27904, 1159, 1, 131072
28151, 531, 1, 131072
28342, 685, 1, 131072
28390, 2773, 1, 131072
28634, 536, 1, 131072
28787, 854, 1, 131072
28788, 709409, 1, 131072
28788, 668611, 1, 131072
28788, 1243437, 1, 131072
28788, 718171, 1, 131072
28788, 755806, 1, 131072
28789, 777967, 1, 131072
28789, 859900, 1, 131072
28789, 1048903, 1, 131072
28789, 1033430, 1, 131072
28789, 1567640, 1, 131072
28789, 1396581, 1, 131072
28789, 1029525, 1, 131072
28789, 888641, 1, 131072
28790, 1009239, 1, 131072
28790, 1026036, 1, 131072
28790, 945760, 1, 131072
28790, 1582307, 1, 131072
28790, 885478, 1, 131072
28790, 1045314, 1, 131072
28790, 980197, 1, 131072
28791, 862559, 1, 131072
28791, 895349, 1, 131072
28791, 805511, 1, 131072
28791, 1812314, 1, 131072
28791, 853944, 1, 131072
28791, 872696, 1, 131072
28791, 907537, 1, 131072
28792, 868601, 1, 131072
28792, 875915, 1, 131072
28792, 1235782, 1, 131072
28792, 1801058, 1, 131072
28792, 1619312, 1, 131072
28792, 1131530, 1, 131072
28792, 938118, 1, 131072
28793, 986044, 1, 131072
28793, 1009107, 1, 131072
28793, 1071444, 1, 131072
28793, 1620273, 1, 131072
28793, 890053, 1, 131072
28794, 249876, 1, 131072
28794, 973405, 1, 131072
28794, 1157716, 1, 131072
28794, 1638338, 1, 131072
28794, 1623504, 1, 131072
28794, 1718436, 1, 131072
28794, 1669494, 1, 131072
28794, 1660631, 1, 131072
28794, 1634762, 1, 131072
28794, 1657209, 1, 131072
28795, 1692540, 1, 131072
28795, 1636170, 1, 131072
28795, 1816307, 1, 131072
28795, 1608995, 1, 131072
28795, 1323464, 1, 131072
28795, 1626445, 1, 131072
28795, 1696263, 1, 131072
28795, 1587001, 1, 131072
28795, 1635170, 1, 131072
28795, 1840924, 1, 131072
28795, 1654385, 1, 131072
28795, 1620473, 1, 131072
28796, 1678495, 1, 131072
28796, 1720872, 1, 131072
28796, 1346565, 1, 131072
28796, 1218016, 1, 131072
28796, 1602464, 1, 131072
28796, 1368526, 1, 131072
28796, 1338753, 1, 131072
28796, 1305380, 1, 131072
28796, 1367812, 1, 131072
28796, 1392767, 1, 131072
28797, 320949, 1, 131072
28797, 584229, 1, 131072
28797, 558385, 1, 131072
28798, 556531, 1, 131072
28798, 767216, 1, 131072
29323, 249, 1, 131072
29323, 1046524, 1, 131072
29323, 1167939, 1, 131072
29323, 1255863, 1, 131072
29323, 1216547, 1, 131072
29445, 1078, 1, 131072
29486, 3206, 1, 131072
29486, 1133056, 1, 131072
29486, 1186504, 1, 131072
29486, 1425067, 1, 131072
29486, 1354049, 1, 131072
29486, 1378254, 1, 131072
29487, 1384076, 1, 131072
29487, 1363231, 1, 131072
29487, 1095873, 1, 131072
29487, 1474408, 1, 131072
29487, 1438407, 1, 131072
29487, 1486414, 1, 131072
29487, 1459079, 1, 131072
29487, 1447589, 1, 131072
29487, 1551937, 1, 131072
29487, 1514652, 1, 131072
29488, 1498462, 1, 131072
29488, 1559415, 1, 131072
29488, 1581390, 1, 131072
29488, 1519252, 1, 131072
29488, 1568071, 1, 131072
29488, 1568071, 1, 131072
29488, 1566572, 1, 131072
29488, 1487122, 1, 131072
29488, 1627657, 1, 131072
29488, 1486397, 1, 131072
29488, 1571738, 1, 131072
29488, 1559935, 1, 131072
29489, 1463069, 1, 131072
29489, 1382849, 1, 131072
29489, 1606412, 1, 131072
29489, 1506263, 1, 131072
29489, 1419280, 1, 131072
29489, 1404362, 1, 131072
29489, 1410437, 1, 131072
29489, 1434628, 1, 131072
29489, 1441317, 1, 131072
29489, 1419665, 1, 131072
29490, 1475803, 1, 131072
29490, 1455159, 1, 131072
29490, 1348727, 1, 131072
29490, 1050004, 1, 131072
29490, 1174006, 1, 131072
29490, 1239768, 1, 131072
29490, 1603582, 1, 131072
29490, 1122883, 1, 131072
29490, 1000969, 1, 131072
29491, 989230, 1, 131072
29491, 841240, 1, 131072
29491, 1499473, 1, 131072
29491, 1055406, 1, 131072
29491, 1081487, 1, 131072
29491, 1035086, 1, 131072
29491, 1089044, 1, 131072
29492, 1003076, 1, 131072
29492, 1113913, 1, 131072
29492, 1115867, 1, 131072
29492, 1373474, 1, 131072
29492, 1223462, 1, 131072
29492, 1033299, 1, 131072
29492, 1200622, 1, 131072
29492, 1142229, 1, 131072
29492, 1192593, 1, 131072
29493, 1141165, 1, 131072
29493, 1044306, 1, 131072
29493, 1206480, 1, 131072
29783, 452, 1, 131072
30105, 406, 1, 131072
30181, 1725, 1, 131072
30258, 1697, 1, 131072
30461, 645, 1, 131072
30562, 1298, 1, 131072
30613, 2565, 1, 131072
30686, 1805, 1, 131072
30818, 994, 1, 131072
30882, 2045, 1, 131072
31070, 695, 1, 131072
31259, 693, 1, 131072
31260, 253835, 1, 131072
31263, 38659, 1, 131072
31655, 334, 1, 131072
31655, 903035, 1, 131072
31814, 826, 1, 131072
31883, 1885, 1, 131072
31933, 2644, 1, 131072
31986, 2476, 1, 131072
32022, 3603, 1, 131072
32073, 2589, 1, 131072
32108, 3700, 1, 131072
32395, 457, 1, 131072
32794, 328, 1, 131072
32841, 2764, 1, 131072
32882, 3251, 1, 131072
32951, 1890, 1, 131072
33169, 601, 1, 131072
33216, 2760, 1, 131072
33262, 2876, 1, 131072
33262, 859105, 1, 131072
33424, 807, 1, 131072
33425, 1030715, 1, 131072
33425, 1260998, 1, 131072
33425, 1233108, 1, 131072
33425, 1202925, 1, 131072
33425, 820579, 1, 131072
33517, 1425, 1, 131072
33567, 2629, 1, 131072
33897, 397, 1, 131072
34179, 464, 1, 131072
34416, 552, 1, 131072
34642, 579, 1, 131072
34642, 1122720, 1, 131072
34642, 1177667, 1, 131072
34642, 1301983, 1, 131072
34642, 1197923, 1, 131072
34643, 1231185, 1, 131072
34643, 1373805, 1, 131072
34643, 1709092, 1, 131072
34643, 722757, 1, 131072
34643, 742440, 1, 131072
34643, 1304718, 1, 131072
34643, 782622, 1, 131072
34644, 1150057, 1, 131072
34644, 1556785, 1, 131072
34644, 1809012, 1, 131072
34644, 1605074, 1, 131072
34644, 1672604, 1, 131072
34644, 1867335, 1, 131072
34644, 1646757, 1, 131072
34644, 1634354, 1, 131072
34644, 1732725, 1, 131072
34644, 1906779, 1, 131072
34644, 1663033, 1, 131072
34644, 1653780, 1, 131072
34645, 1850959, 1, 131072
34645, 1569066, 1, 131072
34645, 1717242, 1, 131072
34645, 1717918, 1, 131072
34645, 1986330, 1, 131072
34645, 1624651, 1, 131072
34645, 1711502, 1, 131072
34645, 1946912, 1, 131072
34645, 1699805, 1, 131072
34645, 1667582, 1, 131072
34645, 1703229, 1, 131072
34645, 1925801, 1, 131072
34646, 1630228, 1, 131072
34646, 1700555, 1, 131072
34646, 2005631, 1, 131072
34646, 1714838, 1, 131072
34646, 1386711, 1, 131072
34646, 1704380, 1, 131072
34646, 1782710, 1, 131072
34646, 1636497, 1, 131072
34646, 1690204, 1, 131072
34646, 1756714, 1, 131072
34646, 1698131, 1, 131072
34646, 1707444, 1, 131072
34646, 1753401, 1, 131072
34647, 1708802, 1, 131072
34647, 1722433, 1, 131072
34647, 1746881, 1, 131072
34647, 1648808, 1, 131072
34647, 1346053, 1, 131072
34647, 1143684, 1, 131072
34647, 1248376, 1, 131072
34647, 1435257, 1, 131072
34648, 273203, 1, 131072
34648, 1016471, 1, 131072
34648, 1369885, 1, 131072
34648, 985081, 1, 131072
34648, 1206735, 1, 131072
34648, 1363983, 1, 131072
34649, 810226, 1, 131072
34649, 817585, 1, 131072
34649, 718584, 1, 131072
34649, 1144293, 1, 131072
34649, 697647, 1, 131072
34650, 248660, 1, 131072
34650, 839795, 1, 131072
34650, 1422129, 1, 131072
34650, 1023696, 1, 131072
34650, 1000022, 1, 131072
34650, 1467985, 1, 131072
34651, 865498, 1, 131072
34651, 804260, 1, 131072
34651, 749423, 1, 131072
34651, 1411364, 1, 131072
34651, 346195, 1, 131072
34652, 331969, 1, 131072
34652, 812069, 1, 131072
34652, 625298, 1, 131072
34652, 767225, 1, 131072
34653, 861731, 1, 131072
34653, 1466999, 1, 131072
34653, 883865, 1, 131072
34653, 1070517, 1, 131072
34654, 174963, 1, 131072
35170, 253, 1, 131072
35358, 699, 1, 131072
35450, 1425, 1, 131072
35635, 706, 1, 131072
35636, 414095, 1, 131072
35636, 855031, 1, 131072
35636, 884414, 1, 131072
35636, 916042, 1, 131072
35636, 920514, 1, 131072
35637, 843633, 1, 131072
35637, 809076, 1, 131072
36015, 346, 1, 131072
36334, 411, 1, 131072
36392, 2240, 1, 131072
36392, 1195879, 1, 131072
36821, 305, 1, 131072
36860, 3371, 1, 131072
36905, 2914, 1, 131072
36951, 2899, 1, 131072
37016, 1988, 1, 131072
37265, 527, 1, 131072
37324, 2205, 1, 131072
37390, 2010, 1, 131072
37614, 584, 1, 131072
37652, 3422, 1, 131072
38241, 222, 1, 131072
38370, 1017, 1, 131072
38409, 3379, 1, 131072
38451, 3098, 1, 131072
38630, 733, 1, 131072
38906, 474, 1, 131072
38994, 1495, 1, 131072
38994, 1184928, 1, 131072
38994, 1367684, 1, 131072
38994, 1315732, 1, 131072
38994, 1163109, 1, 131072
38994, 1175786, 1, 131072
38994, 1352177, 1, 131072
38994, 1227771, 1, 131072
38994, 1651384, 1, 131072
38995, 1378399, 1, 131072
38995, 1520398, 1, 131072
38995, 1471545, 1, 131072
38995, 1471842, 1, 131072
38995, 1496238, 1, 131072
38995, 1612340, 1, 131072
38995, 1644959, 1, 131072
39156, 813, 1, 131072
39156, 1062886, 1, 131072
39193, 3543, 1, 131072
39327, 977, 1, 131072
39784, 286, 1, 131072
39896, 1172, 1, 131072
40405, 257, 1, 131072
40449, 3017, 1, 131072
40680, 566, 1, 131072
40680, 977901, 1, 131072
40680, 795827, 1, 131072
40680, 830994, 1, 131072
40681, 1003798, 1, 131072
40681, 853744, 1, 131072
40681, 1024432, 1, 131072
40681, 1550890, 1, 131072
40681, 1641251, 1, 131072
40681, 1714390, 1, 131072
40681, 1697559, 1, 131072
40681, 1814044, 1, 131072
40681, 1699056, 1, 131072
40681, 1900889, 1, 131072
40681, 1840433, 1, 131072
40682, 1720195, 1, 131072
40682, 1792241, 1, 131072
40682, 1790087, 1, 131072
40682, 1914270, 1, 131072
40682, 1871307, 1, 131072
40682, 1937244, 1, 131072
40682, 1964037, 1, 131072
40682, 1923823, 1, 131072
40682, 1887611, 1, 131072
40682, 1808663, 1, 131072
40682, 1773520, 1, 131072
40682, 1772656, 1, 131072
40682, 1759261, 1, 131072
40683, 1743627, 1, 131072
40683, 1773688, 1, 131072
40683, 1737963, 1, 131072
40688, 24090, 1, 131072
40688, 1634619, 1, 131072
40688, 1840898, 1, 131072
40688, 1909807, 1, 131072
40688, 2044486, 1, 131072
40689, 1790552, 1, 131072
40689, 1873045, 1, 131072
40689, 1829209, 1, 131072
40689, 1985367, 1, 131072
40689, 1366956, 1, 131072
40689, 1713045, 1, 131072
40689, 1850227, 1, 131072
40689, 1879303, 1, 131072
40689, 1772105, 1, 131072
40692, 46810, 1, 131072
40692, 1630066, 1, 131072
40693, 215420, 1, 131072
40693, 1308573, 1, 131072
40693, 1210569, 1, 131072
40693, 1535070, 1, 131072
40693, 1584928, 1, 131072
40693, 1358174, 1, 131072
40693, 1324615, 1, 131072
40693, 1361574, 1, 131072
40693, 1270594, 1, 131072
40694, 1333007, 1, 131072
40694, 1320212, 1, 131072
40694, 1321650, 1, 131072
40694, 1296266, 1, 131072
40694, 583195, 1, 131072
40694, 1304341, 1, 131072
40694, 1343005, 1, 131072
40694, 1358062, 1, 131072
40694, 1337646, 1, 131072
40695, 1279725, 1, 131072
40695, 1304874, 1, 131072
40695, 1233131, 1, 131072
40695, 1288189, 1, 131072
40696, 86181, 1, 131072
40698, 107233, 1, 131072
40698, 164312, 1, 131072
40705, 19627, 1, 131072
40705, 1132782, 1, 131072
40705, 1052854, 1, 131072
40706, 737162, 1, 131072
40717, 11487, 1, 131072
40717, 1465293, 1, 131072
40717, 1587943, 1, 131072
40717, 776727, 1, 131072
40717, 1086004, 1, 131072
40718, 1308247, 1, 131072
40718, 1383433, 1, 131072
40718, 1292942, 1, 131072
40718, 1078488, 1, 131072
40718, 1241212, 1, 131072
40718, 1102056, 1, 131072
40718, 1369885, 1, 131072
40718, 1348574, 1, 131072
40718, 1198427, 1, 131072
40719, 1294295, 1, 131072
40719, 1173386, 1, 131072
40719, 1437744, 1, 131072
40719, 1450200, 1, 131072
40719, 1399444, 1, 131072
40719, 1269179, 1, 131072
40719, 1390846, 1, 131072
40719, 1480638, 1, 131072
40719, 1213674, 1, 131072
40720, 1256453, 1, 131072
40720, 1181978, 1, 131072
40720, 1098068, 1, 131072
40720, 1153955, 1, 131072
40720, 1364111, 1, 131072
40720, 520794, 1, 131072
40720, 1275342, 1, 131072
40720, 1399863, 1, 131072
40721, 1148012, 1, 131072
40721, 1318870, 1, 131072
40721, 340784, 1, 131072
40721, 1324387, 1, 131072
40721, 1011194, 1, 131072
40721, 924454, 1, 131072
40722, 1021525, 1, 131072
40722, 953590, 1, 131072
40722, 1069495, 1, 131072
40722, 1340752, 1, 131072
40722, 1374611, 1, 131072
40722, 1440684, 1, 131072
40722, 1333930, 1, 131072
40722, 1346717, 1, 131072
40723, 1303680, 1, 131072
40723, 1363813, 1, 131072
40723, 1468906, 1, 131072
40723, 1376040, 1, 131072
40723, 1446391, 1, 131072
40723, 1498993, 1, 131072
40723, 1266065, 1, 131072
40723, 1391747, 1, 131072
40723, 1296099, 1, 131072
40723, 1440383, 1, 131072
40724, 1358076, 1, 131072
40724, 1422453, 1, 131072
40724, 1412352, 1, 131072
40724, 1434990, 1, 131072
40724, 1008471, 1, 131072
40724, 964353, 1, 131072
40724, 1025049, 1, 131072
40724, 1083293, 1, 131072
40724, 924918, 1, 131072
40725, 1026277, 1, 131072
40725, 1048274, 1, 131072
40725, 929410, 1, 131072
40725, 1004760, 1, 131072
40725, 1104536, 1, 131072
40725, 1115952, 1, 131072
40725, 1361772, 1, 131072
40725, 1367998, 1, 131072
40726, 1348602, 1, 131072
40726, 1418313, 1, 131072
40726, 1349351, 1, 131072
40726, 1378935, 1, 131072
40726, 1398593, 1, 131072
40726, 1312505, 1, 131072
40726, 1383915, 1, 131072
40726, 1391540, 1, 131072
40726, 1476036, 1, 131072
40726, 1380620, 1, 131072
40727, 1328562, 1, 131072
40727, 1394768, 1, 131072
40727, 1457181, 1, 131072
40727, 1178895, 1, 131072
40727, 1256092, 1, 131072
40727, 1295741, 1, 131072
40727, 1087797, 1, 131072
40727, 1184264, 1, 131072
40727, 1357513, 1, 131072
40728, 1351703, 1, 131072
40728, 1418758, 1, 131072
40728, 1270877, 1, 131072
40728, 1228001, 1, 131072
40728, 1168168, 1, 131072
40728, 1039387, 1, 131072
40728, 1172431, 1, 131072
40728, 1173208, 1, 131072
40728, 1399265, 1, 131072
40729, 1437319, 1, 131072
40729, 1330288, 1, 131072
40729, 1463968, 1, 131072
40729, 1095489, 1, 131072
40729, 1330045, 1, 131072
40729, 1388812, 1, 131072
40729, 1367099, 1, 131072
40729, 1516212, 1, 131072
40729, 1364835, 1, 131072
40729, 1425640, 1, 131072
40730, 1397222, 1, 131072
40730, 1329114, 1, 131072
40730, 1382455, 1, 131072
40730, 1435367, 1, 131072
40730, 966600, 1, 131072
40730, 1163078, 1, 131072
40730, 1034294, 1, 131072
40730, 1184820, 1, 131072
40731, 1264331, 1, 131072
40731, 1132410, 1, 131072
40731, 920397, 1, 131072
40731, 1228519, 1, 131072
40731, 1302669, 1, 131072
40731, 1288708, 1, 131072
40731, 1439529, 1, 131072
40731, 1373877, 1, 131072
40731, 1339328, 1, 131072
40732, 1380010, 1, 131072
40732, 1407091, 1, 131072
40732, 1490419, 1, 131072
40732, 1414990, 1, 131072
40732, 1442936, 1, 131072
40736, 28678, 1, 131072
41481, 176, 1, 131072
41596, 1133, 1, 131072
41705, 1210, 1, 131072
41858, 857, 1, 131072
42170, 420, 1, 131072
42171, 133054, 1, 131072
42513, 383, 1, 131072
42811, 439, 1, 131072
42988, 739, 1, 131072
43190, 650, 1, 131072
43313, 1058, 1, 131072
43342, 4592, 1, 131072
43388, 2855, 1, 131072
43423, 3737, 1, 131072
43536, 1156, 1, 131072
43606, 1890, 1, 131072
43670, 2029, 1, 131072
43705, 3748, 1, 131072
43847, 928, 1, 131072
43884, 3551, 1, 131072
43928, 2945, 1, 131072
43956, 4706, 1, 131072
43956, 1104973, 1, 131072
44241, 459, 1, 131072
44304, 2082, 1, 131072
44435, 1003, 1, 131072
44436, 227323, 1, 131072
44436, 1556415, 1, 131072
44436, 1602072, 1, 131072
44436, 1681315, 1, 131072
44436, 1916453, 1, 131072
44436, 1902710, 1, 131072
44436, 2007105, 1, 131072
44436, 1946045, 1, 131072
44436, 1605467, 1, 131072
44436, 2014106, 1, 131072
44436, 2051365, 1, 131072
44436, 2166980, 1, 131072
44437, 2080375, 1, 131072
44437, 2231468, 1, 131072
44437, 2185699, 1, 131072
44437, 2130109, 1, 131072
44437, 2201928, 1, 131072
44437, 2288627, 1, 131072
44437, 2156676, 1, 131072
44437, 2236723, 1, 131072
44437, 2309882, 1, 131072
44437, 2056386, 1, 131072
44437, 2158452, 1, 131072
44437, 2109641, 1, 131072
44437, 2234016, 1, 131072
44437, 2200634, 1, 131072
44437, 2235083, 1, 131072
44437, 2259939, 1, 131072
44438, 1833405, 1, 131072
45183, 175, 1, 131072
45267, 1558, 1, 131072
45395, 1022, 1, 131072
45426, 4241, 1, 131072
45481, 2380, 1, 131072
45528, 2761, 1, 131072
45529, 956590, 1, 131072
45582, 2447, 1, 131072
45657, 1759, 1, 131072
45743, 1518, 1, 131072
45970, 578, 1, 131072
46211, 542, 1, 131072
46211, 977806, 1, 131072
46211, 1054286, 1, 131072
46275, 2064, 1, 131072
46359, 1555, 1, 131072
46408, 2670, 1, 131072
46466, 2265, 1, 131072
46501, 3801, 1, 131072
46501, 1026791, 1, 131072
46612, 1175, 1, 131072
46966, 370, 1, 131072
46998, 4095, 1, 131072
47054, 2371, 1, 131072
47054, 1124029, 1, 131072
47110, 2331, 1, 131072
47456, 378, 1, 131072
47498, 3145, 1, 131072
47538, 3249, 1, 131072
47581, 3080, 1, 131072
47710, 1014, 1, 131072
47803, 1410, 1, 131072
47843, 3264, 1, 131072
47892, 2717, 1, 131072
47942, 2601, 1, 131072
47942, 692202, 1, 131072
47942, 710829, 1, 131072
47943, 734737, 1, 131072
47943, 747641, 1, 131072
47943, 898473, 1, 131072
47943, 793822, 1, 131072
47943, 747087, 1, 131072
47944, 830442, 1, 131072
47944, 781194, 1, 131072
47944, 904905, 1, 131072
47944, 974469, 1, 131072
47944, 969137, 1, 131072
47944, 1516650, 1, 131072
47944, 1341164, 1, 131072
48067, 1068, 1, 131072
48067, 922210, 1, 131072
48067, 1161337, 1, 131072
48067, 1082792, 1, 131072
48067, 2099032, 1, 131072
48068, 1664089, 1, 131072
48068, 1135569, 1, 131072
48068, 1249554, 1, 131072
48068, 1527538, 1, 131072
48068, 1260853, 1, 131072
48068, 1294372, 1, 131072
48068, 1212069, 1, 131072
48068, 1632746, 1, 131072
48068, 1092548, 1, 131072
48068, 1586828, 1, 131072
48069, 1529981, 1, 131072
48069, 1615679, 1, 131072
48069, 1334364, 1, 131072
48069, 1592805, 1, 131072
48069, 1420172, 1, 131072
48069, 1659811, 1, 131072
48069, 1632075, 1, 131072
48069, 1751199, 1, 131072
48069, 1487595, 1, 131072
48069, 1618252, 1, 131072
48069, 1564086, 1, 131072
48070, 1820570, 1, 131072
48070, 1047402, 1, 131072
48070, 1837415, 1, 131072
48070, 1339519, 1, 131072
48070, 1848323, 1, 131072
48070, 1428904, 1, 131072
48070, 1390212, 1, 131072
48070, 1077992, 1, 131072
48070, 1343377, 1, 131072
48070, 1267093, 1, 131072
48071, 1386521, 1, 131072
48071, 2208049, 1, 131072
48071, 1398265, 1, 131072
48071, 1416320, 1, 131072
48071, 1387108, 1, 131072
48071, 1625356, 1, 131072
48071, 1500623, 1, 131072
48071, 1244961, 1, 131072
48071, 1427846, 1, 131072
48071, 1820039, 1, 131072
48071, 1791506, 1, 131072
48072, 1443428, 1, 131072
48072, 1143854, 1, 131072
48072, 1325217, 1, 131072
48072, 1580475, 1, 131072
48072, 1467229, 1, 131072
48072, 1772249, 1, 131072
48072, 1477483, 1, 131072
48072, 1377906, 1, 131072
48072, 1596258, 1, 131072
48072, 1552397, 1, 131072
48072, 1457246, 1, 131072
48073, 1538728, 1, 131072
48073, 1352638, 1, 131072
48073, 1206802, 1, 131072
48073, 1712061, 1, 131072
48073, 1816156, 1, 131072
48073, 1589348, 1, 131072
48073, 1578705, 1, 131072
48073, 1183750, 1, 131072
48073, 1496050, 1, 131072
48073, 1453078, 1, 131072
48073, 1666628, 1, 131072
48074, 1831561, 1, 131072
48074, 1213236, 1, 131072
48074, 1778766, 1, 131072
48074, 1214203, 1, 131072
48074, 1619372, 1, 131072
48074, 972849, 1, 131072
48074, 1425051, 1, 131072
48074, 1292228, 1, 131072
48074, 1408861, 1, 131072
48074, 1459777, 1, 131072
48075, 1015259, 1, 131072
48075, 1753729, 1, 131072
48075, 1199107, 1, 131072
48075, 1397147, 1, 131072
48075, 1527805, 1, 131072
48075, 1972282, 1, 131072
48075, 1198022, 1, 131072
48075, 1402529, 1, 131072
48075, 1533561, 1, 131072
48075, 1303459, 1, 131072
48076, 1289710, 1, 131072
48076, 1137688, 1, 131072
48076, 1508100, 1, 131072
48076, 1641292, 1, 131072
48076, 1750567, 1, 131072
48076, 1307399, 1, 131072
48076, 1806867, 1, 131072
48076, 1312833, 1, 131072
48076, 1656999, 1, 131072
48076, 1142677, 1, 131072
48077, 1783074, 1, 131072
48077, 1431167, 1, 131072
48077, 1624429, 1, 131072
48077, 1298629, 1, 131072
48077, 1556415, 1, 131072
48077, 1324909, 1, 131072
48077, 1888074, 1, 131072
48077, 1286558, 1, 131072
48077, 1668559, 1, 131072
48077, 1311047, 1, 131072
48077, 1608363, 1, 131072
48078, 1475753, 1, 131072
48078, 1438423, 1, 131072
48078, 1553188, 1, 131072
48078, 1317465, 1, 131072
48078, 1339560, 1, 131072
48078, 336390, 1, 131072
48656, 226, 1, 131072
48656, 1045865, 1, 131072
48775, 1099, 1, 131072
48816, 3256, 1, 131072
49156, 385, 1, 131072
49188, 4040, 1, 131072
49188, 936415, 1, 131072
49188, 1041204, 1, 131072
49189, 1034359, 1, 131072
49189, 1085167, 1, 131072
49189, 920320, 1, 131072
49189, 1023336, 1, 131072
49189, 1119011, 1, 131072
49189, 667304, 1, 131072
49189, 1238760, 1, 131072
49190, 1183547, 1, 131072
49273, 1576, 1, 131072
49310, 3501, 1, 131072
49362, 2548, 1, 131072
49362, 823797, 1, 131072
49406, 2968, 1, 131072
49431, 5272, 1, 131072
49610, 732, 1, 131072
49671, 2140, 1, 131072
49671, 586864, 1, 131072
49671, 528964, 1, 131072
49672, 540364, 1, 131072
49672, 748602, 1, 131072
49672, 610469, 1, 131072
49672, 1021756, 1, 131072
49812, 938, 1, 131072
49995, 716, 1, 131072
50277, 464, 1, 131072
50441, 800, 1, 131072
50604, 801, 1, 131072
50823, 599, 1, 131072
50922, 1314, 1, 131072
50984, 2134, 1, 131072
50984, 1170118, 1, 131072
50984, 1022833, 1, 131072
50984, 1250555, 1, 131072
50984, 1293631, 1, 131072
50984, 1284452, 1, 131072
50984, 1444653, 1, 131072
50985, 1574816, 1, 131072
50985, 1539017, 1, 131072
50985, 1093414, 1, 131072
50985, 1439876, 1, 131072
50985, 1575327, 1, 131072
50985, 1601035, 1, 131072
50985, 1729455, 1, 131072
50985, 1739762, 1, 131072
50985, 1682394, 1, 131072
50985, 1243390, 1, 131072
50986, 1647605, 1, 131072
50986, 1787621, 1, 131072
50986, 1726266, 1, 131072
50986, 1735547, 1, 131072
50986, 1881218, 1, 131072
50986, 1762762, 1, 131072
50986, 1225281, 1, 131072
50986, 1447397, 1, 131072
50986, 1264453, 1, 131072
50986, 1272815, 1, 131072
50986, 1186558, 1, 131072
50987, 1336582, 1, 131072
50987, 1238245, 1, 131072
50987, 1258939, 1, 131072
50987, 1231868, 1, 131072
50987, 1335234, 1, 131072
50987, 1079883, 1, 131072
50987, 1331843, 1, 131072
50987, 1389976, 1, 131072
50987, 1373502, 1, 131072
50988, 1299350, 1, 131072
50988, 1364466, 1, 131072
50988, 1357977, 1, 131072
50988, 1173355, 1, 131072
50988, 1183611, 1, 131072
50988, 1313702, 1, 131072
50988, 1358695, 1, 131072
50988, 1248542, 1, 131072
50988, 1020047, 1, 131072
50989, 1160226, 1, 131072
50989, 1243213, 1, 131072
50989, 1177720, 1, 131072
50989, 1270582, 1, 131072
50989, 1069338, 1, 131072
50989, 1402589, 1, 131072
50989, 916235, 1, 131072
50989, 1491726, 1, 131072
50989, 1224674, 1, 131072
50990, 1281764, 1, 131072
50990, 1443699, 1, 131072
50990, 1110008, 1, 131072
50990, 1360500, 1, 131072
50990, 1065885, 1, 131072
50990, 1497469, 1, 131072
50990, 1462334, 1, 131072
50990, 1149038, 1, 131072
50990, 1004460, 1, 131072
50991, 878169, 1, 131072
50991, 1265210, 1, 131072
50991, 956771, 1, 131072
50991, 1018121, 1, 131072
50991, 878964, 1, 131072
50991, 896948, 1, 131072
50992, 810141, 1, 131072
50992, 1005731, 1, 131072
50992, 1334337, 1, 131072
50992, 1165654, 1, 131072
50992, 1019658, 1, 131072
50992, 855561, 1, 131072
50992, 1118944, 1, 131072
50992, 1150238, 1, 131072
50993, 1433483, 1, 131072
50993, 1154392, 1, 131072
50993, 1310969, 1, 131072
50993, 1382324, 1, 131072
50993, 1391585, 1, 131072
50993, 1328791, 1, 131072
50993, 1395407, 1, 131072
50993, 1275255, 1, 131072
50993, 929153, 1, 131072
50994, 1291884, 1, 131072
50994, 1426866, 1, 131072
50994, 1361405, 1, 131072
50994, 736719, 1, 131072
50994, 1327634, 1, 131072
50994, 1315785, 1, 131072
50994, 1416443, 1, 131072
50994, 1328441, 1, 131072
50994, 1310366, 1, 131072
50995, 1329398, 1, 131072
50995, 1345680, 1, 131072
50995, 1279063, 1, 131072
50995, 1310916, 1, 131072
50995, 1195661, 1, 131072
50995, 350922, 1, 131072
53141, 61, 1, 131072
53141, 1008548, 1, 131072
53141, 1328710, 1, 131072
53141, 1379313, 1, 131072
53141, 1180637, 1, 131072
53142, 1220807, 1, 131072
53142, 1292126, 1, 131072
53142, 1455094, 1, 131072
53142, 1732587, 1, 131072
53142, 1441634, 1, 131072
53142, 832335, 1, 131072
53142, 1471776, 1, 131072
53246, 1256, 1, 131072
53310, 2078, 1, 131072
53310, 1352847, 1, 131072
53310, 1526702, 1, 131072
53310, 1409330, 1, 131072
53310, 1573531, 1, 131072
53310, 1559712, 1, 131072
53310, 1555270, 1, 131072
53310, 1647046, 1, 131072
53310, 1883245, 1, 131072
53310, 1862956, 1, 131072
53310, 1841338, 1, 131072
53310, 1967545, 1, 131072
53311, 1829311, 1, 131072
53311, 1928124, 1, 131072
53311, 1619292, 1, 131072
53311, 2098226, 1, 131072
53311, 2040062, 1, 131072
53311, 2029543, 1, 131072
53311, 2106352, 1, 131072
53311, 2005784, 1, 131072
53311, 2008766, 1, 131072
53311, 2154018, 1, 131072
53311, 2118917, 1, 131072
53311, 2046561, 1, 131072
53311, 1960864, 1, 131072
53311, 2180463, 1, 131072
53312, 2126445, 1, 131072
53312, 2085141, 1, 131072
53312, 2194297, 1, 131072
53312, 2056515, 1, 131072
53312, 2132257, 1, 131072
53312, 2190447, 1, 131072
53312, 2169922, 1, 131072
53312, 2104188, 1, 131072
53312, 2015345, 1, 131072
53312, 2005723, 1, 131072
53312, 2118951, 1, 131072
53312, 2056128, 1, 131072
53312, 1945352, 1, 131072
53312, 2072251, 1, 131072
53312, 1858939, 1, 131072
53313, 1999938, 1, 131072
53313, 2009628, 1, 131072
53313, 2103040, 1, 131072
53313, 2126998, 1, 131072
53313, 2031872, 1, 131072
53313, 2051911, 1, 131072
53313, 2034773, 1, 131072
53313, 2062307, 1, 131072
53313, 2078989, 1, 131072
53313, 2044294, 1, 131072
53313, 2124343, 1, 131072
53313, 2018417, 1, 131072
53313, 1922299, 1, 131072
53313, 2076486, 1, 131072
53314, 2042287, 1, 131072
53314, 1989707, 1, 131072
53314, 2099570, 1, 131072
53314, 2067479, 1, 131072
53314, 2028350, 1, 131072
53314, 2043625, 1, 131072
53314, 1976535, 1, 131072
53314, 2058485, 1, 131072
53314, 2184132, 1, 131072
53314, 1736973, 1, 131072
53314, 1805648, 1, 131072
53314, 1764400, 1, 131072
53314, 1691710, 1, 131072
53314, 1809137, 1, 131072
53315, 1803064, 1, 131072
53315, 1681078, 1, 131072
53315, 1319693, 1, 131072
53315, 1255418, 1, 131072
53315, 1031705, 1, 131072
54309, 131, 1, 131072
54309, 920921, 1, 131072
54309, 1014473, 1, 131072
54309, 959686, 1, 131072
54309, 620109, 1, 131072
54309, 921361, 1, 131072
54310, 567480, 1, 131072
54310, 1244665, 1, 131072
54310, 1174364, 1, 131072
54310, 1174322, 1, 131072
54310, 1279537, 1, 131072
54310, 1348782, 1, 131072
54310, 854011, 1, 131072
54311, 773879, 1, 131072
54590, 469, 1, 131072
54619, 4417, 1, 131072
54817, 662, 1, 131072
54962, 903, 1, 131072
55206, 536, 1, 131072
55246, 3325, 1, 131072
55618, 352, 1, 131072
55955, 388, 1, 131072
55955, 1195825, 1, 131072
55955, 1098776, 1, 131072
55956, 1328966, 1, 131072
55956, 1209664, 1, 131072
55956, 1340876, 1, 131072
55956, 1642259, 1, 131072
55956, 1590776, 1, 131072
55956, 1660295, 1, 131072
55956, 792014, 1, 131072
55956, 1582479, 1, 131072
55956, 1656204, 1, 131072
55956, 1703982, 1, 131072
55956, 1645413, 1, 131072
55957, 1739809, 1, 131072
55957, 1620733, 1, 131072
55957, 1685726, 1, 131072
55957, 1634436, 1, 131072
55957, 1657607, 1, 131072
55957, 1670366, 1, 131072
55957, 1664216, 1, 131072
55957, 1710966, 1, 131072
55957, 1718571, 1, 131072
55957, 614798, 1, 131072
55958, 1389033, 1, 131072
55958, 1568484, 1, 131072
55958, 1584047, 1, 131072
55958, 1715265, 1, 131072
55958, 1722863, 1, 131072
55958, 1547540, 1, 131072
55958, 1713673, 1, 131072
55958, 1684686, 1, 131072
55958, 1381013, 1, 131072
55958, 1672092, 1, 131072
55958, 1767993, 1, 131072
55959, 1759072, 1, 131072
55959, 1720714, 1, 131072
55959, 1756856, 1, 131072
55959, 520063, 1, 131072
55959, 1450842, 1, 131072
55959, 1743233, 1, 131072
55959, 1780337, 1, 131072
55959, 1811537, 1, 131072
55959, 1746997, 1, 131072
55959, 1720556, 1, 131072
55960, 1808139, 1, 131072
55960, 1731878, 1, 131072
55960, 1426618, 1, 131072
55960, 1755209, 1, 131072
55960, 1663603, 1, 131072
55960, 1754292, 1, 131072
55960, 1712128, 1, 131072
55960, 1830179, 1, 131072
55960, 1733045, 1, 131072
55960, 1673288, 1, 131072
55960, 1725607, 1, 131072
55960, 1714278, 1, 131072
55961, 1676777, 1, 131072
55961, 1768089, 1, 131072
55961, 1767827, 1, 131072
55961, 1781668, 1, 131072
55961, 1665823, 1, 131072
55961, 1383988, 1, 131072
55961, 1568222, 1, 131072
55961, 1383214, 1, 131072
55979, 7212, 1, 131072
55980, 360650, 1, 131072
55980, 908802, 1, 131072
55980, 1134144, 1, 131072
55980, 1375260, 1, 131072
55980, 1199579, 1, 131072
55980, 1095754, 1, 131072
55980, 1038687, 1, 131072
55981, 1310287, 1, 131072
55981, 1263636, 1, 131072
55981, 769070, 1, 131072
55981, 1210178, 1, 131072
55981, 628603, 1, 131072
55981, 669079, 1, 131072
55982, 316213, 1, 131072
55982, 605763, 1, 131072
55982, 577368, 1, 131072
55983, 314127, 1, 131072
56790, 162, 1, 131072
57201, 318, 1, 131072
57498, 441, 1, 131072
57498, 1144433, 1, 131072
57498, 1117294, 1, 131072
57498, 1451533, 1, 131072
57498, 1152990, 1, 131072
57498, 1235875, 1, 131072
57498, 1229453, 1, 131072
57499, 1683323, 1, 131072
57499, 1445275, 1, 131072
57499, 1823635, 1, 131072
57499, 1473381, 1, 131072
57499, 1421821, 1, 131072
57676, 739, 1, 131072
57724, 2739, 1, 131072
58060, 390, 1, 131072
58208, 881, 1, 131072
58241, 3970, 1, 131072
58453, 620, 1, 131072
58647, 674, 1, 131072
59937, 101, 1, 131072
59971, 3833, 1, 131072
60026, 2393, 1, 131072
