37, 69932, 1, 4096
70, 32606673, 1, 4096
178, 107876173, 1, 4096
178, 63398, 1, 4096
178, 46179, 1, 4096
178, 47752, 1, 4096
178, 48337, 1, 4096
178, 46184, 1, 4096
178, 46412, 1, 4096
178, 45640, 1, 4096
178, 45851, 1, 4096
178, 47416, 1, 4096
179, 654147, 1, 4096
179, 65075, 1, 4096
576, 396767588, 1, 4096
576, 33280, 1, 4096
576, 30985, 1, 4096
576, 36845, 1, 4096
576, 30898, 1, 4096
576, 29741, 1, 4096
576, 35594, 1, 4096
576, 30257, 1, 4096
576, 32605, 1, 4096
576, 30649, 1, 4096
576, 29439, 1, 4096
576, 29351, 1, 4096
576, 30127, 1, 4096
576, 29603, 1, 4096
576, 31611, 1, 4096
576, 30225, 1, 4096
576, 29342, 1, 4096
576, 29390, 1, 4096
576, 29891, 1, 4096
576, 29396, 1, 4096
576, 28831, 1, 4096
576, 29095, 1, 4096
576, 29315, 1, 4096
576, 29026, 1, 4096
576, 29302, 1, 4096
576, 29489, 1, 4096
576, 29116, 1, 4096
577, 29131, 1, 4096
577, 29275, 1, 4096
577, 29325, 1, 4096
577, 29173, 1, 4096
577, 29084, 1, 4096
577, 29396, 1, 4096
577, 30025, 1, 4096
577, 29746, 1, 4096
577, 29325, 1, 4096
577, 29210, 1, 4096
577, 29895, 1, 4096
577, 29167, 1, 4096
577, 29421, 1, 4096
577, 29145, 1, 4096
577, 29000, 1, 4096
577, 29095, 1, 4096
577, 29486, 1, 4096
577, 29192, 1, 4096
577, 29320, 1, 4096
577, 29507, 1, 4096
577, 29253, 1, 4096
577, 29209, 1, 4096
577, 29244, 1, 4096
577, 29467, 1, 4096
577, 28898, 1, 4096
577, 29174, 1, 4096
577, 29445, 1, 4096
577, 29271, 1, 4096
577, 29078, 1, 4096
577, 29176, 1, 4096
577, 28962, 1, 4096
577, 29240, 1, 4096
578, 44887, 1, 4096
581, 3410371, 1, 4096
581, 30918, 1, 4096
581, 30271, 1, 4096
581, 29883, 1, 4096
581, 29870, 1, 4096
581, 29143, 1, 4096
581, 29849, 1, 4096
581, 29211, 1, 4096
581, 29188, 1, 4096
581, 29320, 1, 4096
581, 28979, 1, 4096
581, 29024, 1, 4096
581, 29498, 1, 4096
581, 29119, 1, 4096
581, 29598, 1, 4096
581, 30760, 1, 4096
581, 29248, 1, 4096
581, 29266, 1, 4096
581, 29073, 1, 4096
582, 40807, 1, 4096
582, 26478, 1, 4096
582, 26160, 1, 4096
582, 26207, 1, 4096
582, 26055, 1, 4096
582, 25505, 1, 4096
582, 25754, 1, 4096
582, 25465, 1, 4096
582, 26055, 1, 4096
582, 26059, 1, 4096
582, 26118, 1, 4096
582, 25792, 1, 4096
582, 25524, 1, 4096
582, 25794, 1, 4096
582, 26018, 1, 4096
582, 25642, 1, 4096
582, 25778, 1, 4096
582, 25569, 1, 4096
582, 26007, 1, 4096
582, 25932, 1, 4096
582, 25632, 1, 4096
582, 26013, 1, 4096
582, 25722, 1, 4096
582, 25894, 1, 4096
582, 26073, 1, 4096
582, 26368, 1, 4096
582, 25550, 1, 4096
582, 25762, 1, 4096
582, 25685, 1, 4096
582, 25766, 1, 4096
582, 25906, 1, 4096
582, 25932, 1, 4096
582, 27471, 1, 4096
582, 26194, 1, 4096
582, 25981, 1, 4096
582, 26131, 1, 4096
583, 25675, 1, 4096
583, 25818, 1, 4096
583, 26110, 1, 4096
583, 25844, 1, 4096
583, 25837, 1, 4096
583, 25520, 1, 4096
583, 26019, 1, 4096
583, 25739, 1, 4096
583, 25775, 1, 4096
583, 25878, 1, 4096
583, 26296, 1, 4096
583, 25634, 1, 4096
583, 25716, 1, 4096
583, 26125, 1, 4096
583, 25907, 1, 4096
583, 25933, 1, 4096
583, 25533, 1, 4096
583, 25977, 1, 4096
583, 25556, 1, 4096
583, 25948, 1, 4096
583, 25590, 1, 4096
583, 26056, 1, 4096
583, 25684, 1, 4096
583, 25474, 1, 4096
583, 26136, 1, 4096
583, 25712, 1, 4096
583, 26109, 1, 4096
583, 25787, 1, 4096
583, 25783, 1, 4096
583, 25808, 1, 4096
583, 25875, 1, 4096
583, 26585, 1, 4096
583, 26288, 1, 4096
583, 27006, 1, 4096
583, 26078, 1, 4096
583, 25477, 1, 4096
583, 25512, 1, 4096
584, 25848, 1, 4096
584, 25829, 1, 4096
584, 25661, 1, 4096
584, 25601, 1, 4096
584, 25832, 1, 4096
584, 25466, 1, 4096
584, 25693, 1, 4096
584, 25970, 1, 4096
584, 25560, 1, 4096
584, 25472, 1, 4096
584, 26445, 1, 4096
584, 25515, 1, 4096
584, 25871, 1, 4096
584, 25993, 1, 4096
584, 25901, 1, 4096
584, 26285, 1, 4096
584, 25497, 1, 4096
584, 26172, 1, 4096
584, 25929, 1, 4096
584, 25607, 1, 4096
584, 26160, 1, 4096
584, 26309, 1, 4096
584, 25746, 1, 4096
584, 25826, 1, 4096
584, 25626, 1, 4096
584, 25749, 1, 4096
584, 25917, 1, 4096
584, 25923, 1, 4096
584, 25721, 1, 4096
584, 26261, 1, 4096
584, 26033, 1, 4096
584, 26032, 1, 4096
584, 28482, 1, 4096
584, 25988, 1, 4096
584, 25482, 1, 4096
584, 25944, 1, 4096
584, 25527, 1, 4096
585, 25807, 1, 4096
585, 25562, 1, 4096
585, 25573, 1, 4096
585, 197255, 1, 4096
585, 28263, 1, 4096
585, 28736, 1, 4096
585, 26862, 1, 4096
585, 26305, 1, 4096
585, 26051, 1, 4096
585, 25926, 1, 4096
585, 26002, 1, 4096
585, 25828, 1, 4096
585, 26161, 1, 4096
585, 25678, 1, 4096
585, 25996, 1, 4096
585, 25759, 1, 4096
585, 25711, 1, 4096
585, 25788, 1, 4096
585, 25738, 1, 4096
585, 25512, 1, 4096
585, 25908, 1, 4096
585, 25766, 1, 4096
585, 26176, 1, 4096
585, 25813, 1, 4096
585, 25488, 1, 4096
585, 25851, 1, 4096
585, 25665, 1, 4096
585, 25790, 1, 4096
585, 25736, 1, 4096
585, 25705, 1, 4096
586, 47558, 1, 4096
586, 27352, 1, 4096
586, 26833, 1, 4096
586, 32507, 1, 4096
586, 29600, 1, 4096
586, 29836, 1, 4096
586, 29194, 1, 4096
586, 29844, 1, 4096
586, 29298, 1, 4096
586, 29224, 1, 4096
586, 28929, 1, 4096
586, 28810, 1, 4096
586, 30771, 1, 4096
586, 28782, 1, 4096
586, 28975, 1, 4096
586, 28908, 1, 4096
586, 29062, 1, 4096
586, 29277, 1, 4096
586, 29432, 1, 4096
586, 29112, 1, 4096
586, 29555, 1, 4096
586, 28562, 1, 4096
586, 29120, 1, 4096
586, 29122, 1, 4096
586, 39516, 1, 4096
586, 29460, 1, 4096
586, 28843, 1, 4096
586, 29027, 1, 4096
586, 28855, 1, 4096
586, 28971, 1, 4096
586, 29310, 1, 4096
586, 29044, 1, 4096
587, 29878, 1, 4096
587, 28712, 1, 4096
587, 28707, 1, 4096
587, 29072, 1, 4096
587, 28920, 1, 4096
587, 29130, 1, 4096
587, 28923, 1, 4096
587, 30531, 1, 4096
587, 40553, 1, 4096
587, 29126, 1, 4096
587, 28908, 1, 4096
587, 28826, 1, 4096
587, 28614, 1, 4096
587, 28803, 1, 4096
587, 29056, 1, 4096
587, 28894, 1, 4096
587, 28616, 1, 4096
587, 28869, 1, 4096
587, 28759, 1, 4096
587, 28832, 1, 4096
587, 28965, 1, 4096
587, 29094, 1, 4096
587, 28794, 1, 4096
587, 29100, 1, 4096
587, 37589, 1, 4096
587, 28974, 1, 4096
587, 28486, 1, 4096
587, 28603, 1, 4096
587, 28930, 1, 4096
587, 28813, 1, 4096
587, 28842, 1, 4096
587, 28622, 1, 4096
588, 28776, 1, 4096
588, 29117, 1, 4096
588, 28739, 1, 4096
588, 28940, 1, 4096
588, 28644, 1, 4096
588, 28649, 1, 4096
588, 28680, 1, 4096
588, 28943, 1, 4096
588, 41672, 1, 4096
588, 36916, 1, 4096
594, 5757713, 1, 4096
594, 28570, 1, 4096
594, 27436, 1, 4096
594, 26987, 1, 4096
594, 26670, 1, 4096
594, 26367, 1, 4096
594, 26557, 1, 4096
594, 26491, 1, 4096
594, 26200, 1, 4096
594, 26299, 1, 4096
594, 26525, 1, 4096
594, 26356, 1, 4096
594, 26596, 1, 4096
594, 28830, 1, 4096
594, 38424, 1, 4096
594, 26372, 1, 4096
594, 26377, 1, 4096
594, 27874, 1, 4096
594, 26621, 1, 4096
594, 26045, 1, 4096
594, 26658, 1, 4096
594, 26296, 1, 4096
594, 26271, 1, 4096
594, 25999, 1, 4096
594, 26674, 1, 4096
594, 26982, 1, 4096
594, 26202, 1, 4096
594, 26009, 1, 4096
594, 25941, 1, 4096
594, 26072, 1, 4096
601, 7096412, 1, 4096
1011, 409439856, 1, 4096
1011, 43158, 1, 4096
1011, 49328, 1, 4096
1011, 262525, 1, 4096
1181, 169781366, 1, 4096
1207, 26335599, 1, 4096
1236, 28853284, 1, 4096
1236, 57725, 1, 4096
1260, 23501622, 1, 4096
1308, 48266680, 1, 4096
1308, 49511, 1, 4096
1308, 42264, 1, 4096
1308, 41156, 1, 4096
1308, 42321, 1, 4096
1308, 43039, 1, 4096
1308, 42595, 1, 4096
1308, 41260, 1, 4096
1309, 52285, 1, 4096
1309, 40556, 1, 4096
1405, 96178470, 1, 4096
1405, 36547, 1, 4096
1405, 46059, 1, 4096
1405, 36141, 1, 4096
1534, 128782098, 1, 4096
1559, 25852719, 1, 4096
1560, 67668, 1, 4096
1589, 29751591, 1, 4096
1627, 37961365, 1, 4096
1930, 302993248, 1, 4096
1930, 114309, 1, 4096
1958, 27979792, 1, 4096
1958, 57585, 1, 4096
1959, 60386, 1, 4096
1959, 46737, 1, 4096
1959, 48349, 1, 4096
1959, 42045, 1, 4096
1959, 34135, 1, 4096
1959, 50835, 1, 4096
1959, 34094, 1, 4096
1959, 28204, 1, 4096
1959, 44206, 1, 4096
1959, 59970, 1, 4096
1959, 44643, 1, 4096
1959, 29279, 1, 4096
1959, 62981, 1, 4096
1959, 32874, 1, 4096
1959, 28765, 1, 4096
1959, 59010, 1, 4096
1959, 52561, 1, 4096
1959, 59888, 1, 4096
1959, 51101, 1, 4096
1959, 53293, 1, 4096
1959, 34436, 1, 4096
1960, 31921, 1, 4096
1960, 41840, 1, 4096
1960, 43316, 1, 4096
1960, 47514, 1, 4096
1960, 43277, 1, 4096
1960, 37685, 1, 4096
1960, 45136, 1, 4096
1960, 40712, 1, 4096
1960, 31938, 1, 4096
1960, 48659, 1, 4096
1960, 35019, 1, 4096
1960, 32557, 1, 4096
1960, 51573, 1, 4096
1960, 47982, 1, 4096
1960, 32356, 1, 4096
1960, 32925, 1, 4096
1960, 44617, 1, 4096
1960, 38557, 1, 4096
1960, 40494, 1, 4096
1960, 23532, 1, 4096
1960, 23444, 1, 4096
1960, 31649, 1, 4096
1960, 29667, 1, 4096
1960, 38434, 1, 4096
1960, 39413, 1, 4096
1961, 39912, 1, 4096
1961, 31366, 1, 4096
1961, 30100, 1, 4096
1961, 29191, 1, 4096
1961, 78087, 1, 4096
1961, 38976, 1, 4096
1961, 38404, 1, 4096
1961, 51625, 1, 4096
1961, 42662, 1, 4096
1961, 28035, 1, 4096
1961, 31206, 1, 4096
1961, 32075, 1, 4096
1961, 38506, 1, 4096
1961, 40841, 1, 4096
1961, 48407, 1, 4096
1961, 31926, 1, 4096
1961, 41304, 1, 4096
1961, 30600, 1, 4096
1961, 41837, 1, 4096
1961, 51708, 1, 4096
1961, 32295, 1, 4096
1961, 32958, 1, 4096
1961, 32683, 1, 4096
1961, 31342, 1, 4096
1961, 30542, 1, 4096
1962, 30546, 1, 4096
1962, 31252, 1, 4096
1962, 32139, 1, 4096
1962, 31083, 1, 4096
1962, 31134, 1, 4096
1962, 30094, 1, 4096
1962, 29058, 1, 4096
1962, 30146, 1, 4096
1962, 29732, 1, 4096
1962, 30539, 1, 4096
1962, 29529, 1, 4096
1962, 29962, 1, 4096
1962, 30504, 1, 4096
1962, 29634, 1, 4096
1962, 31137, 1, 4096
1962, 29988, 1, 4096
1962, 30352, 1, 4096
1962, 30078, 1, 4096
1962, 31899, 1, 4096
1962, 31823, 1, 4096
1962, 36138, 1, 4096
1962, 43571, 1, 4096
1962, 41274, 1, 4096
1962, 39052, 1, 4096
1962, 34753, 1, 4096
1962, 32007, 1, 4096
1962, 29665, 1, 4096
1962, 29795, 1, 4096
1962, 30781, 1, 4096
1962, 30901, 1, 4096
1963, 49288, 1, 4096
1963, 39257, 1, 4096
2042, 79536694, 1, 4096
2042, 32374, 1, 4096
2042, 28464, 1, 4096
2042, 36353, 1, 4096
2042, 25941, 1, 4096
2540, 497476734, 1, 4096
3035, 495067822, 1, 4096
3133, 98504332, 1, 4096
3249, 115497539, 1, 4096
3278, 29055924, 1, 4096
3278, 41716, 1, 4096
3278, 34947, 1, 4096
3278, 41348, 1, 4096
3278, 34155, 1, 4096
3278, 38687, 1, 4096
3278, 33986, 1, 4096
3278, 37073, 1, 4096
3278, 32474, 1, 4096
3278, 46291, 1, 4096
3278, 37391, 1, 4096
3278, 32644, 1, 4096
3278, 37573, 1, 4096
3278, 33162, 1, 4096
3278, 39051, 1, 4096
3278, 32642, 1, 4096
3278, 44502, 1, 4096
3279, 34660, 1, 4096
3279, 67852, 1, 4096
3279, 35877, 1, 4096
3279, 32680, 1, 4096
3279, 39266, 1, 4096
3279, 32382, 1, 4096
3279, 34236, 1, 4096
3279, 35490, 1, 4096
3279, 32948, 1, 4096
3279, 38421, 1, 4096
3279, 32470, 1, 4096
3279, 39308, 1, 4096
3279, 33981, 1, 4096
3279, 32456, 1, 4096
3279, 38522, 1, 4096
3279, 32640, 1, 4096
3279, 38084, 1, 4096
3279, 32280, 1, 4096
3279, 42214, 1, 4096
3279, 33898, 1, 4096
3279, 31899, 1, 4096
3279, 38185, 1, 4096
3279, 32817, 1, 4096
3279, 38922, 1, 4096
3279, 34067, 1, 4096
3279, 31883, 1, 4096
3280, 37445, 1, 4096
3280, 32012, 1, 4096
3280, 37423, 1, 4096
3280, 34020, 1, 4096
3280, 42273, 1, 4096
3280, 34475, 1, 4096
3280, 31781, 1, 4096
3280, 38665, 1, 4096
3280, 32613, 1, 4096
3280, 39776, 1, 4096
3280, 34294, 1, 4096
3280, 32315, 1, 4096
3280, 38488, 1, 4096
3280, 31936, 1, 4096
3280, 38628, 1, 4096
3280, 33912, 1, 4096
3280, 32145, 1, 4096
3280, 39233, 1, 4096
3280, 32506, 1, 4096
3280, 36307, 1, 4096
3280, 34319, 1, 4096
3280, 32074, 1, 4096
3280, 38704, 1, 4096
3280, 32919, 1, 4096
3280, 44314, 1, 4096
3280, 33022, 1, 4096
3280, 42722, 1, 4096
3281, 34236, 1, 4096
3281, 32004, 1, 4096
3281, 34859, 1, 4096
3281, 32472, 1, 4096
3281, 42625, 1, 4096
3281, 34497, 1, 4096
3281, 32055, 1, 4096
3281, 39169, 1, 4096
3281, 32493, 1, 4096
3281, 40398, 1, 4096
3281, 34611, 1, 4096
3281, 32582, 1, 4096
3281, 41822, 1, 4096
3281, 46802, 1, 4096
3281, 40104, 1, 4096
3281, 32148, 1, 4096
3281, 38760, 1, 4096
3281, 32505, 1, 4096
3281, 37002, 1, 4096
3281, 34165, 1, 4096
3281, 32355, 1, 4096
3281, 39721, 1, 4096
3281, 34108, 1, 4096
3281, 31917, 1, 4096
3281, 32129, 1, 4096
3281, 32545, 1, 4096
3281, 40807, 1, 4096
3282, 32776, 1, 4096
3282, 31694, 1, 4096
3282, 31899, 1, 4096
3282, 32146, 1, 4096
3282, 32014, 1, 4096
3282, 33108, 1, 4096
3282, 34358, 1, 4096
3282, 32057, 1, 4096
3282, 32029, 1, 4096
3282, 31911, 1, 4096
3282, 31717, 1, 4096
3282, 31954, 1, 4096
3282, 31947, 1, 4096
3282, 32594, 1, 4096
3282, 32442, 1, 4096
3282, 31763, 1, 4096
3282, 31791, 1, 4096
3282, 35250, 1, 4096
3282, 33133, 1, 4096
3282, 31916, 1, 4096
3282, 38669, 1, 4096
3282, 32196, 1, 4096
3282, 32632, 1, 4096
3282, 32179, 1, 4096
3282, 32499, 1, 4096
3282, 33185, 1, 4096
3282, 31949, 1, 4096
3282, 31713, 1, 4096
3282, 31625, 1, 4096
3283, 32162, 1, 4096
3283, 31962, 1, 4096
3283, 31673, 1, 4096
3283, 31778, 1, 4096
3283, 32045, 1, 4096
3283, 31816, 1, 4096
3283, 31402, 1, 4096
3283, 31650, 1, 4096
3283, 32724, 1, 4096
3283, 36826, 1, 4096
3283, 32000, 1, 4096
3283, 31903, 1, 4096
3283, 31654, 1, 4096
3283, 31593, 1, 4096
3283, 31647, 1, 4096
3283, 31612, 1, 4096
3283, 33033, 1, 4096
3283, 32187, 1, 4096
3283, 31546, 1, 4096
3283, 31919, 1, 4096
3283, 32220, 1, 4096
3283, 31729, 1, 4096
3283, 31864, 1, 4096
3283, 31828, 1, 4096
3283, 32037, 1, 4096
3283, 31905, 1, 4096
3283, 31735, 1, 4096
3283, 31515, 1, 4096
3283, 31907, 1, 4096
3283, 31693, 1, 4096
3284, 31246, 1, 4096
3284, 31638, 1, 4096
3284, 32300, 1, 4096
3284, 32727, 1, 4096
3284, 40428, 1, 4096
3561, 276946021, 1, 4096
3561, 155718, 1, 4096
3599, 38015948, 1, 4096
3639, 40183521, 1, 4096
3667, 27679411, 1, 4096
3711, 43866112, 1, 4096
3740, 29642516, 1, 4096
3965, 224390865, 1, 4096
4008, 43425439, 1, 4096
4047, 38891226, 1, 4096
4083, 35771232, 1, 4096
4132, 49386514, 1, 4096
4269, 136575455, 1, 4096
4322, 53758478, 1, 4096
4651, 328811665, 1, 4096
4700, 48575476, 1, 4096
4700, 53141, 1, 4096
4700, 36339, 1, 4096
4700, 36039, 1, 4096
4700, 35624, 1, 4096
4700, 40748, 1, 4096
4700, 58945, 1, 4096
4700, 357364, 1, 4096
4794, 93288167, 1, 4096
4794, 85129, 1, 4096
4794, 39732, 1, 4096
4907, 113058254, 1, 4096
4930, 23389867, 1, 4096
4930, 55198, 1, 4096
5020, 89936662, 1, 4096
5020, 48196, 1, 4096
5020, 31125, 1, 4096
5020, 27574, 1, 4096
5021, 35019, 1, 4096
5021, 32040, 1, 4096
5021, 27165, 1, 4096
5021, 28240, 1, 4096
5021, 25074, 1, 4096
5021, 45628, 1, 4096
5021, 120099, 1, 4096
5121, 100056137, 1, 4096
5192, 71594832, 1, 4096
5224, 31309283, 1, 4096
5224, 45801, 1, 4096
5283, 59314480, 1, 4096
5371, 87942715, 1, 4096
5371, 93592, 1, 4096
5371, 31959, 1, 4096
5371, 35802, 1, 4096
5371, 32194, 1, 4096
5371, 37293, 1, 4096
5371, 36697, 1, 4096
5371, 39278, 1, 4096
5371, 29959, 1, 4096
5371, 25722, 1, 4096
5372, 25091, 1, 4096
5372, 35400, 1, 4096
5372, 53019, 1, 4096
5372, 42007, 1, 4096
5372, 89012, 1, 4096
5372, 32462, 1, 4096
5372, 26997, 1, 4096
5372, 33934, 1, 4096
5372, 36566, 1, 4096
5372, 33691, 1, 4096
5372, 29060, 1, 4096
5372, 25457, 1, 4096
5372, 36317, 1, 4096
5372, 269545, 1, 4096
5372, 48215, 1, 4096
5413, 40204451, 1, 4096
5413, 65412, 1, 4096
5413, 33045, 1, 4096
5413, 96075, 1, 4096
5651, 238134346, 1, 4096
5677, 26392046, 1, 4096
5711, 33383656, 1, 4096
5842, 131421711, 1, 4096
5869, 26807726, 1, 4096
5908, 39320499, 1, 4096
5950, 41398034, 1, 4096
6002, 51865808, 1, 4096
6034, 32431108, 1, 4096
6390, 356502992, 1, 4096
6960, 569171817, 1, 4096
7438, 478020793, 1, 4096
7580, 142533932, 1, 4096
7580, 52984, 1, 4096
7678, 97431624, 1, 4096
7744, 66068310, 1, 4096
7744, 39429, 1, 4096
7744, 34439, 1, 4096
7744, 30240, 1, 4096
7744, 36175, 1, 4096
7744, 29851, 1, 4096
7744, 30541, 1, 4096
7744, 33715, 1, 4096
7744, 28405, 1, 4096
7744, 30407, 1, 4096
7744, 29681, 1, 4096
7744, 47347, 1, 4096
7744, 28422, 1, 4096
7744, 29039, 1, 4096
7744, 28602, 1, 4096
7744, 28159, 1, 4096
7744, 28261, 1, 4096
7744, 27812, 1, 4096
7744, 28835, 1, 4096
7744, 27540, 1, 4096
7744, 28192, 1, 4096
7744, 27126, 1, 4096
7744, 29983, 1, 4096
7745, 28584, 1, 4096
7745, 28313, 1, 4096
7745, 28962, 1, 4096
7745, 28612, 1, 4096
7745, 28359, 1, 4096
7745, 27841, 1, 4096
7745, 27910, 1, 4096
7745, 27717, 1, 4096
7745, 29271, 1, 4096
7745, 28240, 1, 4096
7745, 27753, 1, 4096
7745, 27387, 1, 4096
7745, 27638, 1, 4096
7745, 27827, 1, 4096
7745, 28370, 1, 4096
7745, 27449, 1, 4096
7745, 27603, 1, 4096
7745, 28145, 1, 4096
7745, 27202, 1, 4096
7745, 27188, 1, 4096
7745, 27990, 1, 4096
7745, 28623, 1, 4096
7745, 27737, 1, 4096
7745, 28161, 1, 4096
7745, 28028, 1, 4096
7745, 27192, 1, 4096
7745, 27735, 1, 4096
7745, 27684, 1, 4096
7745, 28020, 1, 4096
7745, 28551, 1, 4096
7745, 28050, 1, 4096
7745, 27889, 1, 4096
7745, 26605, 1, 4096
7746, 26234, 1, 4096
7746, 26256, 1, 4096
7746, 35036, 1, 4096
7925, 179594020, 1, 4096
7925, 57811, 1, 4096
7925, 38642, 1, 4096
7925, 46222, 1, 4096
7925, 41464, 1, 4096
7925, 35223, 1, 4096
7926, 107926, 1, 4096
7926, 46843, 1, 4096
7926, 40532, 1, 4096
7926, 40412, 1, 4096
7926, 47454, 1, 4096
7926, 35921, 1, 4096
7926, 46824, 1, 4096
7926, 41303, 1, 4096
7926, 31393, 1, 4096
7926, 47362, 1, 4096
7926, 40691, 1, 4096
7926, 33707, 1, 4096
7926, 41041, 1, 4096
7926, 40831, 1, 4096
7926, 35494, 1, 4096
7926, 53444, 1, 4096
7926, 34333, 1, 4096
7926, 35815, 1, 4096
7926, 35777, 1, 4096
7926, 36455, 1, 4096
7926, 34746, 1, 4096
7926, 35239, 1, 4096
7926, 35501, 1, 4096
7926, 35635, 1, 4096
7926, 34835, 1, 4096
7927, 35135, 1, 4096
7927, 77308, 1, 4096
7927, 34833, 1, 4096
7927, 35537, 1, 4096
7927, 34965, 1, 4096
7927, 35179, 1, 4096
7927, 34853, 1, 4096
7927, 34788, 1, 4096
7927, 35117, 1, 4096
7927, 35079, 1, 4096
7927, 35477, 1, 4096
7927, 35066, 1, 4096
7927, 35383, 1, 4096
7927, 34936, 1, 4096
7927, 34952, 1, 4096
7927, 36767, 1, 4096
7927, 34864, 1, 4096
7927, 34983, 1, 4096
7927, 34528, 1, 4096
7927, 34481, 1, 4096
7927, 34701, 1, 4096
7927, 34513, 1, 4096
7927, 34878, 1, 4096
7927, 34865, 1, 4096
7927, 34665, 1, 4096
7927, 34960, 1, 4096
7928, 35001, 1, 4096
7928, 77610, 1, 4096
7928, 34820, 1, 4096
7928, 34986, 1, 4096
7928, 35126, 1, 4096
7928, 34644, 1, 4096
7928, 34559, 1, 4096
7928, 35280, 1, 4096
7928, 34871, 1, 4096
7928, 34611, 1, 4096
7928, 34830, 1, 4096
7928, 34614, 1, 4096
7928, 34753, 1, 4096
7928, 34373, 1, 4096
7928, 34363, 1, 4096
7928, 34370, 1, 4096
7928, 33410, 1, 4096
7928, 31481, 1, 4096
7928, 31426, 1, 4096
7928, 31254, 1, 4096
7928, 31469, 1, 4096
7928, 31512, 1, 4096
7928, 30944, 1, 4096
7928, 31278, 1, 4096
7928, 31152, 1, 4096
7928, 31009, 1, 4096
7928, 33235, 1, 4096
7928, 31132, 1, 4096
7929, 73232, 1, 4096
7929, 31483, 1, 4096
7929, 31389, 1, 4096
7929, 57288, 1, 4096
8285, 356709892, 1, 4096
8338, 53067298, 1, 4096
8339, 65552, 1, 4096
8339, 43548, 1, 4096
8339, 60626, 1, 4096
8339, 47601, 1, 4096
8339, 43595, 1, 4096
8339, 44770, 1, 4096
8339, 44841, 1, 4096
8339, 43201, 1, 4096
8339, 37511, 1, 4096
8339, 33633, 1, 4096
8339, 51571, 1, 4096
8339, 36325, 1, 4096
8339, 32504, 1, 4096
8339, 49695, 1, 4096
8339, 41406, 1, 4096
8339, 36547, 1, 4096
8339, 33030, 1, 4096
8339, 50246, 1, 4096
8339, 36155, 1, 4096
8339, 32706, 1, 4096
8339, 58120, 1, 4096
8339, 41065, 1, 4096
8340, 36796, 1, 4096
8340, 33160, 1, 4096
8340, 51406, 1, 4096
8340, 35943, 1, 4096
8340, 32856, 1, 4096
8340, 50372, 1, 4096
8340, 41300, 1, 4096
8340, 35885, 1, 4096
8340, 33631, 1, 4096
8340, 50608, 1, 4096
8340, 35235, 1, 4096
8340, 32668, 1, 4096
8340, 61772, 1, 4096
8340, 41045, 1, 4096
8340, 37040, 1, 4096
8340, 33547, 1, 4096
8340, 50217, 1, 4096
8340, 36113, 1, 4096
8340, 33765, 1, 4096
8340, 50388, 1, 4096
8340, 41129, 1, 4096
8340, 35412, 1, 4096
8340, 32601, 1, 4096
8340, 50241, 1, 4096
8341, 36254, 1, 4096
8341, 33362, 1, 4096
8341, 49864, 1, 4096
8341, 40799, 1, 4096
8341, 36050, 1, 4096
8341, 33107, 1, 4096
8341, 49729, 1, 4096
8341, 35938, 1, 4096
8341, 33059, 1, 4096
8341, 49782, 1, 4096
8341, 40998, 1, 4096
8341, 35415, 1, 4096
8341, 32743, 1, 4096
8341, 49992, 1, 4096
8341, 35980, 1, 4096
8341, 32714, 1, 4096
8341, 50668, 1, 4096
8341, 41599, 1, 4096
8341, 35495, 1, 4096
8341, 33195, 1, 4096
8341, 51174, 1, 4096
8341, 35589, 1, 4096
8341, 32868, 1, 4096
8341, 49920, 1, 4096
8342, 41595, 1, 4096
8342, 34978, 1, 4096
8342, 32614, 1, 4096
8342, 50766, 1, 4096
8342, 35317, 1, 4096
8342, 32081, 1, 4096
8342, 50344, 1, 4096
8342, 41929, 1, 4096
8342, 36324, 1, 4096
8342, 32692, 1, 4096
8342, 59253, 1, 4096
8342, 35795, 1, 4096
8342, 33638, 1, 4096
8342, 50125, 1, 4096
8342, 41192, 1, 4096
8342, 35736, 1, 4096
8342, 32302, 1, 4096
8342, 49837, 1, 4096
8342, 58706, 1, 4096
8342, 35389, 1, 4096
8342, 42282, 1, 4096
8342, 44225, 1, 4096
8342, 39094, 1, 4096
8342, 33701, 1, 4096
8343, 56207, 1, 4096
8343, 36814, 1, 4096
8343, 33268, 1, 4096
8343, 55103, 1, 4096
8343, 45034, 1, 4096
8343, 54470, 1, 4096
8343, 52095, 1, 4096
8343, 40514, 1, 4096
8343, 70503, 1, 4096
8343, 54808, 1, 4096
8343, 45508, 1, 4096
8343, 44912, 1, 4096
8343, 39024, 1, 4096
8343, 56011, 1, 4096
8343, 37967, 1, 4096
8343, 33488, 1, 4096
8343, 38979, 1, 4096
8343, 45436, 1, 4096
8343, 57922, 1, 4096
8343, 37832, 1, 4096
8344, 55429, 1, 4096
8397, 53138883, 1, 4096
8423, 26333302, 1, 4096
8463, 39507486, 1, 4096
8711, 248602238, 1, 4096
8711, 68160, 1, 4096
8739, 27711423, 1, 4096
8778, 39393773, 1, 4096
8820, 42141342, 1, 4096
8849, 28126766, 1, 4096
8876, 27673132, 1, 4096
8901, 24702475, 1, 4096
8930, 28588894, 1, 4096
8969, 39827843, 1, 4096
9019, 49234335, 1, 4096
9053, 34034452, 1, 4096
9083, 30554993, 1, 4096
9583, 499852898, 1, 4096
9734, 151147551, 1, 4096
9993, 258922528, 1, 4096
10457, 463423358, 1, 4096
10507, 50658505, 1, 4096
10549, 41659052, 1, 4096
10584, 35471559, 1, 4096
10626, 41611051, 1, 4096
10672, 46117269, 1, 4096
10881, 209109107, 1, 4096
10983, 101670135, 1, 4096
11189, 206303100, 1, 4096
11459, 270162876, 1, 4096
11489, 29714956, 1, 4096
11639, 149681665, 1, 4096
11667, 28103017, 1, 4096
11709, 42205148, 1, 4096
11758, 48541437, 1, 4096
11794, 36565422, 1, 4096
11837, 42927297, 1, 4096
12038, 200671887, 1, 4096
12343, 305236294, 1, 4096
12379, 36216226, 1, 4096
12533, 153707057, 1, 4096
12564, 30847283, 1, 4096
12564, 43927, 1, 4096
12907, 343282473, 1, 4096
13566, 658984727, 1, 4096
13594, 27779699, 1, 4096
13643, 49169178, 1, 4096
13678, 34613779, 1, 4096
13705, 27156031, 1, 4096
13751, 46420413, 1, 4096
13797, 45461209, 1, 4096
13909, 112474893, 1, 4096
13961, 51584669, 1, 4096
13988, 27054994, 1, 4096
14127, 139209793, 1, 4096
14185, 58159682, 1, 4096
14185, 36202, 1, 4096
14186, 77090, 1, 4096
14186, 38959, 1, 4096
14186, 30865, 1, 4096
14186, 38016, 1, 4096
14590, 404496810, 1, 4096
14623, 32543591, 1, 4096
14818, 195605866, 1, 4096
14818, 41871, 1, 4096
14818, 32615, 1, 4096
14818, 26873, 1, 4096
14818, 23847, 1, 4096
14818, 33962, 1, 4096
14906, 87502641, 1, 4096
15169, 262588833, 1, 4096
15421, 252642374, 1, 4096
15448, 26363230, 1, 4096
15648, 200735307, 1, 4096
15674, 26126511, 1, 4096
15733, 58830774, 1, 4096
15733, 57144, 1, 4096
15733, 68666, 1, 4096
15733, 42171, 1, 4096
16131, 397087157, 1, 4096
16382, 251592103, 1, 4096
16404, 21539878, 1, 4096
16875, 471781371, 1, 4096
16906, 30325048, 1, 4096
17002, 95776236, 1, 4096
17170, 168166160, 1, 4096
17354, 184646380, 1, 4096
17354, 48654, 1, 4096
17355, 36855, 1, 4096
17383, 28848201, 1, 4096
17481, 97382277, 1, 4096
17530, 49241292, 1, 4096
17554, 23792204, 1, 4096
17587, 33588062, 1, 4096
17588, 542989, 1, 4096
17588, 69357, 1, 4096
17588, 52286, 1, 4096
17588, 52477, 1, 4096
17588, 40072, 1, 4096
17588, 36013, 1, 4096
17588, 46945, 1, 4096
17588, 35466, 1, 4096
17588, 30860, 1, 4096
17588, 27954, 1, 4096
17588, 27423, 1, 4096
17588, 27364, 1, 4096
17613, 24417006, 1, 4096
17647, 34175371, 1, 4096
17697, 49960057, 1, 4096
17697, 61312, 1, 4096
17697, 38990, 1, 4096
17697, 57254, 1, 4096
17697, 37288, 1, 4096
17697, 52689, 1, 4096
17697, 36235, 1, 4096
17697, 33637, 1, 4096
17697, 50680, 1, 4096
17697, 35481, 1, 4096
17697, 32446, 1, 4096
17697, 39383, 1, 4096
17697, 42351, 1, 4096
17698, 39602, 1, 4096
17698, 32593, 1, 4096
17698, 57713, 1, 4096
17698, 35976, 1, 4096
17698, 32015, 1, 4096
17698, 38764, 1, 4096
17698, 41037, 1, 4096
17698, 36174, 1, 4096
17698, 32882, 1, 4096
17698, 48923, 1, 4096
17698, 34954, 1, 4096
17698, 32151, 1, 4096
17698, 38817, 1, 4096
17698, 41452, 1, 4096
17698, 36444, 1, 4096
17698, 33171, 1, 4096
17698, 49902, 1, 4096
17698, 37199, 1, 4096
17698, 33480, 1, 4096
17698, 37651, 1, 4096
17698, 40304, 1, 4096
17698, 37632, 1, 4096
17698, 32130, 1, 4096
17698, 51785, 1, 4096
17698, 35289, 1, 4096
17699, 33720, 1, 4096
17699, 37798, 1, 4096
17699, 41303, 1, 4096
17699, 37261, 1, 4096
17699, 32110, 1, 4096
17699, 45811, 1, 4096
17699, 35017, 1, 4096
17699, 32293, 1, 4096
17699, 38442, 1, 4096
17699, 40863, 1, 4096
17699, 38597, 1, 4096
17699, 32036, 1, 4096
17699, 47163, 1, 4096
17699, 35395, 1, 4096
17699, 32192, 1, 4096
17699, 37894, 1, 4096
17699, 38881, 1, 4096
17699, 35184, 1, 4096
17699, 32602, 1, 4096
17699, 47068, 1, 4096
17699, 34969, 1, 4096
17699, 32223, 1, 4096
17699, 37506, 1, 4096
17699, 38853, 1, 4096
17699, 33944, 1, 4096
17699, 32944, 1, 4096
17700, 48709, 1, 4096
17700, 34803, 1, 4096
17700, 32053, 1, 4096
17700, 37481, 1, 4096
17700, 39519, 1, 4096
17700, 38044, 1, 4096
17700, 32345, 1, 4096
17700, 50327, 1, 4096
17700, 35588, 1, 4096
17700, 32493, 1, 4096
17700, 37799, 1, 4096
17700, 41473, 1, 4096
17700, 38552, 1, 4096
17700, 32057, 1, 4096
17700, 50357, 1, 4096
17700, 34974, 1, 4096
17700, 31967, 1, 4096
17700, 38115, 1, 4096
17700, 42279, 1, 4096
17700, 38272, 1, 4096
17700, 32058, 1, 4096
17700, 51794, 1, 4096
17700, 34947, 1, 4096
17700, 32013, 1, 4096
17700, 37784, 1, 4096
17701, 40827, 1, 4096
17701, 38580, 1, 4096
17701, 32522, 1, 4096
17701, 50194, 1, 4096
17701, 34875, 1, 4096
17701, 31602, 1, 4096
17701, 38508, 1, 4096
17701, 41748, 1, 4096
17701, 38736, 1, 4096
17701, 32658, 1, 4096
17701, 50423, 1, 4096
17701, 34884, 1, 4096
17701, 31965, 1, 4096
17701, 38106, 1, 4096
17701, 48533, 1, 4096
17790, 89082550, 1, 4096
17863, 73174335, 1, 4096
17907, 43622998, 1, 4096
18009, 102466749, 1, 4096
18010, 82038, 1, 4096
18038, 28259561, 1, 4096
18038, 40417, 1, 4096
18081, 42812253, 1, 4096
18207, 126177072, 1, 4096
18413, 206405862, 1, 4096
18413, 82583, 1, 4096
18413, 37124, 1, 4096
18413, 65725, 1, 4096
18414, 58762, 1, 4096
18414, 57869, 1, 4096
18414, 57442, 1, 4096
18414, 95106, 1, 4096
18414, 58125, 1, 4096
18414, 58986, 1, 4096
18414, 58110, 1, 4096
18517, 102760067, 1, 4096
18681, 164459036, 1, 4096
18709, 28309921, 1, 4096
18754, 44800031, 1, 4096
18797, 42390940, 1, 4096
18824, 27424228, 1, 4096
18852, 27486128, 1, 4096
18890, 37936494, 1, 4096
19067, 177216260, 1, 4096
19104, 36769104, 1, 4096
19576, 472031672, 1, 4096
19742, 166395775, 1, 4096
19765, 23217878, 1, 4096
19918, 153261559, 1, 4096
19960, 41204359, 1, 4096
19986, 25969729, 1, 4096
20031, 45714429, 1, 4096
20195, 163839906, 1, 4096
20225, 30102114, 1, 4096
20582, 356444887, 1, 4096
20582, 108019, 1, 4096
20665, 83584043, 1, 4096
20747, 81150803, 1, 4096
20901, 154580491, 1, 4096
20901, 62936, 1, 4096
20901, 48179, 1, 4096
20901, 47444, 1, 4096
20901, 63468, 1, 4096
20901, 47497, 1, 4096
20902, 45673, 1, 4096
20902, 45134, 1, 4096
20902, 61631, 1, 4096
20902, 46363, 1, 4096
20902, 45286, 1, 4096
20902, 45256, 1, 4096
20902, 44600, 1, 4096
20902, 45466, 1, 4096
20902, 43354, 1, 4096
20902, 42468, 1, 4096
20902, 43892, 1, 4096
20902, 45714, 1, 4096
20902, 45861, 1, 4096
20902, 46158, 1, 4096
20902, 50073, 1, 4096
20902, 49166, 1, 4096
20902, 49486, 1, 4096
20902, 53319, 1, 4096
20902, 49689, 1, 4096
20902, 48935, 1, 4096
20903, 43986, 1, 4096
20903, 49259, 1, 4096
20903, 50874, 1, 4096
20903, 45854, 1, 4096
20903, 45292, 1, 4096
20903, 53557, 1, 4096
20903, 53747, 1, 4096
20903, 58933, 1, 4096
20903, 60991, 1, 4096
20903, 60103, 1, 4096
20903, 59610, 1, 4096
20903, 50204, 1, 4096
20903, 53963, 1, 4096
20903, 50060, 1, 4096
20903, 53511, 1, 4096
20903, 52539, 1, 4096
20903, 55222, 1, 4096
20903, 53678, 1, 4096
20904, 49827, 1, 4096
20904, 54005, 1, 4096
20904, 50858, 1, 4096
20904, 51747, 1, 4096
20904, 52907, 1, 4096
20904, 50543, 1, 4096
20904, 59318, 1, 4096
20904, 45904, 1, 4096
20904, 51252, 1, 4096
20904, 53769, 1, 4096
20904, 42577, 1, 4096
20904, 44980, 1, 4096
20904, 46284, 1, 4096
20904, 45218, 1, 4096
20904, 45656, 1, 4096
20904, 42981, 1, 4096
20904, 41431, 1, 4096
20904, 42622, 1, 4096
20904, 83626, 1, 4096
20904, 42736, 1, 4096
20905, 39732, 1, 4096
20905, 38738, 1, 4096
20905, 39275, 1, 4096
20905, 38581, 1, 4096
20905, 39191, 1, 4096
20905, 40366, 1, 4096
20905, 39424, 1, 4096
20905, 39459, 1, 4096
20905, 39528, 1, 4096
20905, 39484, 1, 4096
20905, 38175, 1, 4096
20905, 40193, 1, 4096
20905, 40409, 1, 4096
20905, 44620, 1, 4096
20921, 15429535, 1, 4096
20921, 59107, 1, 4096
20921, 48724, 1, 4096
20921, 41357, 1, 4096
20921, 38770, 1, 4096
20921, 41388, 1, 4096
20921, 51292, 1, 4096
20921, 39886, 1, 4096
20921, 41077, 1, 4096
20921, 37866, 1, 4096
20921, 41173, 1, 4096
20921, 46993, 1, 4096
20921, 28757, 1, 4096
20921, 33707, 1, 4096
20921, 38268, 1, 4096
20921, 39601, 1, 4096
20921, 28228, 1, 4096
20921, 29908, 1, 4096
20921, 41080, 1, 4096
20921, 36139, 1, 4096
20921, 34655, 1, 4096
20921, 34411, 1, 4096
20921, 31153, 1, 4096
20921, 43091, 1, 4096
20921, 34279, 1, 4096
20922, 39208, 1, 4096
20922, 34052, 1, 4096
20922, 55880, 1, 4096
20922, 36042, 1, 4096
20922, 28639, 1, 4096
20922, 30538, 1, 4096
20922, 40878, 1, 4096
20922, 35952, 1, 4096
20922, 35653, 1, 4096
20922, 43097, 1, 4096
20922, 39745, 1, 4096
20922, 38728, 1, 4096
20922, 37456, 1, 4096
20922, 49801, 1, 4096
20922, 48956, 1, 4096
20922, 49664, 1, 4096
20922, 49155, 1, 4096
20922, 39802, 1, 4096
20922, 37785, 1, 4096
20922, 38090, 1, 4096
20922, 33950, 1, 4096
20922, 28162, 1, 4096
20922, 37609, 1, 4096
20922, 44235, 1, 4096
20923, 44563, 1, 4096
20923, 31367, 1, 4096
20923, 31451, 1, 4096
20923, 30108, 1, 4096
20923, 31519, 1, 4096
20923, 30536, 1, 4096
20923, 30273, 1, 4096
20923, 28294, 1, 4096
20923, 31760, 1, 4096
20923, 28406, 1, 4096
20923, 30540, 1, 4096
20923, 30674, 1, 4096
20923, 29082, 1, 4096
20923, 30747, 1, 4096
20923, 30338, 1, 4096
20923, 29769, 1, 4096
20923, 31329, 1, 4096
20923, 29709, 1, 4096
20923, 30530, 1, 4096
20923, 29812, 1, 4096
20923, 30397, 1, 4096
20923, 40649, 1, 4096
20923, 30382, 1, 4096
20923, 29515, 1, 4096
20923, 28116, 1, 4096
20923, 30615, 1, 4096
20923, 31620, 1, 4096
20923, 30803, 1, 4096
20923, 30801, 1, 4096
20923, 28588, 1, 4096
20923, 29630, 1, 4096
20924, 31689, 1, 4096
20924, 30637, 1, 4096
20924, 30392, 1, 4096
20924, 32207, 1, 4096
20924, 29842, 1, 4096
20924, 30112, 1, 4096
20924, 28665, 1, 4096
20924, 29150, 1, 4096
20924, 30089, 1, 4096
20924, 29373, 1, 4096
20924, 30638, 1, 4096
20924, 31076, 1, 4096
20924, 30651, 1, 4096
20924, 29785, 1, 4096
20924, 29252, 1, 4096
20924, 30127, 1, 4096
20924, 28897, 1, 4096
20924, 31011, 1, 4096
20924, 29804, 1, 4096
20924, 28201, 1, 4096
20924, 30008, 1, 4096
20924, 28556, 1, 4096
20924, 27792, 1, 4096
20924, 28660, 1, 4096
20924, 29643, 1, 4096
20924, 29665, 1, 4096
20924, 30048, 1, 4096
20924, 29001, 1, 4096
20924, 29228, 1, 4096
20924, 28859, 1, 4096
20924, 29513, 1, 4096
20925, 30907, 1, 4096
20925, 30934, 1, 4096
20925, 28528, 1, 4096
20925, 47520, 1, 4096
20925, 77201, 1, 4096
20925, 31412, 1, 4096
20925, 32486, 1, 4096
20925, 30027, 1, 4096
20925, 30463, 1, 4096
20925, 29662, 1, 4096
20925, 29620, 1, 4096
20925, 30226, 1, 4096
20925, 29117, 1, 4096
20925, 30040, 1, 4096
20925, 28702, 1, 4096
20925, 29527, 1, 4096
20925, 30154, 1, 4096
20925, 30647, 1, 4096
20925, 29715, 1, 4096
20925, 30977, 1, 4096
20925, 30682, 1, 4096
20925, 30795, 1, 4096
20925, 30019, 1, 4096
20925, 28413, 1, 4096
20925, 29680, 1, 4096
20925, 28976, 1, 4096
20925, 29858, 1, 4096
20925, 29797, 1, 4096
20925, 30068, 1, 4096
20925, 28825, 1, 4096
20926, 30271, 1, 4096
20926, 28292, 1, 4096
20926, 31368, 1, 4096
21139, 213559010, 1, 4096
21139, 63271, 1, 4096
21139, 34527, 1, 4096
21139, 44407, 1, 4096
21139, 41629, 1, 4096
21139, 35860, 1, 4096
21139, 33272, 1, 4096
21139, 40050, 1, 4096
21140, 53297, 1, 4096
21140, 34435, 1, 4096
21140, 42120, 1, 4096
21140, 38811, 1, 4096
21140, 43461, 1, 4096
21140, 33166, 1, 4096
21140, 36701, 1, 4096
21140, 36139, 1, 4096
21140, 43079, 1, 4096
21140, 53888, 1, 4096
21140, 50682, 1, 4096
21140, 50045, 1, 4096
21140, 33162, 1, 4096
21140, 42918, 1, 4096
21140, 49652, 1, 4096
21140, 34745, 1, 4096
21140, 51932, 1, 4096
21140, 54511, 1, 4096
21140, 41361, 1, 4096
21140, 34111, 1, 4096
21140, 37511, 1, 4096
21140, 36106, 1, 4096
21140, 26958, 1, 4096
21140, 36269, 1, 4096
21141, 55446, 1, 4096
21141, 45636, 1, 4096
21141, 32880, 1, 4096
21141, 44698, 1, 4096
21141, 48141, 1, 4096
21141, 31924, 1, 4096
21141, 50192, 1, 4096
21141, 48657, 1, 4096
21141, 51392, 1, 4096
21141, 33724, 1, 4096
21141, 46681, 1, 4096
21141, 49501, 1, 4096
21141, 52014, 1, 4096
21141, 51033, 1, 4096
21141, 38295, 1, 4096
21141, 37799, 1, 4096
21141, 44549, 1, 4096
21141, 38391, 1, 4096
21141, 38983, 1, 4096
21141, 29020, 1, 4096
21141, 38694, 1, 4096
21141, 38236, 1, 4096
21142, 39417, 1, 4096
21142, 56948, 1, 4096
21142, 40650, 1, 4096
21142, 37451, 1, 4096
21142, 27850, 1, 4096
21142, 39074, 1, 4096
21142, 38816, 1, 4096
21142, 37669, 1, 4096
21142, 29798, 1, 4096
21142, 38469, 1, 4096
21142, 57603, 1, 4096
21142, 28410, 1, 4096
21142, 38260, 1, 4096
21142, 38738, 1, 4096
21142, 39136, 1, 4096
21142, 29389, 1, 4096
21142, 38669, 1, 4096
21142, 36550, 1, 4096
21142, 28222, 1, 4096
21142, 37729, 1, 4096
21142, 43384, 1, 4096
21142, 52643, 1, 4096
21142, 33209, 1, 4096
21142, 51308, 1, 4096
21143, 51376, 1, 4096
21143, 33635, 1, 4096
21143, 63629, 1, 4096
21143, 36554, 1, 4096
21143, 115982, 1, 4096
21143, 36382, 1, 4096
21143, 27524, 1, 4096
21143, 51911, 1, 4096
21143, 30777, 1, 4096
21143, 52014, 1, 4096
21143, 55087, 1, 4096
21143, 51299, 1, 4096
21143, 52198, 1, 4096
21143, 34659, 1, 4096
21143, 51333, 1, 4096
21143, 30578, 1, 4096
21143, 50018, 1, 4096
21143, 51592, 1, 4096
21143, 74132, 1, 4096
21144, 48670, 1, 4096
21144, 34323, 1, 4096
21144, 44208, 1, 4096
21144, 29004, 1, 4096
21144, 44447, 1, 4096
21144, 47218, 1, 4096
21144, 46175, 1, 4096
21144, 45698, 1, 4096
21144, 28186, 1, 4096
21144, 44720, 1, 4096
21144, 27925, 1, 4096
21144, 46521, 1, 4096
21144, 45918, 1, 4096
21144, 46097, 1, 4096
21144, 45586, 1, 4096
21144, 42782, 1, 4096
21144, 46973, 1, 4096
21144, 27522, 1, 4096
21144, 44556, 1, 4096
21144, 44030, 1, 4096
21144, 37537, 1, 4096
21144, 37876, 1, 4096
21144, 27216, 1, 4096
21144, 38634, 1, 4096
21145, 26537, 1, 4096
21145, 37617, 1, 4096
21145, 38397, 1, 4096
21145, 38779, 1, 4096
21145, 37533, 1, 4096
21145, 30052, 1, 4096
21145, 39836, 1, 4096
21145, 39942, 1, 4096
21145, 37623, 1, 4096
21145, 37256, 1, 4096
21145, 29848, 1, 4096
21145, 29491, 1, 4096
21145, 30615, 1, 4096
21145, 31749, 1, 4096
21145, 25865, 1, 4096
21145, 30728, 1, 4096
21145, 29492, 1, 4096
21145, 31958, 1, 4096
21145, 28112, 1, 4096
21145, 35407, 1, 4096
21145, 29279, 1, 4096
21145, 27013, 1, 4096
21145, 30368, 1, 4096
21146, 290866, 1, 4096
21806, 660711688, 1, 4096
21807, 329794, 1, 4096
21807, 31504, 1, 4096
21807, 37907, 1, 4096
21807, 25768, 1, 4096
21807, 33689, 1, 4096
21807, 28071, 1, 4096
21807, 40642, 1, 4096
21807, 39529, 1, 4096
21807, 25906, 1, 4096
21807, 34699, 1, 4096
21807, 30985, 1, 4096
21807, 146981, 1, 4096
21807, 26133, 1, 4096
21807, 25971, 1, 4096
21807, 34326, 1, 4096
21807, 36465, 1, 4096
21807, 151794, 1, 4096
21807, 28309, 1, 4096
21807, 25525, 1, 4096
21807, 30392, 1, 4096
21808, 30961, 1, 4096
21808, 29553, 1, 4096
21808, 29185, 1, 4096
21808, 31437, 1, 4096
21808, 25101, 1, 4096
21808, 29869, 1, 4096
21808, 29605, 1, 4096
21808, 31360, 1, 4096
21808, 32704, 1, 4096
21808, 31693, 1, 4096
21808, 29864, 1, 4096
21808, 30862, 1, 4096
21808, 40076, 1, 4096
21808, 35220, 1, 4096
21808, 43555, 1, 4096
21808, 33159, 1, 4096
21808, 32603, 1, 4096
21808, 30717, 1, 4096
21808, 27421, 1, 4096
21808, 40215, 1, 4096
21808, 33533, 1, 4096
21808, 31970, 1, 4096
21808, 29763, 1, 4096
21808, 28960, 1, 4096
21808, 45248, 1, 4096
21851, 42831112, 1, 4096
21874, 23287379, 1, 4096
21898, 23422515, 1, 4096
22116, 218460845, 1, 4096
22153, 37057167, 1, 4096
22291, 137139287, 1, 4096
22314, 23105212, 1, 4096
22337, 23231750, 1, 4096
22359, 22160603, 1, 4096
22397, 37616303, 1, 4096
22421, 24572325, 1, 4096
22452, 30969564, 1, 4096
22489, 37151331, 1, 4096
22512, 22192183, 1, 4096
22660, 148749740, 1, 4096
22712, 51608075, 1, 4096
22734, 21629471, 1, 4096
22763, 29454508, 1, 4096
22795, 31794354, 1, 4096
22833, 38142916, 1, 4096
22867, 34047186, 1, 4096
22902, 34809154, 1, 4096
23083, 181385130, 1, 4096
23083, 34460, 1, 4096
23083, 37685, 1, 4096
23083, 29533, 1, 4096
23083, 31329, 1, 4096
23083, 26636, 1, 4096
23083, 27386, 1, 4096
23084, 24715, 1, 4096
23084, 24719, 1, 4096
23084, 25601, 1, 4096
23084, 33907, 1, 4096
23084, 27128, 1, 4096
23084, 24294, 1, 4096
23084, 26025, 1, 4096
23084, 44675, 1, 4096
23084, 29869, 1, 4096
23084, 25873, 1, 4096
23084, 23738, 1, 4096
23084, 24098, 1, 4096
23084, 32787, 1, 4096
23084, 29005, 1, 4096
23084, 39274, 1, 4096
23084, 28031, 1, 4096
23084, 24738, 1, 4096
23084, 24795, 1, 4096
23084, 27095, 1, 4096
23084, 78311, 1, 4096
23084, 31703, 1, 4096
23084, 23920, 1, 4096
23084, 24109, 1, 4096
23084, 31894, 1, 4096
23084, 37589, 1, 4096
23084, 28074, 1, 4096
23084, 27565, 1, 4096
23084, 34661, 1, 4096
23084, 27542, 1, 4096
23084, 54412, 1, 4096
23085, 27108, 1, 4096
23085, 35421, 1, 4096
23085, 27658, 1, 4096
23085, 29275, 1, 4096
23085, 26252, 1, 4096
23085, 26645, 1, 4096
23085, 34293, 1, 4096
23085, 32513, 1, 4096
23085, 25915, 1, 4096
23085, 37802, 1, 4096
23085, 35987, 1, 4096
23085, 29131, 1, 4096
23085, 26526, 1, 4096
23085, 31977, 1, 4096
23085, 44120, 1, 4096
23085, 28349, 1, 4096
23085, 24303, 1, 4096
23085, 23714, 1, 4096
23085, 29393, 1, 4096
23085, 36897, 1, 4096
23156, 70872178, 1, 4096
23192, 35967988, 1, 4096
23235, 43253134, 1, 4096
23267, 31281894, 1, 4096
23267, 166899, 1, 4096
23374, 107638319, 1, 4096
23374, 42192, 1, 4096
23429, 54426352, 1, 4096
23462, 32885986, 1, 4096
23509, 47183649, 1, 4096
23534, 24939874, 1, 4096
23662, 128281467, 1, 4096
23696, 33851209, 1, 4096
23935, 238970189, 1, 4096
23935, 42655, 1, 4096
23958, 22613063, 1, 4096
24110, 152794657, 1, 4096
24111, 40835, 1, 4096
24135, 24101061, 1, 4096
24172, 37642986, 1, 4096
24207, 34594485, 1, 4096
24255, 48566593, 1, 4096
24297, 41317306, 1, 4096
24344, 46817790, 1, 4096
24463, 119430098, 1, 4096
24463, 68418, 1, 4096
24463, 101566, 1, 4096
24463, 110931, 1, 4096
24463, 140485, 1, 4096
24464, 165714, 1, 4096
24464, 47259, 1, 4096
24464, 38610, 1, 4096
24464, 59993, 1, 4096
24464, 59706, 1, 4096
24464, 40495, 1, 4096
24464, 104628, 1, 4096
24464, 40676, 1, 4096
24464, 33542, 1, 4096
24495, 31283607, 1, 4096
24585, 89656523, 1, 4096
24625, 40156843, 1, 4096
24884, 258878922, 1, 4096
24966, 81749896, 1, 4096
25107, 140789645, 1, 4096
25134, 27377993, 1, 4096
25190, 55849988, 1, 4096
25472, 282243008, 1, 4096
25756, 283909366, 1, 4096
25795, 38790069, 1, 4096
25916, 120764038, 1, 4096
26163, 247031461, 1, 4096
26185, 22648385, 1, 4096
26272, 86549863, 1, 4096
26313, 41131116, 1, 4096
26347, 33714687, 1, 4096
26367, 20522191, 1, 4096
26463, 96143730, 1, 4096
26594, 130199079, 1, 4096
26596, 2594337, 1, 4096
26596, 34837, 1, 4096
26596, 33619, 1, 4096
26887, 291215232, 1, 4096
26911, 23040022, 1, 4096
27203, 292454974, 1, 4096
27225, 22289627, 1, 4096
27355, 129671673, 1, 4096
27449, 94258181, 1, 4096
27472, 23010051, 1, 4096
27511, 38812365, 1, 4096
27661, 149566359, 1, 4096
27661, 41212, 1, 4096
27661, 29543, 1, 4096
27661, 30249, 1, 4096
27661, 29484, 1, 4096
27661, 29094, 1, 4096
27661, 39576, 1, 4096
27805, 143892039, 1, 4096
27848, 43639838, 1, 4096
28149, 300849322, 1, 4096
28149, 45104, 1, 4096
28267, 118091441, 1, 4096
28315, 47739567, 1, 4096
28343, 27964812, 1, 4096
28371, 28396513, 1, 4096
28424, 52520859, 1, 4096
28424, 39588, 1, 4096
28449, 25368474, 1, 4096
28475, 25707464, 1, 4096
28534, 58724777, 1, 4096
28558, 24367324, 1, 4096
28584, 25752391, 1, 4096
28625, 40726334, 1, 4096
28665, 40690760, 1, 4096
28927, 261758696, 1, 4096
29295, 367662394, 1, 4096
29295, 69576, 1, 4096
29342, 47175027, 1, 4096
29383, 40998154, 1, 4096
29478, 94460891, 1, 4096
29504, 26258776, 1, 4096
29540, 36209897, 1, 4096
29567, 27256775, 1, 4096
29595, 27573400, 1, 4096
29623, 28346378, 1, 4096
29648, 24436634, 1, 4096
29674, 26792657, 1, 4096
29719, 44241867, 1, 4096
29813, 93994333, 1, 4096
29860, 46882282, 1, 4096
29885, 25656750, 1, 4096
29910, 24526330, 1, 4096
30166, 256361540, 1, 4096
30259, 92894192, 1, 4096
30303, 43861279, 1, 4096
30443, 140127886, 1, 4096
30512, 69374874, 1, 4096
30538, 25128626, 1, 4096
30563, 25445696, 1, 4096
30836, 273194214, 1, 4096
30892, 55397909, 1, 4096
30941, 49778428, 1, 4096
30985, 43272202, 1, 4096
31009, 24473908, 1, 4096
31037, 27357931, 1, 4096
31097, 60387489, 1, 4096
31258, 161220264, 1, 4096
31287, 28664891, 1, 4096
31489, 201821046, 1, 4096
31643, 154417759, 1, 4096
31670, 26906149, 1, 4096
31703, 33434574, 1, 4096
31732, 28969312, 1, 4096
31758, 26086715, 1, 4096
31955, 196444654, 1, 4096
32012, 56594682, 1, 4096
32134, 122579670, 1, 4096
32245, 110519777, 1, 4096
32453, 208506856, 1, 4096
32453, 36506, 1, 4096
32497, 44206146, 1, 4096
32548, 50298393, 1, 4096
32600, 52384444, 1, 4096
32626, 26197718, 1, 4096
32668, 41615664, 1, 4096
32692, 23715144, 1, 4096
32819, 127449386, 1, 4096
32880, 60530299, 1, 4096
33056, 176181372, 1, 4096
33153, 97671835, 1, 4096
33177, 23827687, 1, 4096
33202, 25089399, 1, 4096
33403, 200846957, 1, 4096
33530, 127041440, 1, 4096
33586, 56135145, 1, 4096
33687, 100321023, 1, 4096
33752, 65461366, 1, 4096
33776, 23635806, 1, 4096
33857, 81359474, 1, 4096
33857, 33210, 1, 4096
33857, 28073, 1, 4096
33857, 28131, 1, 4096
33857, 29830, 1, 4096
33857, 28137, 1, 4096
33857, 29998, 1, 4096
33857, 36096, 1, 4096
33857, 30816, 1, 4096
33858, 28061, 1, 4096
33858, 27863, 1, 4096
33858, 27041, 1, 4096
33858, 28039, 1, 4096
33858, 27576, 1, 4096
33858, 36751, 1, 4096
33935, 77520123, 1, 4096
34302, 367269302, 1, 4096
34348, 45504585, 1, 4096
34390, 41596985, 1, 4096
34416, 26766252, 1, 4096
34441, 24477130, 1, 4096
34483, 42616304, 1, 4096
34483, 35671, 1, 4096
34725, 241036658, 1, 4096
34725, 36802, 1, 4096
34725, 31379, 1, 4096
34749, 23945241, 1, 4096
34749, 33611, 1, 4096
34749, 33643, 1, 4096
34749, 66483, 1, 4096
34932, 183445718, 1, 4096
35028, 95493752, 1, 4096
35140, 112461430, 1, 4096
35237, 97347265, 1, 4096
35275, 37433560, 1, 4096
35312, 37098870, 1, 4096
35336, 24236355, 1, 4096
35336, 46295, 1, 4096
35373, 36736505, 1, 4096
35395, 22077873, 1, 4096
35419, 23471033, 1, 4096
35443, 24787722, 1, 4096
35443, 41695, 1, 4096
35443, 36457, 1, 4096
35444, 64263, 1, 4096
35444, 43043, 1, 4096
35877, 433541795, 1, 4096
35929, 51907977, 1, 4096
35951, 21988173, 1, 4096
36038, 86903440, 1, 4096
36181, 143248984, 1, 4096
36391, 209881572, 1, 4096
36728, 337208083, 1, 4096
36728, 51427, 1, 4096
36728, 33968, 1, 4096
36728, 57538, 1, 4096
36729, 44682, 1, 4096
36729, 33075, 1, 4096
36729, 40873, 1, 4096
36729, 41174, 1, 4096
36729, 30528, 1, 4096
36729, 67687, 1, 4096
36834, 105725230, 1, 4096
36862, 27142048, 1, 4096
37099, 237022666, 1, 4096
37280, 181370366, 1, 4096
37564, 284026364, 1, 4096
37744, 180332363, 1, 4096
37792, 47702711, 1, 4096
37827, 35362890, 1, 4096
38007, 179113972, 1, 4096
38137, 129970891, 1, 4096
38318, 181330906, 1, 4096
38362, 43733151, 1, 4096
38362, 55342, 1, 4096
38399, 37214925, 1, 4096
38571, 172583131, 1, 4096
38602, 30778069, 1, 4096
38644, 41970083, 1, 4096
38668, 23503703, 1, 4096
38992, 324410567, 1, 4096
39291, 299333802, 1, 4096
39316, 24548996, 1, 4096
39592, 276026890, 1, 4096
39801, 209267911, 1, 4096
40567, 766088353, 1, 4096
40615, 47350914, 1, 4096
40642, 27474260, 1, 4096
40662, 19945709, 1, 4096
40702, 40250715, 1, 4096
40723, 20866250, 1, 4096
40753, 29962337, 1, 4096
40792, 38925152, 1, 4096
41069, 276297685, 1, 4096
41335, 266794073, 1, 4096
41372, 36415883, 1, 4096
41403, 31665971, 1, 4096
41432, 28646814, 1, 4096
41530, 97618940, 1, 4096
41564, 34408300, 1, 4096
41587, 22777057, 1, 4096
41610, 22646274, 1, 4096
41638, 27958090, 1, 4096
41664, 26862031, 1, 4096
41700, 35502642, 1, 4096
41733, 33263005, 1, 4096
41851, 118069510, 1, 4096
41987, 135449959, 1, 4096
42043, 55962126, 1, 4096
42071, 28494197, 1, 4096
42107, 35621972, 1, 4096
42129, 22595279, 1, 4096
42163, 33425834, 1, 4096
42221, 58470014, 1, 4096
42245, 23497634, 1, 4096
42245, 50282, 1, 4096
42303, 58318792, 1, 4096
42355, 52246907, 1, 4096
42377, 21334255, 1, 4096
42409, 31979583, 1, 4096
42438, 29397690, 1, 4096
42483, 44486442, 1, 4096
42914, 430998022, 1, 4096
42941, 27182810, 1, 4096
43027, 86561039, 1, 4096
43205, 177787261, 1, 4096
43205, 52928, 1, 4096
43924, 718679501, 1, 4096
43971, 47465295, 1, 4096
44150, 178800877, 1, 4096
44256, 105662663, 1, 4096
44256, 75911, 1, 4096
44256, 48752, 1, 4096
44366, 109859466, 1, 4096
44785, 418634809, 1, 4096
44893, 108475264, 1, 4096
45021, 127673332, 1, 4096
45062, 40962510, 1, 4096
45223, 161841101, 1, 4096
45239, 15165126, 1, 4096
45530, 291559158, 1, 4096
45568, 37679478, 1, 4096
45612, 44444750, 1, 4096
45776, 163198807, 1, 4096
45776, 61697, 1, 4096
45776, 52551, 1, 4096
45776, 35768, 1, 4096
45776, 61615, 1, 4096
45776, 63426, 1, 4096
45776, 56039, 1, 4096
45776, 64391, 1, 4096
45776, 68945, 1, 4096
45776, 118529, 1, 4096
45776, 75642, 1, 4096
45776, 75396, 1, 4096
45776, 62827, 1, 4096
45776, 57160, 1, 4096
45777, 62854, 1, 4096
45777, 59383, 1, 4096
45777, 56272, 1, 4096
45777, 35978, 1, 4096
45777, 30179, 1, 4096
45777, 29025, 1, 4096
45777, 153008, 1, 4096
45777, 63034, 1, 4096
45777, 64329, 1, 4096
45777, 33438, 1, 4096
45777, 29539, 1, 4096
45777, 30775, 1, 4096
45777, 31707, 1, 4096
45777, 29770, 1, 4096
45777, 29863, 1, 4096
45777, 30166, 1, 4096
45777, 30978, 1, 4096
45777, 50082, 1, 4096
45777, 47158, 1, 4096
45777, 49995, 1, 4096
45778, 50460, 1, 4096
45778, 51430, 1, 4096
45778, 50560, 1, 4096
45778, 50984, 1, 4096
45778, 48684, 1, 4096
45778, 49854, 1, 4096
45778, 54957, 1, 4096
45778, 47432, 1, 4096
45778, 50193, 1, 4096
45778, 51036, 1, 4096
45778, 51037, 1, 4096
45778, 46219, 1, 4096
45778, 48917, 1, 4096
45778, 49163, 1, 4096
45778, 40563, 1, 4096
45778, 47834, 1, 4096
45778, 47301, 1, 4096
45778, 46766, 1, 4096
45778, 48631, 1, 4096
45778, 47804, 1, 4096
45779, 45758, 1, 4096
45779, 45057, 1, 4096
45779, 47019, 1, 4096
45779, 46465, 1, 4096
45779, 45679, 1, 4096
45779, 45128, 1, 4096
45779, 44746, 1, 4096
45779, 42826, 1, 4096
45779, 39274, 1, 4096
45779, 37146, 1, 4096
45779, 38028, 1, 4096
45779, 37490, 1, 4096
45779, 38285, 1, 4096
45779, 37982, 1, 4096
45779, 39330, 1, 4096
45779, 40983, 1, 4096
45779, 40124, 1, 4096
45779, 40782, 1, 4096
45779, 40037, 1, 4096
45779, 41813, 1, 4096
45779, 37388, 1, 4096
45779, 49203, 1, 4096
45779, 42151, 1, 4096
45780, 46746, 1, 4096
45780, 51075, 1, 4096
45780, 49196, 1, 4096
45780, 48540, 1, 4096
45780, 51449, 1, 4096
45780, 50073, 1, 4096
45780, 42553, 1, 4096
45780, 42285, 1, 4096
45780, 49817, 1, 4096
45780, 48147, 1, 4096
45780, 49238, 1, 4096
45780, 51406, 1, 4096
45780, 49198, 1, 4096
45780, 50988, 1, 4096
45780, 51082, 1, 4096
45780, 51710, 1, 4096
45780, 51188, 1, 4096
45780, 51876, 1, 4096
45780, 51003, 1, 4096
45781, 50624, 1, 4096
45781, 51444, 1, 4096
45781, 51362, 1, 4096
45781, 51344, 1, 4096
45781, 44737, 1, 4096
45781, 58512, 1, 4096
45781, 55997, 1, 4096
45836, 55533381, 1, 4096
45865, 28780403, 1, 4096
45954, 88554155, 1, 4096
46011, 57573869, 1, 4096
46130, 118702152, 1, 4096
46178, 47896568, 1, 4096
46430, 251680934, 1, 4096
46617, 187415271, 1, 4096
46812, 194956979, 1, 4096
47024, 212503410, 1, 4096
47108, 83551834, 1, 4096
47109, 555227, 1, 4096
47709, 600886685, 1, 4096
47974, 264763748, 1, 4096
48459, 484929194, 1, 4096
48484, 24460568, 1, 4096
48583, 99831555, 1, 4096
48876, 292527763, 1, 4096
48919, 43268905, 1, 4096
48970, 50930789, 1, 4096
48989, 19007548, 1, 4096
49009, 20051631, 1, 4096
49044, 34878852, 1, 4096
49096, 51968637, 1, 4096
49135, 39134573, 1, 4096
49321, 185408952, 1, 4096
49321, 39382, 1, 4096
49343, 22429260, 1, 4096
49369, 25711244, 1, 4096
49456, 86987970, 1, 4096
49822, 365770167, 1, 4096
49847, 25733162, 1, 4096
49880, 32290949, 1, 4096
50066, 186677980, 1, 4096
50163, 96829119, 1, 4096
50201, 37534844, 1, 4096
50399, 198514431, 1, 4096
50422, 23103532, 1, 4096
50449, 26805497, 1, 4096
50485, 35574568, 1, 4096
50511, 25993080, 1, 4096
50633, 122482608, 1, 4096
50821, 187240634, 1, 4096
51016, 195773778, 1, 4096
51016, 103212, 1, 4096
51017, 29554, 1, 4096
51017, 69013, 1, 4096
51017, 46541, 1, 4096
51737, 720426794, 1, 4096
51787, 50398824, 1, 4096
51788, 46451, 1, 4096
51831, 43587835, 1, 4096
51871, 39727069, 1, 4096
51893, 21727035, 1, 4096
52147, 254196729, 1, 4096
52180, 33273675, 1, 4096
52206, 25794050, 1, 4096
52255, 48706291, 1, 4096
52468, 213011689, 1, 4096
52529, 61093437, 1, 4096
52616, 87700258, 1, 4096
52663, 46845048, 1, 4096
52706, 42583949, 1, 4096
52920, 214249955, 1, 4096
52945, 24644037, 1, 4096
53043, 98066758, 1, 4096
53280, 237076448, 1, 4096
53280, 611675, 1, 4096
53281, 40254, 1, 4096
53838, 557871462, 1, 4096
53865, 26374383, 1, 4096
53910, 45375640, 1, 4096
54005, 95092216, 1, 4096
54005, 34461, 1, 4096
54132, 126842179, 1, 4096
54155, 22714357, 1, 4096
54383, 227868467, 1, 4096
54383, 47000, 1, 4096
54383, 42024, 1, 4096
54383, 40641, 1, 4096
54383, 28008, 1, 4096
54383, 47767, 1, 4096
54383, 27792, 1, 4096
54383, 47263, 1, 4096
54383, 26558, 1, 4096
54383, 41936, 1, 4096
54437, 54065801, 1, 4096
54458, 20573593, 1, 4096
54640, 182294010, 1, 4096
54826, 186305171, 1, 4096
55087, 260853756, 1, 4096
55122, 34345738, 1, 4096
55233, 111235176, 1, 4096
55233, 49407, 1, 4096
55233, 45828, 1, 4096
55233, 45264, 1, 4096
55233, 43998, 1, 4096
55233, 44080, 1, 4096
55233, 44601, 1, 4096
55233, 43915, 1, 4096
55233, 39022, 1, 4096
55233, 46733, 1, 4096
55233, 45107, 1, 4096
55233, 44590, 1, 4096
55233, 45156, 1, 4096
55233, 44279, 1, 4096
55233, 59572, 1, 4096
55234, 44700, 1, 4096
55234, 39742, 1, 4096
55234, 47448, 1, 4096
55234, 115431, 1, 4096
55234, 91213, 1, 4096
55234, 80558, 1, 4096
55234, 83863, 1, 4096
55234, 149675, 1, 4096
55234, 62396, 1, 4096
55234, 42717, 1, 4096
55234, 47021, 1, 4096
55234, 47515, 1, 4096
55234, 45420, 1, 4096
55234, 46104, 1, 4096
55235, 92153, 1, 4096
55235, 46122, 1, 4096
55235, 47043, 1, 4096
55235, 42726, 1, 4096
55235, 47908, 1, 4096
55235, 46732, 1, 4096
55235, 46025, 1, 4096
55235, 45482, 1, 4096
55235, 45632, 1, 4096
55235, 59917, 1, 4096
55235, 49015, 1, 4096
55235, 43243, 1, 4096
55235, 68810, 1, 4096
55235, 66467, 1, 4096
55235, 70038, 1, 4096
55235, 70330, 1, 4096
55235, 67434, 1, 4096
55236, 72883, 1, 4096
55236, 69979, 1, 4096
55236, 47414, 1, 4096
55236, 66574, 1, 4096
55236, 71190, 1, 4096
55236, 70335, 1, 4096
55236, 66953, 1, 4096
55236, 65449, 1, 4096
55236, 64278, 1, 4096
55236, 62131, 1, 4096
55236, 58227, 1, 4096
55236, 60514, 1, 4096
55236, 59736, 1, 4096
55236, 59700, 1, 4096
55236, 60330, 1, 4096
55236, 60119, 1, 4096
55237, 60500, 1, 4096
55237, 61231, 1, 4096
55237, 44566, 1, 4096
55237, 59316, 1, 4096
55237, 59447, 1, 4096
55237, 54519, 1, 4096
55237, 57322, 1, 4096
55237, 55954, 1, 4096
55237, 54333, 1, 4096
55237, 55750, 1, 4096
55237, 48920, 1, 4096
55237, 56618, 1, 4096
55237, 58890, 1, 4096
55237, 55326, 1, 4096
55237, 50948, 1, 4096
55237, 42736, 1, 4096
55238, 180886, 1, 4096
55238, 30012, 1, 4096
55238, 33671, 1, 4096
55238, 32136, 1, 4096
55238, 50347, 1, 4096
55238, 46487, 1, 4096
55238, 50356, 1, 4096
55238, 66894, 1, 4096
55238, 51734, 1, 4096
55238, 50613, 1, 4096
55238, 42210, 1, 4096
55238, 51187, 1, 4096
55238, 47262, 1, 4096
55238, 37476, 1, 4096
55238, 47862, 1, 4096
55238, 48249, 1, 4096
55238, 45827, 1, 4096
55238, 51578, 1, 4096
55238, 42956, 1, 4096
55239, 50430, 1, 4096
55239, 50595, 1, 4096
55239, 49333, 1, 4096
55239, 50589, 1, 4096
55239, 49694, 1, 4096
55239, 51145, 1, 4096
55239, 50281, 1, 4096
55239, 42701, 1, 4096
55239, 50512, 1, 4096
55239, 58899, 1, 4096
55239, 51136, 1, 4096
55239, 43296, 1, 4096
55239, 37615, 1, 4096
55239, 35826, 1, 4096
55313, 73975882, 1, 4096
55556, 243284890, 1, 4096
55763, 206064724, 1, 4096
55789, 26738140, 1, 4096
55809, 19461988, 1, 4096
55934, 125106483, 1, 4096
55974, 39903301, 1, 4096
56014, 40701489, 1, 4096
56116, 101934197, 1, 4096
56244, 127182489, 1, 4096
56276, 32845235, 1, 4096
56507, 230677937, 1, 4096
56507, 48431, 1, 4096
56539, 31660480, 1, 4096
56715, 175986219, 1, 4096
56891, 176502910, 1, 4096
56891, 45961, 1, 4096
56891, 46260, 1, 4096
56891, 43267, 1, 4096
56892, 80240, 1, 4096
56892, 34397, 1, 4096
56999, 107205926, 1, 4096
57181, 182394522, 1, 4096
57207, 25585518, 1, 4096
57480, 272816312, 1, 4096
57784, 304705043, 1, 4096
58021, 236787084, 1, 4096
58061, 40357441, 1, 4096
58368, 306176317, 1, 4096
58659, 291027002, 1, 4096
58865, 205979805, 1, 4096
58865, 79435, 1, 4096
59075, 210123449, 1, 4096
59116, 41146240, 1, 4096
59243, 126634080, 1, 4096
59279, 36000786, 1, 4096
59561, 282122958, 1, 4096
59583, 22387725, 1, 4096
59623, 39430751, 1, 4096
59648, 25296581, 1, 4096
59820, 172569267, 1, 4096
60008, 187744400, 1, 4096
